[0.496s] Invoking command in '/home/aalbeerto-02/tfg_girs_ws/build/tfg_package': DEBUGINFOD_URLS=https://debuginfod.ubuntu.com PYTHONPATH=/home/aalbeerto-02/tfg_girs_ws/build/tfg_package/prefix_override:/usr/lib/python3/dist-packages/colcon_core/task/python/colcon_distutils_commands:/home/aalbeerto-02/tfg_girs_ws/install/tfg_package/lib/python3.12/site-packages:${PYTHONPATH} /usr/bin/python3 -W ignore:setup.py install is deprecated -W ignore:easy_install command is deprecated setup.py develop --editable --build-directory /home/aalbeerto-02/tfg_girs_ws/build/tfg_package/build --no-deps symlink_data
[0.651s] running develop
[0.740s] running egg_info
[0.740s] creating tfg_package.egg-info
[0.749s] writing tfg_package.egg-info/PKG-INFO
[0.749s] writing dependency_links to tfg_package.egg-info/dependency_links.txt
[0.749s] writing entry points to tfg_package.egg-info/entry_points.txt
[0.749s] writing requirements to tfg_package.egg-info/requires.txt
[0.749s] writing top-level names to tfg_package.egg-info/top_level.txt
[0.750s] writing manifest file 'tfg_package.egg-info/SOURCES.txt'
[0.767s] reading manifest file 'tfg_package.egg-info/SOURCES.txt'
[0.767s] writing manifest file 'tfg_package.egg-info/SOURCES.txt'
[0.778s] running build_ext
[0.778s] Creating /home/aalbeerto-02/tfg_girs_ws/install/tfg_package/lib/python3.12/site-packages/tfg-package.egg-link (link to .)
[0.778s] Installing version0_node script to /home/aalbeerto-02/tfg_girs_ws/install/tfg_package/lib/tfg_package
[0.778s] Installing version0_publisher script to /home/aalbeerto-02/tfg_girs_ws/install/tfg_package/lib/tfg_package
[0.778s] Installing version0_subscriber script to /home/aalbeerto-02/tfg_girs_ws/install/tfg_package/lib/tfg_package
[0.779s] Installing version1_node script to /home/aalbeerto-02/tfg_girs_ws/install/tfg_package/lib/tfg_package
[0.779s] Installing version1_subscriber script to /home/aalbeerto-02/tfg_girs_ws/install/tfg_package/lib/tfg_package
[0.779s] Installing version2_node script to /home/aalbeerto-02/tfg_girs_ws/install/tfg_package/lib/tfg_package
[0.779s] Installing version2_subscriber script to /home/aalbeerto-02/tfg_girs_ws/install/tfg_package/lib/tfg_package
[0.779s] Installing version3_node script to /home/aalbeerto-02/tfg_girs_ws/install/tfg_package/lib/tfg_package
[0.779s] Installing version3_subscriber script to /home/aalbeerto-02/tfg_girs_ws/install/tfg_package/lib/tfg_package
[0.779s] 
[0.779s] Installed /home/aalbeerto-02/tfg_girs_ws/build/tfg_package
[0.779s] running symlink_data
[0.779s] creating /home/aalbeerto-02/tfg_girs_ws/install/tfg_package/share/ament_index
[0.779s] creating /home/aalbeerto-02/tfg_girs_ws/install/tfg_package/share/ament_index/resource_index
[0.779s] creating /home/aalbeerto-02/tfg_girs_ws/install/tfg_package/share/ament_index/resource_index/packages
[0.779s] symbolically linking /home/aalbeerto-02/tfg_girs_ws/build/tfg_package/resource/tfg_package -> /home/aalbeerto-02/tfg_girs_ws/install/tfg_package/share/ament_index/resource_index/packages
[0.779s] symbolically linking /home/aalbeerto-02/tfg_girs_ws/build/tfg_package/package.xml -> /home/aalbeerto-02/tfg_girs_ws/install/tfg_package/share/tfg_package
[0.800s] Invoked command in '/home/aalbeerto-02/tfg_girs_ws/build/tfg_package' returned '0': DEBUGINFOD_URLS=https://debuginfod.ubuntu.com PYTHONPATH=/home/aalbeerto-02/tfg_girs_ws/build/tfg_package/prefix_override:/usr/lib/python3/dist-packages/colcon_core/task/python/colcon_distutils_commands:/home/aalbeerto-02/tfg_girs_ws/install/tfg_package/lib/python3.12/site-packages:${PYTHONPATH} /usr/bin/python3 -W ignore:setup.py install is deprecated -W ignore:easy_install command is deprecated setup.py develop --editable --build-directory /home/aalbeerto-02/tfg_girs_ws/build/tfg_package/build --no-deps symlink_data
