running develop
running egg_info
creating nodes_package.egg-info
writing nodes_package.egg-info/PKG-INFO
writing dependency_links to nodes_package.egg-info/dependency_links.txt
writing entry points to nodes_package.egg-info/entry_points.txt
writing requirements to nodes_package.egg-info/requires.txt
writing top-level names to nodes_package.egg-info/top_level.txt
writing manifest file 'nodes_package.egg-info/SOURCES.txt'
reading manifest file 'nodes_package.egg-info/SOURCES.txt'
writing manifest file 'nodes_package.egg-info/SOURCES.txt'
running build_ext
Creating /home/aalbeerto-02/tfg_girs_ws/install/nodes_package/lib/python3.12/site-packages/nodes-package.egg-link (link to .)
Installing version0_node script to /home/aalbeerto-02/tfg_girs_ws/install/nodes_package/lib/nodes_package
Installing version0_publisher script to /home/aalbeerto-02/tfg_girs_ws/install/nodes_package/lib/nodes_package
Installing version0_subscriber script to /home/aalbeerto-02/tfg_girs_ws/install/nodes_package/lib/nodes_package
Installing version1_node script to /home/aalbeerto-02/tfg_girs_ws/install/nodes_package/lib/nodes_package
Installing version1_subscriber script to /home/aalbeerto-02/tfg_girs_ws/install/nodes_package/lib/nodes_package
Installing version2_node script to /home/aalbeerto-02/tfg_girs_ws/install/nodes_package/lib/nodes_package
Installing version2_subscriber script to /home/aalbeerto-02/tfg_girs_ws/install/nodes_package/lib/nodes_package
Installing version3_node script to /home/aalbeerto-02/tfg_girs_ws/install/nodes_package/lib/nodes_package
Installing version3_subscriber script to /home/aalbeerto-02/tfg_girs_ws/install/nodes_package/lib/nodes_package

Installed /home/aalbeerto-02/tfg_girs_ws/build/nodes_package
running symlink_data
creating /home/aalbeerto-02/tfg_girs_ws/install/nodes_package/share/ament_index
creating /home/aalbeerto-02/tfg_girs_ws/install/nodes_package/share/ament_index/resource_index
creating /home/aalbeerto-02/tfg_girs_ws/install/nodes_package/share/ament_index/resource_index/packages
symbolically linking /home/aalbeerto-02/tfg_girs_ws/build/nodes_package/resource/nodes_package -> /home/aalbeerto-02/tfg_girs_ws/install/nodes_package/share/ament_index/resource_index/packages
symbolically linking /home/aalbeerto-02/tfg_girs_ws/build/nodes_package/package.xml -> /home/aalbeerto-02/tfg_girs_ws/install/nodes_package/share/nodes_package
