[0.485s] Invoking command in '/home/aalbeerto-02/tfg_girs_ws/build/nodes_package': DEBUGINFOD_URLS=https://debuginfod.ubuntu.com PYTHONPATH=/home/aalbeerto-02/tfg_girs_ws/build/nodes_package/prefix_override:/usr/lib/python3/dist-packages/colcon_core/task/python/colcon_distutils_commands:/home/aalbeerto-02/tfg_girs_ws/install/nodes_package/lib/python3.12/site-packages:${PYTHONPATH} /usr/bin/python3 -W ignore:setup.py install is deprecated -W ignore:easy_install command is deprecated setup.py develop --editable --build-directory /home/aalbeerto-02/tfg_girs_ws/build/nodes_package/build --no-deps symlink_data
[0.636s] running develop
[0.724s] running egg_info
[0.724s] creating nodes_package.egg-info
[0.733s] writing nodes_package.egg-info/PKG-INFO
[0.733s] writing dependency_links to nodes_package.egg-info/dependency_links.txt
[0.733s] writing entry points to nodes_package.egg-info/entry_points.txt
[0.734s] writing requirements to nodes_package.egg-info/requires.txt
[0.734s] writing top-level names to nodes_package.egg-info/top_level.txt
[0.734s] writing manifest file 'nodes_package.egg-info/SOURCES.txt'
[0.751s] reading manifest file 'nodes_package.egg-info/SOURCES.txt'
[0.751s] writing manifest file 'nodes_package.egg-info/SOURCES.txt'
[0.760s] running build_ext
[0.760s] Creating /home/aalbeerto-02/tfg_girs_ws/install/nodes_package/lib/python3.12/site-packages/nodes-package.egg-link (link to .)
[0.761s] Installing version0_node script to /home/aalbeerto-02/tfg_girs_ws/install/nodes_package/lib/nodes_package
[0.761s] Installing version0_publisher script to /home/aalbeerto-02/tfg_girs_ws/install/nodes_package/lib/nodes_package
[0.761s] Installing version0_subscriber script to /home/aalbeerto-02/tfg_girs_ws/install/nodes_package/lib/nodes_package
[0.761s] Installing version1_node script to /home/aalbeerto-02/tfg_girs_ws/install/nodes_package/lib/nodes_package
[0.761s] Installing version1_subscriber script to /home/aalbeerto-02/tfg_girs_ws/install/nodes_package/lib/nodes_package
[0.761s] Installing version2_node script to /home/aalbeerto-02/tfg_girs_ws/install/nodes_package/lib/nodes_package
[0.761s] Installing version2_subscriber script to /home/aalbeerto-02/tfg_girs_ws/install/nodes_package/lib/nodes_package
[0.761s] Installing version3_node script to /home/aalbeerto-02/tfg_girs_ws/install/nodes_package/lib/nodes_package
[0.762s] Installing version3_subscriber script to /home/aalbeerto-02/tfg_girs_ws/install/nodes_package/lib/nodes_package
[0.762s] 
[0.762s] Installed /home/aalbeerto-02/tfg_girs_ws/build/nodes_package
[0.762s] running symlink_data
[0.762s] creating /home/aalbeerto-02/tfg_girs_ws/install/nodes_package/share/ament_index
[0.762s] creating /home/aalbeerto-02/tfg_girs_ws/install/nodes_package/share/ament_index/resource_index
[0.762s] creating /home/aalbeerto-02/tfg_girs_ws/install/nodes_package/share/ament_index/resource_index/packages
[0.762s] symbolically linking /home/aalbeerto-02/tfg_girs_ws/build/nodes_package/resource/nodes_package -> /home/aalbeerto-02/tfg_girs_ws/install/nodes_package/share/ament_index/resource_index/packages
[0.762s] symbolically linking /home/aalbeerto-02/tfg_girs_ws/build/nodes_package/package.xml -> /home/aalbeerto-02/tfg_girs_ws/install/nodes_package/share/nodes_package
[0.778s] Invoked command in '/home/aalbeerto-02/tfg_girs_ws/build/nodes_package' returned '0': DEBUGINFOD_URLS=https://debuginfod.ubuntu.com PYTHONPATH=/home/aalbeerto-02/tfg_girs_ws/build/nodes_package/prefix_override:/usr/lib/python3/dist-packages/colcon_core/task/python/colcon_distutils_commands:/home/aalbeerto-02/tfg_girs_ws/install/nodes_package/lib/python3.12/site-packages:${PYTHONPATH} /usr/bin/python3 -W ignore:setup.py install is deprecated -W ignore:easy_install command is deprecated setup.py develop --editable --build-directory /home/aalbeerto-02/tfg_girs_ws/build/nodes_package/build --no-deps symlink_data
