[0.008s] Invoking command in '/home/aalbeerto-02/tfg_girs_ws/build/tfg_interfaces': CMAKE_PREFIX_PATH=${CMAKE_PREFIX_PATH}:/home/aalbeerto-02/tfg_ws/install/tfg_package:/home/aalbeerto-02/tfg_ws/install/tfg_actions:/home/aalbeerto-02/tfg_ws/install/my_robot:/opt/ros/rolling DEBUGINFOD_URLS=https://debuginfod.ubuntu.com /usr/bin/cmake /home/aalbeerto-02/tfg_girs_ws/src/tfg_interfaces -DAMENT_CMAKE_SYMLINK_INSTALL=1 -DCMAKE_INSTALL_PREFIX=/home/aalbeerto-02/tfg_girs_ws/install/tfg_interfaces
[0.120s] -- The C compiler identification is GNU 13.3.0
[0.209s] -- The CXX compiler identification is GNU 13.3.0
[0.224s] -- Detecting C compiler ABI info
[0.286s] -- Detecting C compiler ABI info - done
[0.291s] -- Check for working C compiler: /usr/bin/cc - skipped
[0.292s] -- Detecting C compile features
[0.292s] -- Detecting C compile features - done
[0.299s] -- Detecting CXX compiler ABI info
[0.364s] -- Detecting CXX compiler ABI info - done
[0.369s] -- Check for working CXX compiler: /usr/bin/c++ - skipped
[0.369s] -- Detecting CXX compile features
[0.369s] -- Detecting CXX compile features - done
[0.371s] -- Found ament_cmake: 2.7.2 (/opt/ros/rolling/share/ament_cmake/cmake)
[0.473s] -- Found Python3: /usr/bin/python3 (found version "3.12.3") found components: Interpreter 
[0.516s] -- Override CMake install command with custom implementation using symlinks instead of copying resources
[0.552s] -- Found rosidl_default_generators: 1.7.1 (/opt/ros/rolling/share/rosidl_default_generators/cmake)
[0.557s] -- Using all available rosidl_typesupport_c: rosidl_typesupport_fastrtps_c;rosidl_typesupport_introspection_c
[0.598s] -- Using all available rosidl_typesupport_cpp: rosidl_typesupport_fastrtps_cpp;rosidl_typesupport_introspection_cpp
[0.632s] -- Found rosidl_adapter: 4.9.3 (/opt/ros/rolling/share/rosidl_adapter/cmake)
[1.019s] -- Found ament_cmake_ros_core: 0.14.1 (/opt/ros/rolling/share/ament_cmake_ros_core/cmake)
[1.273s] -- Using all available rosidl_typesupport_c: rosidl_typesupport_fastrtps_c;rosidl_typesupport_introspection_c
[1.605s] -- Using all available rosidl_typesupport_cpp: rosidl_typesupport_fastrtps_cpp;rosidl_typesupport_introspection_cpp
[1.850s] -- Found Python3: /usr/bin/python3 (found version "3.12.3") found components: Interpreter Development NumPy Development.Module Development.Embed 
[1.880s] -- Configuring done (1.9s)
[1.896s] -- Generating done (0.0s)
[1.902s] -- Build files have been written to: /home/aalbeerto-02/tfg_girs_ws/build/tfg_interfaces
[1.907s] Invoked command in '/home/aalbeerto-02/tfg_girs_ws/build/tfg_interfaces' returned '0': CMAKE_PREFIX_PATH=${CMAKE_PREFIX_PATH}:/home/aalbeerto-02/tfg_ws/install/tfg_package:/home/aalbeerto-02/tfg_ws/install/tfg_actions:/home/aalbeerto-02/tfg_ws/install/my_robot:/opt/ros/rolling DEBUGINFOD_URLS=https://debuginfod.ubuntu.com /usr/bin/cmake /home/aalbeerto-02/tfg_girs_ws/src/tfg_interfaces -DAMENT_CMAKE_SYMLINK_INSTALL=1 -DCMAKE_INSTALL_PREFIX=/home/aalbeerto-02/tfg_girs_ws/install/tfg_interfaces
[1.908s] Invoking command in '/home/aalbeerto-02/tfg_girs_ws/build/tfg_interfaces': CMAKE_PREFIX_PATH=${CMAKE_PREFIX_PATH}:/home/aalbeerto-02/tfg_ws/install/tfg_package:/home/aalbeerto-02/tfg_ws/install/tfg_actions:/home/aalbeerto-02/tfg_ws/install/my_robot:/opt/ros/rolling DEBUGINFOD_URLS=https://debuginfod.ubuntu.com /usr/bin/cmake --build /home/aalbeerto-02/tfg_girs_ws/build/tfg_interfaces -- -j28 -l28
[1.940s] [  2%] [34m[1mGenerating type hashes for ROS interfaces[0m
[1.944s] [  2%] Built target ament_cmake_python_symlink_tfg_interfaces
[2.051s] running egg_info
[2.052s] creating tfg_interfaces.egg-info
[2.052s] [  2%] Built target tfg_interfaces__rosidl_generator_type_description
[2.060s] [  5%] [34m[1mGenerating C code for ROS interfaces[0m
[2.060s] writing tfg_interfaces.egg-info/PKG-INFO
[2.060s] writing dependency_links to tfg_interfaces.egg-info/dependency_links.txt
[2.061s] writing top-level names to tfg_interfaces.egg-info/top_level.txt
[2.061s] writing manifest file 'tfg_interfaces.egg-info/SOURCES.txt'
[2.066s] [  8%] [34m[1mGenerating C++ code for ROS interfaces[0m
[2.087s] reading manifest file 'tfg_interfaces.egg-info/SOURCES.txt'
[2.087s] writing manifest file 'tfg_interfaces.egg-info/SOURCES.txt'
[2.104s] [  8%] Built target ament_cmake_python_build_tfg_interfaces_egg
[2.266s] [  8%] Built target tfg_interfaces__cpp
[2.276s] [ 11%] [32mBuilding C object CMakeFiles/tfg_interfaces__rosidl_generator_c.dir/rosidl_generator_c/tfg_interfaces/action/detail/count_until__functions.c.o[0m
[2.277s] [ 14%] [32mBuilding C object CMakeFiles/tfg_interfaces__rosidl_generator_c.dir/rosidl_generator_c/tfg_interfaces/action/detail/count_until__type_support.c.o[0m
[2.278s] [ 17%] [32mBuilding C object CMakeFiles/tfg_interfaces__rosidl_generator_c.dir/rosidl_generator_c/tfg_interfaces/action/detail/count_until__description.c.o[0m
[2.370s] [ 20%] [32m[1mLinking C shared library libtfg_interfaces__rosidl_generator_c.so[0m
[2.396s] [ 20%] Built target tfg_interfaces__rosidl_generator_c
[2.402s] [ 23%] [34m[1mGenerating C++ type support dispatch for ROS interfaces[0m
[2.403s] [ 26%] [34m[1mGenerating C introspection for ROS interfaces[0m
[2.403s] [ 29%] [34m[1mGenerating C++ type support for eProsima Fast-RTPS[0m
[2.403s] [ 32%] [34m[1mGenerating C type support for eProsima Fast-RTPS[0m
[2.403s] [ 38%] [34m[1mGenerating C++ introspection for ROS interfaces[0m
[2.403s] [ 38%] [34m[1mGenerating C type support dispatch for ROS interfaces[0m
[2.553s] [ 41%] [32mBuilding CXX object CMakeFiles/tfg_interfaces__rosidl_typesupport_cpp.dir/rosidl_typesupport_cpp/tfg_interfaces/action/count_until__type_support.cpp.o[0m
[2.556s] [ 44%] [32mBuilding CXX object CMakeFiles/tfg_interfaces__rosidl_typesupport_c.dir/rosidl_typesupport_c/tfg_interfaces/action/count_until__type_support.cpp.o[0m
[2.581s] [ 47%] [32mBuilding CXX object CMakeFiles/tfg_interfaces__rosidl_typesupport_introspection_cpp.dir/rosidl_typesupport_introspection_cpp/tfg_interfaces/action/detail/count_until__type_support.cpp.o[0m
[2.585s] [ 50%] [32mBuilding C object CMakeFiles/tfg_interfaces__rosidl_typesupport_introspection_c.dir/rosidl_typesupport_introspection_c/tfg_interfaces/action/detail/count_until__type_support.c.o[0m
[2.594s] [ 52%] [32m[1mLinking CXX shared library libtfg_interfaces__rosidl_typesupport_c.so[0m
[2.620s] [ 52%] Built target tfg_interfaces__rosidl_typesupport_c
[2.630s] [ 55%] [32m[1mLinking C shared library libtfg_interfaces__rosidl_typesupport_introspection_c.so[0m
[2.631s] [ 58%] [32mBuilding CXX object CMakeFiles/tfg_interfaces__rosidl_typesupport_fastrtps_cpp.dir/rosidl_typesupport_fastrtps_cpp/tfg_interfaces/action/detail/dds_fastrtps/count_until__type_support.cpp.o[0m
[2.653s] [ 61%] [32mBuilding CXX object CMakeFiles/tfg_interfaces__rosidl_typesupport_fastrtps_c.dir/rosidl_typesupport_fastrtps_c/tfg_interfaces/action/detail/count_until__type_support_c.cpp.o[0m
[2.654s] [ 61%] Built target tfg_interfaces__rosidl_typesupport_introspection_c
[2.901s] [ 64%] [32m[1mLinking CXX shared library libtfg_interfaces__rosidl_typesupport_cpp.so[0m
[2.915s] [ 67%] [32m[1mLinking CXX shared library libtfg_interfaces__rosidl_typesupport_fastrtps_c.so[0m
[2.925s] [ 70%] [32m[1mLinking CXX shared library libtfg_interfaces__rosidl_typesupport_introspection_cpp.so[0m
[2.943s] [ 70%] Built target tfg_interfaces__rosidl_typesupport_fastrtps_c
[2.943s] [ 70%] Built target tfg_interfaces__rosidl_typesupport_cpp
[2.967s] [ 70%] Built target tfg_interfaces__rosidl_typesupport_introspection_cpp
[3.080s] [ 73%] [32m[1mLinking CXX shared library libtfg_interfaces__rosidl_typesupport_fastrtps_cpp.so[0m
[3.125s] [ 73%] Built target tfg_interfaces__rosidl_typesupport_fastrtps_cpp
[3.138s] [ 73%] Built target tfg_interfaces
[3.152s] [ 76%] [34m[1mGenerating Python code for ROS interfaces[0m
[3.445s] [ 76%] Built target tfg_interfaces__py
[3.457s] [ 79%] [32mBuilding C object CMakeFiles/tfg_interfaces__rosidl_generator_py.dir/rosidl_generator_py/tfg_interfaces/action/_count_until_s.c.o[0m
[3.578s] [ 82%] [32m[1mLinking C shared library libtfg_interfaces__rosidl_generator_py.so[0m
[3.603s] [ 82%] Built target tfg_interfaces__rosidl_generator_py
[3.617s] [ 85%] [32mBuilding C object CMakeFiles/tfg_interfaces_s__rosidl_typesupport_c.dir/rosidl_generator_py/tfg_interfaces/_tfg_interfaces_s.ep.rosidl_typesupport_c.c.o[0m
[3.618s] [ 88%] [32mBuilding C object CMakeFiles/tfg_interfaces_s__rosidl_typesupport_introspection_c.dir/rosidl_generator_py/tfg_interfaces/_tfg_interfaces_s.ep.rosidl_typesupport_introspection_c.c.o[0m
[3.618s] [ 91%] [32mBuilding C object CMakeFiles/tfg_interfaces_s__rosidl_typesupport_fastrtps_c.dir/rosidl_generator_py/tfg_interfaces/_tfg_interfaces_s.ep.rosidl_typesupport_fastrtps_c.c.o[0m
[3.681s] [ 94%] [32m[1mLinking C shared module rosidl_generator_py/tfg_interfaces/tfg_interfaces_s__rosidl_typesupport_introspection_c.so[0m
[3.681s] [ 97%] [32m[1mLinking C shared module rosidl_generator_py/tfg_interfaces/tfg_interfaces_s__rosidl_typesupport_c.so[0m
[3.684s] [100%] [32m[1mLinking C shared module rosidl_generator_py/tfg_interfaces/tfg_interfaces_s__rosidl_typesupport_fastrtps_c.so[0m
[3.703s] [100%] Built target tfg_interfaces_s__rosidl_typesupport_c
[3.703s] [100%] Built target tfg_interfaces_s__rosidl_typesupport_fastrtps_c
[3.703s] [100%] Built target tfg_interfaces_s__rosidl_typesupport_introspection_c
[3.710s] Invoked command in '/home/aalbeerto-02/tfg_girs_ws/build/tfg_interfaces' returned '0': CMAKE_PREFIX_PATH=${CMAKE_PREFIX_PATH}:/home/aalbeerto-02/tfg_ws/install/tfg_package:/home/aalbeerto-02/tfg_ws/install/tfg_actions:/home/aalbeerto-02/tfg_ws/install/my_robot:/opt/ros/rolling DEBUGINFOD_URLS=https://debuginfod.ubuntu.com /usr/bin/cmake --build /home/aalbeerto-02/tfg_girs_ws/build/tfg_interfaces -- -j28 -l28
[3.717s] Invoking command in '/home/aalbeerto-02/tfg_girs_ws/build/tfg_interfaces': CMAKE_PREFIX_PATH=${CMAKE_PREFIX_PATH}:/home/aalbeerto-02/tfg_ws/install/tfg_package:/home/aalbeerto-02/tfg_ws/install/tfg_actions:/home/aalbeerto-02/tfg_ws/install/my_robot:/opt/ros/rolling DEBUGINFOD_URLS=https://debuginfod.ubuntu.com /usr/bin/cmake --install /home/aalbeerto-02/tfg_girs_ws/build/tfg_interfaces
[3.723s] -- Install configuration: ""
[3.723s] -- Execute custom install script
[3.723s] -- Symlinking: /home/aalbeerto-02/tfg_girs_ws/install/tfg_interfaces/share/ament_index/resource_index/rosidl_interfaces/tfg_interfaces
[3.729s] -- Symlinking: /home/aalbeerto-02/tfg_girs_ws/install/tfg_interfaces/share/tfg_interfaces/action/CountUntil.json
[3.734s] -- Symlinking: /home/aalbeerto-02/tfg_girs_ws/install/tfg_interfaces/include/tfg_interfaces/tfg_interfaces/action/count_until.h
[3.738s] -- Symlinking: /home/aalbeerto-02/tfg_girs_ws/install/tfg_interfaces/include/tfg_interfaces/tfg_interfaces/action/detail/count_until__functions.h
[3.745s] -- Symlinking: /home/aalbeerto-02/tfg_girs_ws/install/tfg_interfaces/include/tfg_interfaces/tfg_interfaces/action/detail/count_until__struct.h
[3.751s] -- Symlinking: /home/aalbeerto-02/tfg_girs_ws/install/tfg_interfaces/include/tfg_interfaces/tfg_interfaces/action/detail/count_until__type_support.h
[3.755s] -- Symlinking: /home/aalbeerto-02/tfg_girs_ws/install/tfg_interfaces/include/tfg_interfaces/tfg_interfaces/msg/rosidl_generator_c__visibility_control.h
[3.760s] -- Symlinking: /home/aalbeerto-02/tfg_girs_ws/install/tfg_interfaces/share/tfg_interfaces/environment/library_path.sh
[3.765s] -- Symlinking: /home/aalbeerto-02/tfg_girs_ws/install/tfg_interfaces/share/tfg_interfaces/environment/library_path.dsv
[3.771s] -- Symlinking: /home/aalbeerto-02/tfg_girs_ws/install/tfg_interfaces/include/tfg_interfaces/tfg_interfaces/action/detail/count_until__rosidl_typesupport_fastrtps_c.h
[3.775s] -- Symlinking: /home/aalbeerto-02/tfg_girs_ws/install/tfg_interfaces/include/tfg_interfaces/tfg_interfaces/msg/rosidl_typesupport_fastrtps_c__visibility_control.h
[3.779s] -- Symlinking: /home/aalbeerto-02/tfg_girs_ws/install/tfg_interfaces/include/tfg_interfaces/tfg_interfaces/action/detail/count_until__rosidl_typesupport_introspection_c.h
[3.785s] -- Symlinking: /home/aalbeerto-02/tfg_girs_ws/install/tfg_interfaces/include/tfg_interfaces/tfg_interfaces/msg/rosidl_typesupport_introspection_c__visibility_control.h
[3.789s] -- Symlinking: /home/aalbeerto-02/tfg_girs_ws/install/tfg_interfaces/include/tfg_interfaces/tfg_interfaces/action/count_until.hpp
[3.794s] -- Symlinking: /home/aalbeerto-02/tfg_girs_ws/install/tfg_interfaces/include/tfg_interfaces/tfg_interfaces/action/detail/count_until__builder.hpp
[3.800s] -- Symlinking: /home/aalbeerto-02/tfg_girs_ws/install/tfg_interfaces/include/tfg_interfaces/tfg_interfaces/action/detail/count_until__struct.hpp
[3.804s] -- Symlinking: /home/aalbeerto-02/tfg_girs_ws/install/tfg_interfaces/include/tfg_interfaces/tfg_interfaces/action/detail/count_until__traits.hpp
[3.808s] -- Symlinking: /home/aalbeerto-02/tfg_girs_ws/install/tfg_interfaces/include/tfg_interfaces/tfg_interfaces/action/detail/count_until__type_support.hpp
[3.813s] -- Symlinking: /home/aalbeerto-02/tfg_girs_ws/install/tfg_interfaces/include/tfg_interfaces/tfg_interfaces/msg/rosidl_generator_cpp__visibility_control.hpp
[3.817s] -- Symlinking: /home/aalbeerto-02/tfg_girs_ws/install/tfg_interfaces/include/tfg_interfaces/tfg_interfaces/action/detail/count_until__rosidl_typesupport_fastrtps_cpp.hpp
[3.823s] -- Symlinking: /home/aalbeerto-02/tfg_girs_ws/install/tfg_interfaces/include/tfg_interfaces/tfg_interfaces/msg/rosidl_typesupport_fastrtps_cpp__visibility_control.h
[3.828s] -- Symlinking: /home/aalbeerto-02/tfg_girs_ws/install/tfg_interfaces/include/tfg_interfaces/tfg_interfaces/action/detail/count_until__rosidl_typesupport_introspection_cpp.hpp
[3.833s] -- Symlinking: /home/aalbeerto-02/tfg_girs_ws/install/tfg_interfaces/share/tfg_interfaces/environment/pythonpath.sh
[3.838s] -- Symlinking: /home/aalbeerto-02/tfg_girs_ws/install/tfg_interfaces/share/tfg_interfaces/environment/pythonpath.dsv
[3.842s] -- Symlinking: /home/aalbeerto-02/tfg_girs_ws/install/tfg_interfaces/lib/python3.12/site-packages/tfg_interfaces-0.0.0-py3.12.egg-info/PKG-INFO
[3.846s] -- Symlinking: /home/aalbeerto-02/tfg_girs_ws/install/tfg_interfaces/lib/python3.12/site-packages/tfg_interfaces-0.0.0-py3.12.egg-info/SOURCES.txt
[3.852s] -- Symlinking: /home/aalbeerto-02/tfg_girs_ws/install/tfg_interfaces/lib/python3.12/site-packages/tfg_interfaces-0.0.0-py3.12.egg-info/dependency_links.txt
[3.858s] -- Symlinking: /home/aalbeerto-02/tfg_girs_ws/install/tfg_interfaces/lib/python3.12/site-packages/tfg_interfaces-0.0.0-py3.12.egg-info/top_level.txt
[3.863s] -- Symlinking: /home/aalbeerto-02/tfg_girs_ws/install/tfg_interfaces/lib/python3.12/site-packages/tfg_interfaces/__init__.py
[3.869s] -- Symlinking: /home/aalbeerto-02/tfg_girs_ws/install/tfg_interfaces/lib/python3.12/site-packages/tfg_interfaces/_tfg_interfaces_s.ep.rosidl_typesupport_c.c
[3.873s] -- Symlinking: /home/aalbeerto-02/tfg_girs_ws/install/tfg_interfaces/lib/python3.12/site-packages/tfg_interfaces/_tfg_interfaces_s.ep.rosidl_typesupport_fastrtps_c.c
[3.879s] -- Symlinking: /home/aalbeerto-02/tfg_girs_ws/install/tfg_interfaces/lib/python3.12/site-packages/tfg_interfaces/_tfg_interfaces_s.ep.rosidl_typesupport_introspection_c.c
[3.883s] -- Symlinking: /home/aalbeerto-02/tfg_girs_ws/install/tfg_interfaces/lib/python3.12/site-packages/tfg_interfaces/action/__init__.py
[3.889s] -- Symlinking: /home/aalbeerto-02/tfg_girs_ws/install/tfg_interfaces/lib/python3.12/site-packages/tfg_interfaces/action/_count_until.py
[3.893s] -- Symlinking: /home/aalbeerto-02/tfg_girs_ws/install/tfg_interfaces/lib/python3.12/site-packages/tfg_interfaces/action/_count_until_s.c
[3.899s] -- Symlinking: /home/aalbeerto-02/tfg_girs_ws/install/tfg_interfaces/lib/python3.12/site-packages/tfg_interfaces/tfg_interfaces_s__rosidl_typesupport_c.so
[3.903s] -- Symlinking: /home/aalbeerto-02/tfg_girs_ws/install/tfg_interfaces/lib/python3.12/site-packages/tfg_interfaces/tfg_interfaces_s__rosidl_typesupport_fastrtps_c.so
[3.909s] -- Symlinking: /home/aalbeerto-02/tfg_girs_ws/install/tfg_interfaces/lib/python3.12/site-packages/tfg_interfaces/tfg_interfaces_s__rosidl_typesupport_introspection_c.so
[3.914s] -- Up-to-date symlink: /home/aalbeerto-02/tfg_girs_ws/install/tfg_interfaces/lib/python3.12/site-packages/tfg_interfaces/tfg_interfaces_s__rosidl_typesupport_fastrtps_c.so
[3.914s] -- Up-to-date symlink: /home/aalbeerto-02/tfg_girs_ws/install/tfg_interfaces/lib/python3.12/site-packages/tfg_interfaces/tfg_interfaces_s__rosidl_typesupport_introspection_c.so
[3.914s] -- Up-to-date symlink: /home/aalbeerto-02/tfg_girs_ws/install/tfg_interfaces/lib/python3.12/site-packages/tfg_interfaces/tfg_interfaces_s__rosidl_typesupport_c.so
[3.914s] -- Symlinking: /home/aalbeerto-02/tfg_girs_ws/install/tfg_interfaces/share/tfg_interfaces/action/CountUntil.idl
[3.920s] -- Symlinking: /home/aalbeerto-02/tfg_girs_ws/install/tfg_interfaces/share/tfg_interfaces/action/CountUntil.action
[3.925s] -- Symlinking: /home/aalbeerto-02/tfg_girs_ws/install/tfg_interfaces/share/ament_index/resource_index/package_run_dependencies/tfg_interfaces
[3.930s] -- Symlinking: /home/aalbeerto-02/tfg_girs_ws/install/tfg_interfaces/share/ament_index/resource_index/parent_prefix_path/tfg_interfaces
[3.935s] -- Symlinking: /home/aalbeerto-02/tfg_girs_ws/install/tfg_interfaces/share/tfg_interfaces/environment/ament_prefix_path.sh
[3.939s] -- Symlinking: /home/aalbeerto-02/tfg_girs_ws/install/tfg_interfaces/share/tfg_interfaces/environment/ament_prefix_path.dsv
[3.943s] -- Symlinking: /home/aalbeerto-02/tfg_girs_ws/install/tfg_interfaces/share/tfg_interfaces/environment/path.sh
[3.948s] -- Symlinking: /home/aalbeerto-02/tfg_girs_ws/install/tfg_interfaces/share/tfg_interfaces/environment/path.dsv
[3.953s] -- Symlinking: /home/aalbeerto-02/tfg_girs_ws/install/tfg_interfaces/share/tfg_interfaces/local_setup.bash
[3.957s] -- Symlinking: /home/aalbeerto-02/tfg_girs_ws/install/tfg_interfaces/share/tfg_interfaces/local_setup.sh
[3.961s] -- Symlinking: /home/aalbeerto-02/tfg_girs_ws/install/tfg_interfaces/share/tfg_interfaces/local_setup.zsh
[3.967s] -- Symlinking: /home/aalbeerto-02/tfg_girs_ws/install/tfg_interfaces/share/tfg_interfaces/local_setup.dsv
[3.971s] -- Symlinking: /home/aalbeerto-02/tfg_girs_ws/install/tfg_interfaces/share/tfg_interfaces/package.dsv
[3.977s] -- Symlinking: /home/aalbeerto-02/tfg_girs_ws/install/tfg_interfaces/share/ament_index/resource_index/packages/tfg_interfaces
[3.981s] -- Symlinking: /home/aalbeerto-02/tfg_girs_ws/install/tfg_interfaces/share/tfg_interfaces/cmake/rosidl_cmake-extras.cmake
[3.987s] -- Symlinking: /home/aalbeerto-02/tfg_girs_ws/install/tfg_interfaces/share/tfg_interfaces/cmake/ament_cmake_export_dependencies-extras.cmake
[3.992s] -- Symlinking: /home/aalbeerto-02/tfg_girs_ws/install/tfg_interfaces/share/tfg_interfaces/cmake/ament_cmake_export_include_directories-extras.cmake
[3.996s] -- Symlinking: /home/aalbeerto-02/tfg_girs_ws/install/tfg_interfaces/share/tfg_interfaces/cmake/ament_cmake_export_libraries-extras.cmake
[4.001s] -- Symlinking: /home/aalbeerto-02/tfg_girs_ws/install/tfg_interfaces/share/tfg_interfaces/cmake/ament_cmake_export_targets-extras.cmake
[4.006s] -- Symlinking: /home/aalbeerto-02/tfg_girs_ws/install/tfg_interfaces/share/tfg_interfaces/cmake/rosidl_cmake_export_typesupport_targets-extras.cmake
[4.013s] -- Symlinking: /home/aalbeerto-02/tfg_girs_ws/install/tfg_interfaces/share/tfg_interfaces/cmake/rosidl_cmake_export_typesupport_libraries-extras.cmake
[4.017s] -- Symlinking: /home/aalbeerto-02/tfg_girs_ws/install/tfg_interfaces/share/tfg_interfaces/cmake/tfg_interfacesConfig.cmake
[4.022s] -- Symlinking: /home/aalbeerto-02/tfg_girs_ws/install/tfg_interfaces/share/tfg_interfaces/cmake/tfg_interfacesConfig-version.cmake
[4.028s] -- Symlinking: /home/aalbeerto-02/tfg_girs_ws/install/tfg_interfaces/share/tfg_interfaces/package.xml
[4.034s] -- Installing: /home/aalbeerto-02/tfg_girs_ws/install/tfg_interfaces/lib/libtfg_interfaces__rosidl_generator_c.so
[4.034s] -- Set non-toolchain portion of runtime path of "/home/aalbeerto-02/tfg_girs_ws/install/tfg_interfaces/lib/libtfg_interfaces__rosidl_generator_c.so" to ""
[4.034s] -- Installing: /home/aalbeerto-02/tfg_girs_ws/install/tfg_interfaces/lib/libtfg_interfaces__rosidl_typesupport_fastrtps_c.so
[4.034s] -- Set non-toolchain portion of runtime path of "/home/aalbeerto-02/tfg_girs_ws/install/tfg_interfaces/lib/libtfg_interfaces__rosidl_typesupport_fastrtps_c.so" to ""
[4.034s] -- Installing: /home/aalbeerto-02/tfg_girs_ws/install/tfg_interfaces/lib/libtfg_interfaces__rosidl_typesupport_introspection_c.so
[4.034s] -- Set non-toolchain portion of runtime path of "/home/aalbeerto-02/tfg_girs_ws/install/tfg_interfaces/lib/libtfg_interfaces__rosidl_typesupport_introspection_c.so" to ""
[4.034s] -- Installing: /home/aalbeerto-02/tfg_girs_ws/install/tfg_interfaces/lib/libtfg_interfaces__rosidl_typesupport_c.so
[4.034s] -- Set non-toolchain portion of runtime path of "/home/aalbeerto-02/tfg_girs_ws/install/tfg_interfaces/lib/libtfg_interfaces__rosidl_typesupport_c.so" to ""
[4.034s] -- Installing: /home/aalbeerto-02/tfg_girs_ws/install/tfg_interfaces/lib/libtfg_interfaces__rosidl_typesupport_fastrtps_cpp.so
[4.035s] -- Set non-toolchain portion of runtime path of "/home/aalbeerto-02/tfg_girs_ws/install/tfg_interfaces/lib/libtfg_interfaces__rosidl_typesupport_fastrtps_cpp.so" to ""
[4.035s] -- Installing: /home/aalbeerto-02/tfg_girs_ws/install/tfg_interfaces/lib/libtfg_interfaces__rosidl_typesupport_introspection_cpp.so
[4.035s] -- Set non-toolchain portion of runtime path of "/home/aalbeerto-02/tfg_girs_ws/install/tfg_interfaces/lib/libtfg_interfaces__rosidl_typesupport_introspection_cpp.so" to ""
[4.035s] -- Installing: /home/aalbeerto-02/tfg_girs_ws/install/tfg_interfaces/lib/libtfg_interfaces__rosidl_typesupport_cpp.so
[4.035s] -- Set non-toolchain portion of runtime path of "/home/aalbeerto-02/tfg_girs_ws/install/tfg_interfaces/lib/libtfg_interfaces__rosidl_typesupport_cpp.so" to ""
[4.062s] Listing '/home/aalbeerto-02/tfg_girs_ws/install/tfg_interfaces/lib/python3.12/site-packages/tfg_interfaces'...
[4.062s] Compiling '/home/aalbeerto-02/tfg_girs_ws/install/tfg_interfaces/lib/python3.12/site-packages/tfg_interfaces/__init__.py'...
[4.062s] Listing '/home/aalbeerto-02/tfg_girs_ws/install/tfg_interfaces/lib/python3.12/site-packages/tfg_interfaces/action'...
[4.062s] Compiling '/home/aalbeerto-02/tfg_girs_ws/install/tfg_interfaces/lib/python3.12/site-packages/tfg_interfaces/action/__init__.py'...
[4.062s] Compiling '/home/aalbeerto-02/tfg_girs_ws/install/tfg_interfaces/lib/python3.12/site-packages/tfg_interfaces/action/_count_until.py'...
[4.065s] -- Installing: /home/aalbeerto-02/tfg_girs_ws/install/tfg_interfaces/lib/libtfg_interfaces__rosidl_generator_py.so
[4.065s] -- Set non-toolchain portion of runtime path of "/home/aalbeerto-02/tfg_girs_ws/install/tfg_interfaces/lib/libtfg_interfaces__rosidl_generator_py.so" to ""
[4.065s] -- Installing: /home/aalbeerto-02/tfg_girs_ws/install/tfg_interfaces/share/tfg_interfaces/cmake/export_tfg_interfaces__rosidl_generator_cExport.cmake
[4.065s] -- Installing: /home/aalbeerto-02/tfg_girs_ws/install/tfg_interfaces/share/tfg_interfaces/cmake/export_tfg_interfaces__rosidl_generator_cExport-noconfig.cmake
[4.065s] -- Installing: /home/aalbeerto-02/tfg_girs_ws/install/tfg_interfaces/share/tfg_interfaces/cmake/export_tfg_interfaces__rosidl_typesupport_fastrtps_cExport.cmake
[4.065s] -- Installing: /home/aalbeerto-02/tfg_girs_ws/install/tfg_interfaces/share/tfg_interfaces/cmake/export_tfg_interfaces__rosidl_typesupport_fastrtps_cExport-noconfig.cmake
[4.065s] -- Installing: /home/aalbeerto-02/tfg_girs_ws/install/tfg_interfaces/share/tfg_interfaces/cmake/tfg_interfaces__rosidl_typesupport_introspection_cExport.cmake
[4.065s] -- Installing: /home/aalbeerto-02/tfg_girs_ws/install/tfg_interfaces/share/tfg_interfaces/cmake/tfg_interfaces__rosidl_typesupport_introspection_cExport-noconfig.cmake
[4.065s] -- Installing: /home/aalbeerto-02/tfg_girs_ws/install/tfg_interfaces/share/tfg_interfaces/cmake/tfg_interfaces__rosidl_typesupport_cExport.cmake
[4.065s] -- Installing: /home/aalbeerto-02/tfg_girs_ws/install/tfg_interfaces/share/tfg_interfaces/cmake/tfg_interfaces__rosidl_typesupport_cExport-noconfig.cmake
[4.065s] -- Installing: /home/aalbeerto-02/tfg_girs_ws/install/tfg_interfaces/share/tfg_interfaces/cmake/export_tfg_interfaces__rosidl_generator_cppExport.cmake
[4.065s] -- Installing: /home/aalbeerto-02/tfg_girs_ws/install/tfg_interfaces/share/tfg_interfaces/cmake/export_tfg_interfaces__rosidl_typesupport_fastrtps_cppExport.cmake
[4.065s] -- Installing: /home/aalbeerto-02/tfg_girs_ws/install/tfg_interfaces/share/tfg_interfaces/cmake/export_tfg_interfaces__rosidl_typesupport_fastrtps_cppExport-noconfig.cmake
[4.065s] -- Installing: /home/aalbeerto-02/tfg_girs_ws/install/tfg_interfaces/share/tfg_interfaces/cmake/tfg_interfaces__rosidl_typesupport_introspection_cppExport.cmake
[4.065s] -- Installing: /home/aalbeerto-02/tfg_girs_ws/install/tfg_interfaces/share/tfg_interfaces/cmake/tfg_interfaces__rosidl_typesupport_introspection_cppExport-noconfig.cmake
[4.065s] -- Installing: /home/aalbeerto-02/tfg_girs_ws/install/tfg_interfaces/share/tfg_interfaces/cmake/tfg_interfaces__rosidl_typesupport_cppExport.cmake
[4.065s] -- Installing: /home/aalbeerto-02/tfg_girs_ws/install/tfg_interfaces/share/tfg_interfaces/cmake/tfg_interfaces__rosidl_typesupport_cppExport-noconfig.cmake
[4.065s] -- Installing: /home/aalbeerto-02/tfg_girs_ws/install/tfg_interfaces/share/tfg_interfaces/cmake/export_tfg_interfaces__rosidl_generator_pyExport.cmake
[4.065s] -- Installing: /home/aalbeerto-02/tfg_girs_ws/install/tfg_interfaces/share/tfg_interfaces/cmake/export_tfg_interfaces__rosidl_generator_pyExport-noconfig.cmake
[4.067s] Invoked command in '/home/aalbeerto-02/tfg_girs_ws/build/tfg_interfaces' returned '0': CMAKE_PREFIX_PATH=${CMAKE_PREFIX_PATH}:/home/aalbeerto-02/tfg_ws/install/tfg_package:/home/aalbeerto-02/tfg_ws/install/tfg_actions:/home/aalbeerto-02/tfg_ws/install/my_robot:/opt/ros/rolling DEBUGINFOD_URLS=https://debuginfod.ubuntu.com /usr/bin/cmake --install /home/aalbeerto-02/tfg_girs_ws/build/tfg_interfaces
