running develop
running egg_info
creating tfg_package.egg-info
writing tfg_package.egg-info/PKG-INFO
writing dependency_links to tfg_package.egg-info/dependency_links.txt
writing entry points to tfg_package.egg-info/entry_points.txt
writing requirements to tfg_package.egg-info/requires.txt
writing top-level names to tfg_package.egg-info/top_level.txt
writing manifest file 'tfg_package.egg-info/SOURCES.txt'
reading manifest file 'tfg_package.egg-info/SOURCES.txt'
writing manifest file 'tfg_package.egg-info/SOURCES.txt'
running build_ext
Creating /home/aalbeerto-02/tfg_girs_ws/install/tfg_package/lib/python3.12/site-packages/tfg-package.egg-link (link to .)
Installing version0_node script to /home/aalbeerto-02/tfg_girs_ws/install/tfg_package/lib/tfg_package
Installing version0_publisher script to /home/aalbeerto-02/tfg_girs_ws/install/tfg_package/lib/tfg_package
Installing version0_subscriber script to /home/aalbeerto-02/tfg_girs_ws/install/tfg_package/lib/tfg_package
Installing version1_node script to /home/aalbeerto-02/tfg_girs_ws/install/tfg_package/lib/tfg_package
Installing version1_subscriber script to /home/aalbeerto-02/tfg_girs_ws/install/tfg_package/lib/tfg_package
Installing version2_node script to /home/aalbeerto-02/tfg_girs_ws/install/tfg_package/lib/tfg_package
Installing version2_subscriber script to /home/aalbeerto-02/tfg_girs_ws/install/tfg_package/lib/tfg_package
Installing version3_node script to /home/aalbeerto-02/tfg_girs_ws/install/tfg_package/lib/tfg_package
Installing version3_subscriber script to /home/aalbeerto-02/tfg_girs_ws/install/tfg_package/lib/tfg_package

Installed /home/aalbeerto-02/tfg_girs_ws/build/tfg_package
running symlink_data
creating /home/aalbeerto-02/tfg_girs_ws/install/tfg_package/share/ament_index
creating /home/aalbeerto-02/tfg_girs_ws/install/tfg_package/share/ament_index/resource_index
creating /home/aalbeerto-02/tfg_girs_ws/install/tfg_package/share/ament_index/resource_index/packages
symbolically linking /home/aalbeerto-02/tfg_girs_ws/build/tfg_package/resource/tfg_package -> /home/aalbeerto-02/tfg_girs_ws/install/tfg_package/share/ament_index/resource_index/packages
symbolically linking /home/aalbeerto-02/tfg_girs_ws/build/tfg_package/package.xml -> /home/aalbeerto-02/tfg_girs_ws/install/tfg_package/share/tfg_package
