running develop
running egg_info
creating actions_package.egg-info
writing actions_package.egg-info/PKG-INFO
writing dependency_links to actions_package.egg-info/dependency_links.txt
writing entry points to actions_package.egg-info/entry_points.txt
writing requirements to actions_package.egg-info/requires.txt
writing top-level names to actions_package.egg-info/top_level.txt
writing manifest file 'actions_package.egg-info/SOURCES.txt'
reading manifest file 'actions_package.egg-info/SOURCES.txt'
writing manifest file 'actions_package.egg-info/SOURCES.txt'
running build_ext
Creating /home/aalbeerto-02/tfg_girs_ws/install/actions_package/lib/python3.12/site-packages/actions-package.egg-link (link to .)
Installing count_until_client script to /home/aalbeerto-02/tfg_girs_ws/install/actions_package/lib/actions_package
Installing count_until_server script to /home/aalbeerto-02/tfg_girs_ws/install/actions_package/lib/actions_package

Installed /home/aalbeerto-02/tfg_girs_ws/build/actions_package
running symlink_data
creating /home/aalbeerto-02/tfg_girs_ws/install/actions_package/share/ament_index
creating /home/aalbeerto-02/tfg_girs_ws/install/actions_package/share/ament_index/resource_index
creating /home/aalbeerto-02/tfg_girs_ws/install/actions_package/share/ament_index/resource_index/packages
symbolically linking /home/aalbeerto-02/tfg_girs_ws/build/actions_package/resource/actions_package -> /home/aalbeerto-02/tfg_girs_ws/install/actions_package/share/ament_index/resource_index/packages
symbolically linking /home/aalbeerto-02/tfg_girs_ws/build/actions_package/package.xml -> /home/aalbeerto-02/tfg_girs_ws/install/actions_package/share/actions_package
