[0.383s] Invoking command in '/home/aalbeerto-02/tfg_girs_ws/build/actions_package': AMENT_PREFIX_PATH=/home/aalbeerto-02/tfg_girs_ws/install/interfaces_package:${AMENT_PREFIX_PATH} CMAKE_PREFIX_PATH=/home/aalbeerto-02/tfg_girs_ws/install/interfaces_package:${CMAKE_PREFIX_PATH} DEBUGINFOD_URLS=https://debuginfod.ubuntu.com LD_LIBRARY_PATH=/home/aalbeerto-02/tfg_girs_ws/install/interfaces_package/lib:${LD_LIBRARY_PATH} PYTHONPATH=/home/aalbeerto-02/tfg_girs_ws/build/actions_package/prefix_override:/usr/lib/python3/dist-packages/colcon_core/task/python/colcon_distutils_commands:/home/aalbeerto-02/tfg_girs_ws/install/actions_package/lib/python3.12/site-packages:/home/aalbeerto-02/tfg_girs_ws/install/interfaces_package/lib/python3.12/site-packages:${PYTHONPATH} /usr/bin/python3 -W ignore:setup.py install is deprecated -W ignore:easy_install command is deprecated setup.py develop --editable --build-directory /home/aalbeerto-02/tfg_girs_ws/build/actions_package/build --no-deps symlink_data
[0.537s] running develop
[0.624s] running egg_info
[0.624s] creating actions_package.egg-info
[0.633s] writing actions_package.egg-info/PKG-INFO
[0.633s] writing dependency_links to actions_package.egg-info/dependency_links.txt
[0.633s] writing entry points to actions_package.egg-info/entry_points.txt
[0.633s] writing requirements to actions_package.egg-info/requires.txt
[0.633s] writing top-level names to actions_package.egg-info/top_level.txt
[0.633s] writing manifest file 'actions_package.egg-info/SOURCES.txt'
[0.651s] reading manifest file 'actions_package.egg-info/SOURCES.txt'
[0.651s] writing manifest file 'actions_package.egg-info/SOURCES.txt'
[0.660s] running build_ext
[0.660s] Creating /home/aalbeerto-02/tfg_girs_ws/install/actions_package/lib/python3.12/site-packages/actions-package.egg-link (link to .)
[0.660s] Installing count_until_client script to /home/aalbeerto-02/tfg_girs_ws/install/actions_package/lib/actions_package
[0.660s] Installing count_until_server script to /home/aalbeerto-02/tfg_girs_ws/install/actions_package/lib/actions_package
[0.660s] 
[0.660s] Installed /home/aalbeerto-02/tfg_girs_ws/build/actions_package
[0.660s] running symlink_data
[0.660s] creating /home/aalbeerto-02/tfg_girs_ws/install/actions_package/share/ament_index
[0.660s] creating /home/aalbeerto-02/tfg_girs_ws/install/actions_package/share/ament_index/resource_index
[0.660s] creating /home/aalbeerto-02/tfg_girs_ws/install/actions_package/share/ament_index/resource_index/packages
[0.660s] symbolically linking /home/aalbeerto-02/tfg_girs_ws/build/actions_package/resource/actions_package -> /home/aalbeerto-02/tfg_girs_ws/install/actions_package/share/ament_index/resource_index/packages
[0.660s] symbolically linking /home/aalbeerto-02/tfg_girs_ws/build/actions_package/package.xml -> /home/aalbeerto-02/tfg_girs_ws/install/actions_package/share/actions_package
[0.674s] Invoked command in '/home/aalbeerto-02/tfg_girs_ws/build/actions_package' returned '0': AMENT_PREFIX_PATH=/home/aalbeerto-02/tfg_girs_ws/install/interfaces_package:${AMENT_PREFIX_PATH} CMAKE_PREFIX_PATH=/home/aalbeerto-02/tfg_girs_ws/install/interfaces_package:${CMAKE_PREFIX_PATH} DEBUGINFOD_URLS=https://debuginfod.ubuntu.com LD_LIBRARY_PATH=/home/aalbeerto-02/tfg_girs_ws/install/interfaces_package/lib:${LD_LIBRARY_PATH} PYTHONPATH=/home/aalbeerto-02/tfg_girs_ws/build/actions_package/prefix_override:/usr/lib/python3/dist-packages/colcon_core/task/python/colcon_distutils_commands:/home/aalbeerto-02/tfg_girs_ws/install/actions_package/lib/python3.12/site-packages:/home/aalbeerto-02/tfg_girs_ws/install/interfaces_package/lib/python3.12/site-packages:${PYTHONPATH} /usr/bin/python3 -W ignore:setup.py install is deprecated -W ignore:easy_install command is deprecated setup.py develop --editable --build-directory /home/aalbeerto-02/tfg_girs_ws/build/actions_package/build --no-deps symlink_data
