[0.008s] Invoking command in '/home/aalbeerto-02/tfg_girs_ws/build/interfaces_package': CMAKE_PREFIX_PATH=${CMAKE_PREFIX_PATH}:/opt/ros/rolling DEBUGINFOD_URLS=https://debuginfod.ubuntu.com /usr/bin/cmake /home/aalbeerto-02/tfg_girs_ws/src/interfaces_package -DAMENT_CMAKE_SYMLINK_INSTALL=1 -DCMAKE_INSTALL_PREFIX=/home/aalbeerto-02/tfg_girs_ws/install/interfaces_package
[0.114s] -- The C compiler identification is GNU 13.3.0
[0.114s] -- The CXX compiler identification is GNU 13.3.0
[0.114s] -- Detecting C compiler ABI info
[0.143s] -- Detecting C compiler ABI info - done
[0.147s] -- Check for working C compiler: /usr/bin/cc - skipped
[0.148s] -- Detecting C compile features
[0.148s] -- Detecting C compile features - done
[0.154s] -- Detecting CXX compiler ABI info
[0.215s] -- Detecting CXX compiler ABI info - done
[0.220s] -- Check for working CXX compiler: /usr/bin/c++ - skipped
[0.220s] -- Detecting CXX compile features
[0.220s] -- Detecting CXX compile features - done
[0.222s] -- Found ament_cmake: 2.7.2 (/opt/ros/rolling/share/ament_cmake/cmake)
[0.306s] -- Found Python3: /usr/bin/python3 (found version "3.12.3") found components: Interpreter 
[0.346s] -- Override CMake install command with custom implementation using symlinks instead of copying resources
[0.369s] -- Found rosidl_default_generators: 1.7.1 (/opt/ros/rolling/share/rosidl_default_generators/cmake)
[0.373s] -- Using all available rosidl_typesupport_c: rosidl_typesupport_fastrtps_c;rosidl_typesupport_introspection_c
[0.403s] -- Using all available rosidl_typesupport_cpp: rosidl_typesupport_fastrtps_cpp;rosidl_typesupport_introspection_cpp
[0.428s] -- Found rosidl_adapter: 4.9.3 (/opt/ros/rolling/share/rosidl_adapter/cmake)
[0.790s] -- Found ament_cmake_ros_core: 0.14.1 (/opt/ros/rolling/share/ament_cmake_ros_core/cmake)
[1.029s] -- Using all available rosidl_typesupport_c: rosidl_typesupport_fastrtps_c;rosidl_typesupport_introspection_c
[1.336s] -- Using all available rosidl_typesupport_cpp: rosidl_typesupport_fastrtps_cpp;rosidl_typesupport_introspection_cpp
[1.571s] -- Found Python3: /usr/bin/python3 (found version "3.12.3") found components: Interpreter Development NumPy Development.Module Development.Embed 
[1.594s] -- Configuring done (1.6s)
[1.610s] -- Generating done (0.0s)
[1.616s] -- Build files have been written to: /home/aalbeerto-02/tfg_girs_ws/build/interfaces_package
[1.622s] Invoked command in '/home/aalbeerto-02/tfg_girs_ws/build/interfaces_package' returned '0': CMAKE_PREFIX_PATH=${CMAKE_PREFIX_PATH}:/opt/ros/rolling DEBUGINFOD_URLS=https://debuginfod.ubuntu.com /usr/bin/cmake /home/aalbeerto-02/tfg_girs_ws/src/interfaces_package -DAMENT_CMAKE_SYMLINK_INSTALL=1 -DCMAKE_INSTALL_PREFIX=/home/aalbeerto-02/tfg_girs_ws/install/interfaces_package
[1.622s] Invoking command in '/home/aalbeerto-02/tfg_girs_ws/build/interfaces_package': CMAKE_PREFIX_PATH=${CMAKE_PREFIX_PATH}:/opt/ros/rolling DEBUGINFOD_URLS=https://debuginfod.ubuntu.com /usr/bin/cmake --build /home/aalbeerto-02/tfg_girs_ws/build/interfaces_package -- -j28 -l28
[1.653s] [  2%] [34m[1mGenerating type hashes for ROS interfaces[0m
[1.658s] [  2%] Built target ament_cmake_python_symlink_interfaces_package
[1.760s] [  2%] Built target interfaces_package__rosidl_generator_type_description
[1.766s] [  5%] [34m[1mGenerating C code for ROS interfaces[0m
[1.767s] running egg_info
[1.768s] creating interfaces_package.egg-info
[1.772s] [  8%] [34m[1mGenerating C++ code for ROS interfaces[0m
[1.776s] writing interfaces_package.egg-info/PKG-INFO
[1.776s] writing dependency_links to interfaces_package.egg-info/dependency_links.txt
[1.776s] writing top-level names to interfaces_package.egg-info/top_level.txt
[1.776s] writing manifest file 'interfaces_package.egg-info/SOURCES.txt'
[1.804s] reading manifest file 'interfaces_package.egg-info/SOURCES.txt'
[1.804s] writing manifest file 'interfaces_package.egg-info/SOURCES.txt'
[1.820s] [  8%] Built target ament_cmake_python_build_interfaces_package_egg
[1.965s] [  8%] Built target interfaces_package__cpp
[1.973s] [ 11%] [32mBuilding C object CMakeFiles/interfaces_package__rosidl_generator_c.dir/rosidl_generator_c/interfaces_package/action/detail/count_until__functions.c.o[0m
[1.973s] [ 14%] [32mBuilding C object CMakeFiles/interfaces_package__rosidl_generator_c.dir/rosidl_generator_c/interfaces_package/action/detail/count_until__type_support.c.o[0m
[1.973s] [ 17%] [32mBuilding C object CMakeFiles/interfaces_package__rosidl_generator_c.dir/rosidl_generator_c/interfaces_package/action/detail/count_until__description.c.o[0m
[2.055s] [ 20%] [32m[1mLinking C shared library libinterfaces_package__rosidl_generator_c.so[0m
[2.078s] [ 20%] Built target interfaces_package__rosidl_generator_c
[2.086s] [ 29%] [34m[1mGenerating C type support for eProsima Fast-RTPS[0m
[2.086s] [ 29%] [34m[1mGenerating C introspection for ROS interfaces[0m
[2.086s] [ 29%] [34m[1mGenerating C type support dispatch for ROS interfaces[0m
[2.086s] [ 38%] [34m[1mGenerating C++ introspection for ROS interfaces[0m
[2.086s] [ 38%] [34m[1mGenerating C++ type support dispatch for ROS interfaces[0m
[2.086s] [ 38%] [34m[1mGenerating C++ type support for eProsima Fast-RTPS[0m
[2.231s] [ 41%] [32mBuilding CXX object CMakeFiles/interfaces_package__rosidl_typesupport_c.dir/rosidl_typesupport_c/interfaces_package/action/count_until__type_support.cpp.o[0m
[2.234s] [ 44%] [32mBuilding CXX object CMakeFiles/interfaces_package__rosidl_typesupport_cpp.dir/rosidl_typesupport_cpp/interfaces_package/action/count_until__type_support.cpp.o[0m
[2.257s] [ 47%] [32mBuilding CXX object CMakeFiles/interfaces_package__rosidl_typesupport_introspection_cpp.dir/rosidl_typesupport_introspection_cpp/interfaces_package/action/detail/count_until__type_support.cpp.o[0m
[2.260s] [ 50%] [32m[1mLinking CXX shared library libinterfaces_package__rosidl_typesupport_c.so[0m
[2.266s] [ 52%] [32mBuilding C object CMakeFiles/interfaces_package__rosidl_typesupport_introspection_c.dir/rosidl_typesupport_introspection_c/interfaces_package/action/detail/count_until__type_support.c.o[0m
[2.286s] [ 52%] Built target interfaces_package__rosidl_typesupport_c
[2.300s] [ 55%] [32m[1mLinking C shared library libinterfaces_package__rosidl_typesupport_introspection_c.so[0m
[2.314s] [ 58%] [32mBuilding CXX object CMakeFiles/interfaces_package__rosidl_typesupport_fastrtps_cpp.dir/rosidl_typesupport_fastrtps_cpp/interfaces_package/action/detail/dds_fastrtps/count_until__type_support.cpp.o[0m
[2.321s] [ 58%] Built target interfaces_package__rosidl_typesupport_introspection_c
[2.332s] [ 61%] [32mBuilding CXX object CMakeFiles/interfaces_package__rosidl_typesupport_fastrtps_c.dir/rosidl_typesupport_fastrtps_c/interfaces_package/action/detail/count_until__type_support_c.cpp.o[0m
[2.569s] [ 64%] [32m[1mLinking CXX shared library libinterfaces_package__rosidl_typesupport_cpp.so[0m
[2.576s] [ 67%] [32m[1mLinking CXX shared library libinterfaces_package__rosidl_typesupport_introspection_cpp.so[0m
[2.588s] [ 70%] [32m[1mLinking CXX shared library libinterfaces_package__rosidl_typesupport_fastrtps_c.so[0m
[2.614s] [ 70%] Built target interfaces_package__rosidl_typesupport_cpp
[2.621s] [ 70%] Built target interfaces_package__rosidl_typesupport_fastrtps_c
[2.621s] [ 70%] Built target interfaces_package__rosidl_typesupport_introspection_cpp
[2.748s] [ 73%] [32m[1mLinking CXX shared library libinterfaces_package__rosidl_typesupport_fastrtps_cpp.so[0m
[2.788s] [ 73%] Built target interfaces_package__rosidl_typesupport_fastrtps_cpp
[2.801s] [ 73%] Built target interfaces_package
[2.815s] [ 76%] [34m[1mGenerating Python code for ROS interfaces[0m
[3.108s] [ 76%] Built target interfaces_package__py
[3.120s] [ 79%] [32mBuilding C object CMakeFiles/interfaces_package__rosidl_generator_py.dir/rosidl_generator_py/interfaces_package/action/_count_until_s.c.o[0m
[3.253s] [ 82%] [32m[1mLinking C shared library libinterfaces_package__rosidl_generator_py.so[0m
[3.279s] [ 82%] Built target interfaces_package__rosidl_generator_py
[3.294s] [ 85%] [32mBuilding C object CMakeFiles/interfaces_package_s__rosidl_typesupport_introspection_c.dir/rosidl_generator_py/interfaces_package/_interfaces_package_s.ep.rosidl_typesupport_introspection_c.c.o[0m
[3.294s] [ 91%] [32mBuilding C object CMakeFiles/interfaces_package_s__rosidl_typesupport_c.dir/rosidl_generator_py/interfaces_package/_interfaces_package_s.ep.rosidl_typesupport_c.c.o[0m
[3.294s] [ 91%] [32mBuilding C object CMakeFiles/interfaces_package_s__rosidl_typesupport_fastrtps_c.dir/rosidl_generator_py/interfaces_package/_interfaces_package_s.ep.rosidl_typesupport_fastrtps_c.c.o[0m
[3.357s] [ 94%] [32m[1mLinking C shared module rosidl_generator_py/interfaces_package/interfaces_package_s__rosidl_typesupport_introspection_c.so[0m
[3.360s] [ 97%] [32m[1mLinking C shared module rosidl_generator_py/interfaces_package/interfaces_package_s__rosidl_typesupport_fastrtps_c.so[0m
[3.362s] [100%] [32m[1mLinking C shared module rosidl_generator_py/interfaces_package/interfaces_package_s__rosidl_typesupport_c.so[0m
[3.377s] [100%] Built target interfaces_package_s__rosidl_typesupport_introspection_c
[3.381s] [100%] Built target interfaces_package_s__rosidl_typesupport_fastrtps_c
[3.383s] [100%] Built target interfaces_package_s__rosidl_typesupport_c
[3.391s] Invoked command in '/home/aalbeerto-02/tfg_girs_ws/build/interfaces_package' returned '0': CMAKE_PREFIX_PATH=${CMAKE_PREFIX_PATH}:/opt/ros/rolling DEBUGINFOD_URLS=https://debuginfod.ubuntu.com /usr/bin/cmake --build /home/aalbeerto-02/tfg_girs_ws/build/interfaces_package -- -j28 -l28
[3.396s] Invoking command in '/home/aalbeerto-02/tfg_girs_ws/build/interfaces_package': CMAKE_PREFIX_PATH=${CMAKE_PREFIX_PATH}:/opt/ros/rolling DEBUGINFOD_URLS=https://debuginfod.ubuntu.com /usr/bin/cmake --install /home/aalbeerto-02/tfg_girs_ws/build/interfaces_package
[3.402s] -- Install configuration: ""
[3.403s] -- Execute custom install script
[3.403s] -- Symlinking: /home/aalbeerto-02/tfg_girs_ws/install/interfaces_package/share/ament_index/resource_index/rosidl_interfaces/interfaces_package
[3.408s] -- Symlinking: /home/aalbeerto-02/tfg_girs_ws/install/interfaces_package/share/interfaces_package/action/CountUntil.json
[3.415s] -- Symlinking: /home/aalbeerto-02/tfg_girs_ws/install/interfaces_package/include/interfaces_package/interfaces_package/action/count_until.h
[3.420s] -- Symlinking: /home/aalbeerto-02/tfg_girs_ws/install/interfaces_package/include/interfaces_package/interfaces_package/action/detail/count_until__functions.h
[3.425s] -- Symlinking: /home/aalbeerto-02/tfg_girs_ws/install/interfaces_package/include/interfaces_package/interfaces_package/action/detail/count_until__struct.h
[3.431s] -- Symlinking: /home/aalbeerto-02/tfg_girs_ws/install/interfaces_package/include/interfaces_package/interfaces_package/action/detail/count_until__type_support.h
[3.436s] -- Symlinking: /home/aalbeerto-02/tfg_girs_ws/install/interfaces_package/include/interfaces_package/interfaces_package/msg/rosidl_generator_c__visibility_control.h
[3.442s] -- Symlinking: /home/aalbeerto-02/tfg_girs_ws/install/interfaces_package/share/interfaces_package/environment/library_path.sh
[3.447s] -- Symlinking: /home/aalbeerto-02/tfg_girs_ws/install/interfaces_package/share/interfaces_package/environment/library_path.dsv
[3.452s] -- Symlinking: /home/aalbeerto-02/tfg_girs_ws/install/interfaces_package/include/interfaces_package/interfaces_package/action/detail/count_until__rosidl_typesupport_fastrtps_c.h
[3.458s] -- Symlinking: /home/aalbeerto-02/tfg_girs_ws/install/interfaces_package/include/interfaces_package/interfaces_package/msg/rosidl_typesupport_fastrtps_c__visibility_control.h
[3.463s] -- Symlinking: /home/aalbeerto-02/tfg_girs_ws/install/interfaces_package/include/interfaces_package/interfaces_package/action/detail/count_until__rosidl_typesupport_introspection_c.h
[3.468s] -- Symlinking: /home/aalbeerto-02/tfg_girs_ws/install/interfaces_package/include/interfaces_package/interfaces_package/msg/rosidl_typesupport_introspection_c__visibility_control.h
[3.474s] -- Symlinking: /home/aalbeerto-02/tfg_girs_ws/install/interfaces_package/include/interfaces_package/interfaces_package/action/count_until.hpp
[3.479s] -- Symlinking: /home/aalbeerto-02/tfg_girs_ws/install/interfaces_package/include/interfaces_package/interfaces_package/action/detail/count_until__builder.hpp
[3.483s] -- Symlinking: /home/aalbeerto-02/tfg_girs_ws/install/interfaces_package/include/interfaces_package/interfaces_package/action/detail/count_until__struct.hpp
[3.489s] -- Symlinking: /home/aalbeerto-02/tfg_girs_ws/install/interfaces_package/include/interfaces_package/interfaces_package/action/detail/count_until__traits.hpp
[3.494s] -- Symlinking: /home/aalbeerto-02/tfg_girs_ws/install/interfaces_package/include/interfaces_package/interfaces_package/action/detail/count_until__type_support.hpp
[3.500s] -- Symlinking: /home/aalbeerto-02/tfg_girs_ws/install/interfaces_package/include/interfaces_package/interfaces_package/msg/rosidl_generator_cpp__visibility_control.hpp
[3.506s] -- Symlinking: /home/aalbeerto-02/tfg_girs_ws/install/interfaces_package/include/interfaces_package/interfaces_package/action/detail/count_until__rosidl_typesupport_fastrtps_cpp.hpp
[3.511s] -- Symlinking: /home/aalbeerto-02/tfg_girs_ws/install/interfaces_package/include/interfaces_package/interfaces_package/msg/rosidl_typesupport_fastrtps_cpp__visibility_control.h
[3.517s] -- Symlinking: /home/aalbeerto-02/tfg_girs_ws/install/interfaces_package/include/interfaces_package/interfaces_package/action/detail/count_until__rosidl_typesupport_introspection_cpp.hpp
[3.522s] -- Symlinking: /home/aalbeerto-02/tfg_girs_ws/install/interfaces_package/share/interfaces_package/environment/pythonpath.sh
[3.528s] -- Symlinking: /home/aalbeerto-02/tfg_girs_ws/install/interfaces_package/share/interfaces_package/environment/pythonpath.dsv
[3.532s] -- Symlinking: /home/aalbeerto-02/tfg_girs_ws/install/interfaces_package/lib/python3.12/site-packages/interfaces_package-0.0.1-py3.12.egg-info/PKG-INFO
[3.538s] -- Symlinking: /home/aalbeerto-02/tfg_girs_ws/install/interfaces_package/lib/python3.12/site-packages/interfaces_package-0.0.1-py3.12.egg-info/SOURCES.txt
[3.543s] -- Symlinking: /home/aalbeerto-02/tfg_girs_ws/install/interfaces_package/lib/python3.12/site-packages/interfaces_package-0.0.1-py3.12.egg-info/dependency_links.txt
[3.548s] -- Symlinking: /home/aalbeerto-02/tfg_girs_ws/install/interfaces_package/lib/python3.12/site-packages/interfaces_package-0.0.1-py3.12.egg-info/top_level.txt
[3.552s] -- Symlinking: /home/aalbeerto-02/tfg_girs_ws/install/interfaces_package/lib/python3.12/site-packages/interfaces_package/__init__.py
[3.558s] -- Symlinking: /home/aalbeerto-02/tfg_girs_ws/install/interfaces_package/lib/python3.12/site-packages/interfaces_package/_interfaces_package_s.ep.rosidl_typesupport_c.c
[3.563s] -- Symlinking: /home/aalbeerto-02/tfg_girs_ws/install/interfaces_package/lib/python3.12/site-packages/interfaces_package/_interfaces_package_s.ep.rosidl_typesupport_fastrtps_c.c
[3.568s] -- Symlinking: /home/aalbeerto-02/tfg_girs_ws/install/interfaces_package/lib/python3.12/site-packages/interfaces_package/_interfaces_package_s.ep.rosidl_typesupport_introspection_c.c
[3.573s] -- Symlinking: /home/aalbeerto-02/tfg_girs_ws/install/interfaces_package/lib/python3.12/site-packages/interfaces_package/action/__init__.py
[3.577s] -- Symlinking: /home/aalbeerto-02/tfg_girs_ws/install/interfaces_package/lib/python3.12/site-packages/interfaces_package/action/_count_until.py
[3.583s] -- Symlinking: /home/aalbeerto-02/tfg_girs_ws/install/interfaces_package/lib/python3.12/site-packages/interfaces_package/action/_count_until_s.c
[3.588s] -- Symlinking: /home/aalbeerto-02/tfg_girs_ws/install/interfaces_package/lib/python3.12/site-packages/interfaces_package/interfaces_package_s__rosidl_typesupport_c.so
[3.592s] -- Symlinking: /home/aalbeerto-02/tfg_girs_ws/install/interfaces_package/lib/python3.12/site-packages/interfaces_package/interfaces_package_s__rosidl_typesupport_fastrtps_c.so
[3.597s] -- Symlinking: /home/aalbeerto-02/tfg_girs_ws/install/interfaces_package/lib/python3.12/site-packages/interfaces_package/interfaces_package_s__rosidl_typesupport_introspection_c.so
[3.603s] -- Up-to-date symlink: /home/aalbeerto-02/tfg_girs_ws/install/interfaces_package/lib/python3.12/site-packages/interfaces_package/interfaces_package_s__rosidl_typesupport_fastrtps_c.so
[3.603s] -- Up-to-date symlink: /home/aalbeerto-02/tfg_girs_ws/install/interfaces_package/lib/python3.12/site-packages/interfaces_package/interfaces_package_s__rosidl_typesupport_introspection_c.so
[3.603s] -- Up-to-date symlink: /home/aalbeerto-02/tfg_girs_ws/install/interfaces_package/lib/python3.12/site-packages/interfaces_package/interfaces_package_s__rosidl_typesupport_c.so
[3.603s] -- Symlinking: /home/aalbeerto-02/tfg_girs_ws/install/interfaces_package/share/interfaces_package/action/CountUntil.idl
[3.607s] -- Symlinking: /home/aalbeerto-02/tfg_girs_ws/install/interfaces_package/share/interfaces_package/action/CountUntil.action
[3.613s] -- Symlinking: /home/aalbeerto-02/tfg_girs_ws/install/interfaces_package/share/ament_index/resource_index/package_run_dependencies/interfaces_package
[3.617s] -- Symlinking: /home/aalbeerto-02/tfg_girs_ws/install/interfaces_package/share/ament_index/resource_index/parent_prefix_path/interfaces_package
[3.621s] -- Symlinking: /home/aalbeerto-02/tfg_girs_ws/install/interfaces_package/share/interfaces_package/environment/ament_prefix_path.sh
[3.626s] -- Symlinking: /home/aalbeerto-02/tfg_girs_ws/install/interfaces_package/share/interfaces_package/environment/ament_prefix_path.dsv
[3.631s] -- Symlinking: /home/aalbeerto-02/tfg_girs_ws/install/interfaces_package/share/interfaces_package/environment/path.sh
[3.635s] -- Symlinking: /home/aalbeerto-02/tfg_girs_ws/install/interfaces_package/share/interfaces_package/environment/path.dsv
[3.641s] -- Symlinking: /home/aalbeerto-02/tfg_girs_ws/install/interfaces_package/share/interfaces_package/local_setup.bash
[3.645s] -- Symlinking: /home/aalbeerto-02/tfg_girs_ws/install/interfaces_package/share/interfaces_package/local_setup.sh
[3.649s] -- Symlinking: /home/aalbeerto-02/tfg_girs_ws/install/interfaces_package/share/interfaces_package/local_setup.zsh
[3.654s] -- Symlinking: /home/aalbeerto-02/tfg_girs_ws/install/interfaces_package/share/interfaces_package/local_setup.dsv
[3.659s] -- Symlinking: /home/aalbeerto-02/tfg_girs_ws/install/interfaces_package/share/interfaces_package/package.dsv
[3.663s] -- Symlinking: /home/aalbeerto-02/tfg_girs_ws/install/interfaces_package/share/ament_index/resource_index/packages/interfaces_package
[3.669s] -- Symlinking: /home/aalbeerto-02/tfg_girs_ws/install/interfaces_package/share/interfaces_package/cmake/rosidl_cmake-extras.cmake
[3.673s] -- Symlinking: /home/aalbeerto-02/tfg_girs_ws/install/interfaces_package/share/interfaces_package/cmake/ament_cmake_export_dependencies-extras.cmake
[3.678s] -- Symlinking: /home/aalbeerto-02/tfg_girs_ws/install/interfaces_package/share/interfaces_package/cmake/ament_cmake_export_include_directories-extras.cmake
[3.682s] -- Symlinking: /home/aalbeerto-02/tfg_girs_ws/install/interfaces_package/share/interfaces_package/cmake/ament_cmake_export_libraries-extras.cmake
[3.687s] -- Symlinking: /home/aalbeerto-02/tfg_girs_ws/install/interfaces_package/share/interfaces_package/cmake/ament_cmake_export_targets-extras.cmake
[3.691s] -- Symlinking: /home/aalbeerto-02/tfg_girs_ws/install/interfaces_package/share/interfaces_package/cmake/rosidl_cmake_export_typesupport_targets-extras.cmake
[3.695s] -- Symlinking: /home/aalbeerto-02/tfg_girs_ws/install/interfaces_package/share/interfaces_package/cmake/rosidl_cmake_export_typesupport_libraries-extras.cmake
[3.700s] -- Symlinking: /home/aalbeerto-02/tfg_girs_ws/install/interfaces_package/share/interfaces_package/cmake/interfaces_packageConfig.cmake
[3.705s] -- Symlinking: /home/aalbeerto-02/tfg_girs_ws/install/interfaces_package/share/interfaces_package/cmake/interfaces_packageConfig-version.cmake
[3.709s] -- Symlinking: /home/aalbeerto-02/tfg_girs_ws/install/interfaces_package/share/interfaces_package/package.xml
[3.713s] -- Installing: /home/aalbeerto-02/tfg_girs_ws/install/interfaces_package/lib/libinterfaces_package__rosidl_generator_c.so
[3.713s] -- Set non-toolchain portion of runtime path of "/home/aalbeerto-02/tfg_girs_ws/install/interfaces_package/lib/libinterfaces_package__rosidl_generator_c.so" to ""
[3.713s] -- Installing: /home/aalbeerto-02/tfg_girs_ws/install/interfaces_package/lib/libinterfaces_package__rosidl_typesupport_fastrtps_c.so
[3.713s] -- Set non-toolchain portion of runtime path of "/home/aalbeerto-02/tfg_girs_ws/install/interfaces_package/lib/libinterfaces_package__rosidl_typesupport_fastrtps_c.so" to ""
[3.714s] -- Installing: /home/aalbeerto-02/tfg_girs_ws/install/interfaces_package/lib/libinterfaces_package__rosidl_typesupport_introspection_c.so
[3.714s] -- Set non-toolchain portion of runtime path of "/home/aalbeerto-02/tfg_girs_ws/install/interfaces_package/lib/libinterfaces_package__rosidl_typesupport_introspection_c.so" to ""
[3.714s] -- Installing: /home/aalbeerto-02/tfg_girs_ws/install/interfaces_package/lib/libinterfaces_package__rosidl_typesupport_c.so
[3.714s] -- Set non-toolchain portion of runtime path of "/home/aalbeerto-02/tfg_girs_ws/install/interfaces_package/lib/libinterfaces_package__rosidl_typesupport_c.so" to ""
[3.714s] -- Installing: /home/aalbeerto-02/tfg_girs_ws/install/interfaces_package/lib/libinterfaces_package__rosidl_typesupport_fastrtps_cpp.so
[3.714s] -- Set non-toolchain portion of runtime path of "/home/aalbeerto-02/tfg_girs_ws/install/interfaces_package/lib/libinterfaces_package__rosidl_typesupport_fastrtps_cpp.so" to ""
[3.714s] -- Installing: /home/aalbeerto-02/tfg_girs_ws/install/interfaces_package/lib/libinterfaces_package__rosidl_typesupport_introspection_cpp.so
[3.714s] -- Set non-toolchain portion of runtime path of "/home/aalbeerto-02/tfg_girs_ws/install/interfaces_package/lib/libinterfaces_package__rosidl_typesupport_introspection_cpp.so" to ""
[3.714s] -- Installing: /home/aalbeerto-02/tfg_girs_ws/install/interfaces_package/lib/libinterfaces_package__rosidl_typesupport_cpp.so
[3.714s] -- Set non-toolchain portion of runtime path of "/home/aalbeerto-02/tfg_girs_ws/install/interfaces_package/lib/libinterfaces_package__rosidl_typesupport_cpp.so" to ""
[3.739s] Listing '/home/aalbeerto-02/tfg_girs_ws/install/interfaces_package/lib/python3.12/site-packages/interfaces_package'...
[3.739s] Compiling '/home/aalbeerto-02/tfg_girs_ws/install/interfaces_package/lib/python3.12/site-packages/interfaces_package/__init__.py'...
[3.739s] Listing '/home/aalbeerto-02/tfg_girs_ws/install/interfaces_package/lib/python3.12/site-packages/interfaces_package/action'...
[3.739s] Compiling '/home/aalbeerto-02/tfg_girs_ws/install/interfaces_package/lib/python3.12/site-packages/interfaces_package/action/__init__.py'...
[3.739s] Compiling '/home/aalbeerto-02/tfg_girs_ws/install/interfaces_package/lib/python3.12/site-packages/interfaces_package/action/_count_until.py'...
[3.742s] -- Installing: /home/aalbeerto-02/tfg_girs_ws/install/interfaces_package/lib/libinterfaces_package__rosidl_generator_py.so
[3.742s] -- Set non-toolchain portion of runtime path of "/home/aalbeerto-02/tfg_girs_ws/install/interfaces_package/lib/libinterfaces_package__rosidl_generator_py.so" to ""
[3.742s] -- Installing: /home/aalbeerto-02/tfg_girs_ws/install/interfaces_package/share/interfaces_package/cmake/export_interfaces_package__rosidl_generator_cExport.cmake
[3.742s] -- Installing: /home/aalbeerto-02/tfg_girs_ws/install/interfaces_package/share/interfaces_package/cmake/export_interfaces_package__rosidl_generator_cExport-noconfig.cmake
[3.742s] -- Installing: /home/aalbeerto-02/tfg_girs_ws/install/interfaces_package/share/interfaces_package/cmake/export_interfaces_package__rosidl_typesupport_fastrtps_cExport.cmake
[3.742s] -- Installing: /home/aalbeerto-02/tfg_girs_ws/install/interfaces_package/share/interfaces_package/cmake/export_interfaces_package__rosidl_typesupport_fastrtps_cExport-noconfig.cmake
[3.742s] -- Installing: /home/aalbeerto-02/tfg_girs_ws/install/interfaces_package/share/interfaces_package/cmake/interfaces_package__rosidl_typesupport_introspection_cExport.cmake
[3.742s] -- Installing: /home/aalbeerto-02/tfg_girs_ws/install/interfaces_package/share/interfaces_package/cmake/interfaces_package__rosidl_typesupport_introspection_cExport-noconfig.cmake
[3.742s] -- Installing: /home/aalbeerto-02/tfg_girs_ws/install/interfaces_package/share/interfaces_package/cmake/interfaces_package__rosidl_typesupport_cExport.cmake
[3.742s] -- Installing: /home/aalbeerto-02/tfg_girs_ws/install/interfaces_package/share/interfaces_package/cmake/interfaces_package__rosidl_typesupport_cExport-noconfig.cmake
[3.742s] -- Installing: /home/aalbeerto-02/tfg_girs_ws/install/interfaces_package/share/interfaces_package/cmake/export_interfaces_package__rosidl_generator_cppExport.cmake
[3.742s] -- Installing: /home/aalbeerto-02/tfg_girs_ws/install/interfaces_package/share/interfaces_package/cmake/export_interfaces_package__rosidl_typesupport_fastrtps_cppExport.cmake
[3.742s] -- Installing: /home/aalbeerto-02/tfg_girs_ws/install/interfaces_package/share/interfaces_package/cmake/export_interfaces_package__rosidl_typesupport_fastrtps_cppExport-noconfig.cmake
[3.742s] -- Installing: /home/aalbeerto-02/tfg_girs_ws/install/interfaces_package/share/interfaces_package/cmake/interfaces_package__rosidl_typesupport_introspection_cppExport.cmake
[3.742s] -- Installing: /home/aalbeerto-02/tfg_girs_ws/install/interfaces_package/share/interfaces_package/cmake/interfaces_package__rosidl_typesupport_introspection_cppExport-noconfig.cmake
[3.742s] -- Installing: /home/aalbeerto-02/tfg_girs_ws/install/interfaces_package/share/interfaces_package/cmake/interfaces_package__rosidl_typesupport_cppExport.cmake
[3.742s] -- Installing: /home/aalbeerto-02/tfg_girs_ws/install/interfaces_package/share/interfaces_package/cmake/interfaces_package__rosidl_typesupport_cppExport-noconfig.cmake
[3.742s] -- Installing: /home/aalbeerto-02/tfg_girs_ws/install/interfaces_package/share/interfaces_package/cmake/export_interfaces_package__rosidl_generator_pyExport.cmake
[3.742s] -- Installing: /home/aalbeerto-02/tfg_girs_ws/install/interfaces_package/share/interfaces_package/cmake/export_interfaces_package__rosidl_generator_pyExport-noconfig.cmake
[3.743s] Invoked command in '/home/aalbeerto-02/tfg_girs_ws/build/interfaces_package' returned '0': CMAKE_PREFIX_PATH=${CMAKE_PREFIX_PATH}:/opt/ros/rolling DEBUGINFOD_URLS=https://debuginfod.ubuntu.com /usr/bin/cmake --install /home/aalbeerto-02/tfg_girs_ws/build/interfaces_package
