[0.049s] DEBUG:colcon:Command line arguments: ['/usr/bin/colcon', 'build', '--symlink-install']
[0.049s] DEBUG:colcon:Parsed command line arguments: Namespace(log_base=None, log_level=None, verb_name='build', build_base='build', install_base='install', merge_install=False, symlink_install=True, test_result_base=None, continue_on_error=False, executor='parallel', parallel_workers=28, event_handlers=None, ignore_user_meta=False, metas=['./colcon.meta'], base_paths=['.'], packages_ignore=None, packages_ignore_regex=None, paths=None, packages_up_to=None, packages_up_to_regex=None, packages_above=None, packages_above_and_dependencies=None, packages_above_depth=None, packages_select_by_dep=None, packages_skip_by_dep=None, packages_skip_up_to=None, packages_select_build_failed=False, packages_skip_build_finished=False, packages_select_test_failures=False, packages_skip_test_passed=False, packages_select=None, packages_skip=None, packages_select_regex=None, packages_skip_regex=None, packages_start=None, packages_end=None, allow_overriding=[], cmake_args=None, cmake_target=None, cmake_target_skip_unavailable=False, cmake_clean_cache=False, cmake_clean_first=False, cmake_force_configure=False, ament_cmake_args=None, catkin_cmake_args=None, catkin_skip_building_tests=False, mixin_files=None, mixin=None, verb_parser=<colcon_mixin.mixin.mixin_argument.MixinArgumentDecorator object at 0x7347977a5be0>, verb_extension=<colcon_core.verb.build.BuildVerb object at 0x734797ffaed0>, main=<bound method BuildVerb.main of <colcon_core.verb.build.BuildVerb object at 0x734797ffaed0>>, mixin_verb=('build',))
[0.068s] Level 1:colcon.colcon_core.package_discovery:discover_packages(colcon_meta) check parameters
[0.068s] Level 1:colcon.colcon_core.package_discovery:discover_packages(recursive) check parameters
[0.068s] Level 1:colcon.colcon_core.package_discovery:discover_packages(ignore) check parameters
[0.068s] Level 1:colcon.colcon_core.package_discovery:discover_packages(path) check parameters
[0.068s] Level 1:colcon.colcon_core.package_discovery:discover_packages(colcon_meta) discover
[0.068s] Level 1:colcon.colcon_core.package_discovery:discover_packages(recursive) discover
[0.068s] INFO:colcon.colcon_core.package_discovery:Crawling recursively for packages in '/home/aalbeerto-02/tfg_girs_ws'
[0.068s] Level 1:colcon.colcon_core.package_identification:_identify(.) by extensions ['ignore', 'ignore_ament_install']
[0.068s] Level 1:colcon.colcon_core.package_identification:_identify(.) by extension 'ignore'
[0.068s] Level 1:colcon.colcon_core.package_identification:_identify(.) by extension 'ignore_ament_install'
[0.068s] Level 1:colcon.colcon_core.package_identification:_identify(.) by extensions ['colcon_pkg']
[0.068s] Level 1:colcon.colcon_core.package_identification:_identify(.) by extension 'colcon_pkg'
[0.068s] Level 1:colcon.colcon_core.package_identification:_identify(.) by extensions ['colcon_meta']
[0.068s] Level 1:colcon.colcon_core.package_identification:_identify(.) by extension 'colcon_meta'
[0.068s] Level 1:colcon.colcon_core.package_identification:_identify(.) by extensions ['ros']
[0.068s] Level 1:colcon.colcon_core.package_identification:_identify(.) by extension 'ros'
[0.081s] Level 1:colcon.colcon_core.package_identification:_identify(.) by extensions ['cmake', 'python']
[0.081s] Level 1:colcon.colcon_core.package_identification:_identify(.) by extension 'cmake'
[0.081s] Level 1:colcon.colcon_core.package_identification:_identify(.) by extension 'python'
[0.081s] Level 1:colcon.colcon_core.package_identification:_identify(.) by extensions ['python_setup_py']
[0.081s] Level 1:colcon.colcon_core.package_identification:_identify(.) by extension 'python_setup_py'
[0.081s] Level 1:colcon.colcon_core.package_identification:_identify(build) by extensions ['ignore', 'ignore_ament_install']
[0.081s] Level 1:colcon.colcon_core.package_identification:_identify(build) by extension 'ignore'
[0.081s] Level 1:colcon.colcon_core.package_identification:_identify(build) ignored
[0.081s] Level 1:colcon.colcon_core.package_identification:_identify(install) by extensions ['ignore', 'ignore_ament_install']
[0.081s] Level 1:colcon.colcon_core.package_identification:_identify(install) by extension 'ignore'
[0.081s] Level 1:colcon.colcon_core.package_identification:_identify(install) ignored
[0.081s] Level 1:colcon.colcon_core.package_identification:_identify(log) by extensions ['ignore', 'ignore_ament_install']
[0.081s] Level 1:colcon.colcon_core.package_identification:_identify(log) by extension 'ignore'
[0.081s] Level 1:colcon.colcon_core.package_identification:_identify(log) ignored
[0.081s] Level 1:colcon.colcon_core.package_identification:_identify(src) by extensions ['ignore', 'ignore_ament_install']
[0.081s] Level 1:colcon.colcon_core.package_identification:_identify(src) by extension 'ignore'
[0.081s] Level 1:colcon.colcon_core.package_identification:_identify(src) by extension 'ignore_ament_install'
[0.081s] Level 1:colcon.colcon_core.package_identification:_identify(src) by extensions ['colcon_pkg']
[0.081s] Level 1:colcon.colcon_core.package_identification:_identify(src) by extension 'colcon_pkg'
[0.081s] Level 1:colcon.colcon_core.package_identification:_identify(src) by extensions ['colcon_meta']
[0.081s] Level 1:colcon.colcon_core.package_identification:_identify(src) by extension 'colcon_meta'
[0.081s] Level 1:colcon.colcon_core.package_identification:_identify(src) by extensions ['ros']
[0.081s] Level 1:colcon.colcon_core.package_identification:_identify(src) by extension 'ros'
[0.081s] Level 1:colcon.colcon_core.package_identification:_identify(src) by extensions ['cmake', 'python']
[0.081s] Level 1:colcon.colcon_core.package_identification:_identify(src) by extension 'cmake'
[0.081s] Level 1:colcon.colcon_core.package_identification:_identify(src) by extension 'python'
[0.081s] Level 1:colcon.colcon_core.package_identification:_identify(src) by extensions ['python_setup_py']
[0.081s] Level 1:colcon.colcon_core.package_identification:_identify(src) by extension 'python_setup_py'
[0.081s] Level 1:colcon.colcon_core.package_identification:_identify(src/actions_package) by extensions ['ignore', 'ignore_ament_install']
[0.081s] Level 1:colcon.colcon_core.package_identification:_identify(src/actions_package) by extension 'ignore'
[0.081s] Level 1:colcon.colcon_core.package_identification:_identify(src/actions_package) by extension 'ignore_ament_install'
[0.081s] Level 1:colcon.colcon_core.package_identification:_identify(src/actions_package) by extensions ['colcon_pkg']
[0.081s] Level 1:colcon.colcon_core.package_identification:_identify(src/actions_package) by extension 'colcon_pkg'
[0.081s] Level 1:colcon.colcon_core.package_identification:_identify(src/actions_package) by extensions ['colcon_meta']
[0.081s] Level 1:colcon.colcon_core.package_identification:_identify(src/actions_package) by extension 'colcon_meta'
[0.081s] Level 1:colcon.colcon_core.package_identification:_identify(src/actions_package) by extensions ['ros']
[0.081s] Level 1:colcon.colcon_core.package_identification:_identify(src/actions_package) by extension 'ros'
[0.083s] DEBUG:colcon.colcon_core.package_identification:Package 'src/actions_package' with type 'ros.ament_python' and name 'actions_package'
[0.083s] Level 1:colcon.colcon_core.package_identification:_identify(src/interfaces_package) by extensions ['ignore', 'ignore_ament_install']
[0.083s] Level 1:colcon.colcon_core.package_identification:_identify(src/interfaces_package) by extension 'ignore'
[0.083s] Level 1:colcon.colcon_core.package_identification:_identify(src/interfaces_package) by extension 'ignore_ament_install'
[0.083s] Level 1:colcon.colcon_core.package_identification:_identify(src/interfaces_package) by extensions ['colcon_pkg']
[0.083s] Level 1:colcon.colcon_core.package_identification:_identify(src/interfaces_package) by extension 'colcon_pkg'
[0.083s] Level 1:colcon.colcon_core.package_identification:_identify(src/interfaces_package) by extensions ['colcon_meta']
[0.083s] Level 1:colcon.colcon_core.package_identification:_identify(src/interfaces_package) by extension 'colcon_meta'
[0.083s] Level 1:colcon.colcon_core.package_identification:_identify(src/interfaces_package) by extensions ['ros']
[0.083s] Level 1:colcon.colcon_core.package_identification:_identify(src/interfaces_package) by extension 'ros'
[0.083s] DEBUG:colcon.colcon_core.package_identification:Package 'src/interfaces_package' with type 'ros.ament_cmake' and name 'interfaces_package'
[0.083s] Level 1:colcon.colcon_core.package_identification:_identify(src/nodes_package) by extensions ['ignore', 'ignore_ament_install']
[0.083s] Level 1:colcon.colcon_core.package_identification:_identify(src/nodes_package) by extension 'ignore'
[0.083s] Level 1:colcon.colcon_core.package_identification:_identify(src/nodes_package) by extension 'ignore_ament_install'
[0.083s] Level 1:colcon.colcon_core.package_identification:_identify(src/nodes_package) by extensions ['colcon_pkg']
[0.083s] Level 1:colcon.colcon_core.package_identification:_identify(src/nodes_package) by extension 'colcon_pkg'
[0.083s] Level 1:colcon.colcon_core.package_identification:_identify(src/nodes_package) by extensions ['colcon_meta']
[0.083s] Level 1:colcon.colcon_core.package_identification:_identify(src/nodes_package) by extension 'colcon_meta'
[0.083s] Level 1:colcon.colcon_core.package_identification:_identify(src/nodes_package) by extensions ['ros']
[0.083s] Level 1:colcon.colcon_core.package_identification:_identify(src/nodes_package) by extension 'ros'
[0.083s] DEBUG:colcon.colcon_core.package_identification:Package 'src/nodes_package' with type 'ros.ament_python' and name 'nodes_package'
[0.083s] Level 1:colcon.colcon_core.package_identification:_identify(src/robot_package) by extensions ['ignore', 'ignore_ament_install']
[0.084s] Level 1:colcon.colcon_core.package_identification:_identify(src/robot_package) by extension 'ignore'
[0.084s] Level 1:colcon.colcon_core.package_identification:_identify(src/robot_package) by extension 'ignore_ament_install'
[0.084s] Level 1:colcon.colcon_core.package_identification:_identify(src/robot_package) by extensions ['colcon_pkg']
[0.084s] Level 1:colcon.colcon_core.package_identification:_identify(src/robot_package) by extension 'colcon_pkg'
[0.084s] Level 1:colcon.colcon_core.package_identification:_identify(src/robot_package) by extensions ['colcon_meta']
[0.084s] Level 1:colcon.colcon_core.package_identification:_identify(src/robot_package) by extension 'colcon_meta'
[0.084s] Level 1:colcon.colcon_core.package_identification:_identify(src/robot_package) by extensions ['ros']
[0.084s] Level 1:colcon.colcon_core.package_identification:_identify(src/robot_package) by extension 'ros'
[0.084s] DEBUG:colcon.colcon_core.package_identification:Package 'src/robot_package' with type 'ros.ament_python' and name 'robot_package'
[0.084s] Level 1:colcon.colcon_core.package_discovery:discover_packages(recursive) using defaults
[0.084s] Level 1:colcon.colcon_core.package_discovery:discover_packages(ignore) discover
[0.084s] Level 1:colcon.colcon_core.package_discovery:discover_packages(ignore) using defaults
[0.084s] Level 1:colcon.colcon_core.package_discovery:discover_packages(path) discover
[0.084s] Level 1:colcon.colcon_core.package_discovery:discover_packages(path) using defaults
[0.092s] Level 1:colcon.colcon_core.package_discovery:discover_packages(prefix_path) check parameters
[0.092s] Level 1:colcon.colcon_core.package_discovery:discover_packages(prefix_path) discover
[0.094s] DEBUG:colcon.colcon_installed_package_information.package_discovery:Found 390 installed packages in /opt/ros/rolling
[0.094s] Level 1:colcon.colcon_core.package_discovery:discover_packages(prefix_path) using defaults
[0.116s] Level 5:colcon.colcon_core.verb:set package 'interfaces_package' build argument 'cmake_args' from command line to 'None'
[0.116s] Level 5:colcon.colcon_core.verb:set package 'interfaces_package' build argument 'cmake_target' from command line to 'None'
[0.116s] Level 5:colcon.colcon_core.verb:set package 'interfaces_package' build argument 'cmake_target_skip_unavailable' from command line to 'False'
[0.116s] Level 5:colcon.colcon_core.verb:set package 'interfaces_package' build argument 'cmake_clean_cache' from command line to 'False'
[0.116s] Level 5:colcon.colcon_core.verb:set package 'interfaces_package' build argument 'cmake_clean_first' from command line to 'False'
[0.116s] Level 5:colcon.colcon_core.verb:set package 'interfaces_package' build argument 'cmake_force_configure' from command line to 'False'
[0.116s] Level 5:colcon.colcon_core.verb:set package 'interfaces_package' build argument 'ament_cmake_args' from command line to 'None'
[0.116s] Level 5:colcon.colcon_core.verb:set package 'interfaces_package' build argument 'catkin_cmake_args' from command line to 'None'
[0.116s] Level 5:colcon.colcon_core.verb:set package 'interfaces_package' build argument 'catkin_skip_building_tests' from command line to 'False'
[0.116s] DEBUG:colcon.colcon_core.verb:Building package 'interfaces_package' with the following arguments: {'ament_cmake_args': None, 'build_base': '/home/aalbeerto-02/tfg_girs_ws/build/interfaces_package', 'catkin_cmake_args': None, 'catkin_skip_building_tests': False, 'cmake_args': None, 'cmake_clean_cache': False, 'cmake_clean_first': False, 'cmake_force_configure': False, 'cmake_target': None, 'cmake_target_skip_unavailable': False, 'install_base': '/home/aalbeerto-02/tfg_girs_ws/install/interfaces_package', 'merge_install': False, 'path': '/home/aalbeerto-02/tfg_girs_ws/src/interfaces_package', 'symlink_install': True, 'test_result_base': None}
[0.116s] Level 5:colcon.colcon_core.verb:set package 'nodes_package' build argument 'cmake_args' from command line to 'None'
[0.116s] Level 5:colcon.colcon_core.verb:set package 'nodes_package' build argument 'cmake_target' from command line to 'None'
[0.116s] Level 5:colcon.colcon_core.verb:set package 'nodes_package' build argument 'cmake_target_skip_unavailable' from command line to 'False'
[0.116s] Level 5:colcon.colcon_core.verb:set package 'nodes_package' build argument 'cmake_clean_cache' from command line to 'False'
[0.116s] Level 5:colcon.colcon_core.verb:set package 'nodes_package' build argument 'cmake_clean_first' from command line to 'False'
[0.116s] Level 5:colcon.colcon_core.verb:set package 'nodes_package' build argument 'cmake_force_configure' from command line to 'False'
[0.116s] Level 5:colcon.colcon_core.verb:set package 'nodes_package' build argument 'ament_cmake_args' from command line to 'None'
[0.116s] Level 5:colcon.colcon_core.verb:set package 'nodes_package' build argument 'catkin_cmake_args' from command line to 'None'
[0.116s] Level 5:colcon.colcon_core.verb:set package 'nodes_package' build argument 'catkin_skip_building_tests' from command line to 'False'
[0.116s] DEBUG:colcon.colcon_core.verb:Building package 'nodes_package' with the following arguments: {'ament_cmake_args': None, 'build_base': '/home/aalbeerto-02/tfg_girs_ws/build/nodes_package', 'catkin_cmake_args': None, 'catkin_skip_building_tests': False, 'cmake_args': None, 'cmake_clean_cache': False, 'cmake_clean_first': False, 'cmake_force_configure': False, 'cmake_target': None, 'cmake_target_skip_unavailable': False, 'install_base': '/home/aalbeerto-02/tfg_girs_ws/install/nodes_package', 'merge_install': False, 'path': '/home/aalbeerto-02/tfg_girs_ws/src/nodes_package', 'symlink_install': True, 'test_result_base': None}
[0.116s] Level 5:colcon.colcon_core.verb:set package 'robot_package' build argument 'cmake_args' from command line to 'None'
[0.116s] Level 5:colcon.colcon_core.verb:set package 'robot_package' build argument 'cmake_target' from command line to 'None'
[0.116s] Level 5:colcon.colcon_core.verb:set package 'robot_package' build argument 'cmake_target_skip_unavailable' from command line to 'False'
[0.116s] Level 5:colcon.colcon_core.verb:set package 'robot_package' build argument 'cmake_clean_cache' from command line to 'False'
[0.116s] Level 5:colcon.colcon_core.verb:set package 'robot_package' build argument 'cmake_clean_first' from command line to 'False'
[0.116s] Level 5:colcon.colcon_core.verb:set package 'robot_package' build argument 'cmake_force_configure' from command line to 'False'
[0.116s] Level 5:colcon.colcon_core.verb:set package 'robot_package' build argument 'ament_cmake_args' from command line to 'None'
[0.116s] Level 5:colcon.colcon_core.verb:set package 'robot_package' build argument 'catkin_cmake_args' from command line to 'None'
[0.116s] Level 5:colcon.colcon_core.verb:set package 'robot_package' build argument 'catkin_skip_building_tests' from command line to 'False'
[0.116s] DEBUG:colcon.colcon_core.verb:Building package 'robot_package' with the following arguments: {'ament_cmake_args': None, 'build_base': '/home/aalbeerto-02/tfg_girs_ws/build/robot_package', 'catkin_cmake_args': None, 'catkin_skip_building_tests': False, 'cmake_args': None, 'cmake_clean_cache': False, 'cmake_clean_first': False, 'cmake_force_configure': False, 'cmake_target': None, 'cmake_target_skip_unavailable': False, 'install_base': '/home/aalbeerto-02/tfg_girs_ws/install/robot_package', 'merge_install': False, 'path': '/home/aalbeerto-02/tfg_girs_ws/src/robot_package', 'symlink_install': True, 'test_result_base': None}
[0.116s] Level 5:colcon.colcon_core.verb:set package 'actions_package' build argument 'cmake_args' from command line to 'None'
[0.116s] Level 5:colcon.colcon_core.verb:set package 'actions_package' build argument 'cmake_target' from command line to 'None'
[0.116s] Level 5:colcon.colcon_core.verb:set package 'actions_package' build argument 'cmake_target_skip_unavailable' from command line to 'False'
[0.116s] Level 5:colcon.colcon_core.verb:set package 'actions_package' build argument 'cmake_clean_cache' from command line to 'False'
[0.116s] Level 5:colcon.colcon_core.verb:set package 'actions_package' build argument 'cmake_clean_first' from command line to 'False'
[0.116s] Level 5:colcon.colcon_core.verb:set package 'actions_package' build argument 'cmake_force_configure' from command line to 'False'
[0.116s] Level 5:colcon.colcon_core.verb:set package 'actions_package' build argument 'ament_cmake_args' from command line to 'None'
[0.116s] Level 5:colcon.colcon_core.verb:set package 'actions_package' build argument 'catkin_cmake_args' from command line to 'None'
[0.116s] Level 5:colcon.colcon_core.verb:set package 'actions_package' build argument 'catkin_skip_building_tests' from command line to 'False'
[0.116s] DEBUG:colcon.colcon_core.verb:Building package 'actions_package' with the following arguments: {'ament_cmake_args': None, 'build_base': '/home/aalbeerto-02/tfg_girs_ws/build/actions_package', 'catkin_cmake_args': None, 'catkin_skip_building_tests': False, 'cmake_args': None, 'cmake_clean_cache': False, 'cmake_clean_first': False, 'cmake_force_configure': False, 'cmake_target': None, 'cmake_target_skip_unavailable': False, 'install_base': '/home/aalbeerto-02/tfg_girs_ws/install/actions_package', 'merge_install': False, 'path': '/home/aalbeerto-02/tfg_girs_ws/src/actions_package', 'symlink_install': True, 'test_result_base': None}
[0.117s] INFO:colcon.colcon_core.executor:Executing jobs using 'parallel' executor
[0.117s] DEBUG:colcon.colcon_parallel_executor.executor.parallel:run_until_complete
[0.117s] INFO:colcon.colcon_ros.task.ament_cmake.build:Building ROS package in '/home/aalbeerto-02/tfg_girs_ws/src/interfaces_package' with build type 'ament_cmake'
[0.117s] INFO:colcon.colcon_cmake.task.cmake.build:Building CMake package in '/home/aalbeerto-02/tfg_girs_ws/src/interfaces_package'
[0.118s] INFO:colcon.colcon_core.plugin_system:Skipping extension 'colcon_core.shell.bat': Not used on non-Windows systems
[0.118s] INFO:colcon.colcon_core.shell:Skip shell extension 'powershell' for command environment: Not usable outside of PowerShell
[0.118s] DEBUG:colcon.colcon_core.shell:Skip shell extension 'dsv' for command environment
[0.120s] INFO:colcon.colcon_ros.task.ament_python.build:Building ROS package in '/home/aalbeerto-02/tfg_girs_ws/src/nodes_package' with build type 'ament_python'
[0.120s] Level 1:colcon.colcon_core.shell:create_environment_hook('nodes_package', 'ament_prefix_path')
[0.120s] INFO:colcon.colcon_core.shell:Creating environment hook '/home/aalbeerto-02/tfg_girs_ws/install/nodes_package/share/nodes_package/hook/ament_prefix_path.ps1'
[0.120s] INFO:colcon.colcon_core.shell:Creating environment descriptor '/home/aalbeerto-02/tfg_girs_ws/install/nodes_package/share/nodes_package/hook/ament_prefix_path.dsv'
[0.120s] INFO:colcon.colcon_core.shell:Creating environment hook '/home/aalbeerto-02/tfg_girs_ws/install/nodes_package/share/nodes_package/hook/ament_prefix_path.sh'
[0.121s] INFO:colcon.colcon_core.shell:Skip shell extension 'powershell' for command environment: Not usable outside of PowerShell
[0.121s] DEBUG:colcon.colcon_core.shell:Skip shell extension 'dsv' for command environment
[0.122s] INFO:colcon.colcon_ros.task.ament_python.build:Building ROS package in '/home/aalbeerto-02/tfg_girs_ws/src/robot_package' with build type 'ament_python'
[0.122s] Level 1:colcon.colcon_core.shell:create_environment_hook('robot_package', 'ament_prefix_path')
[0.122s] INFO:colcon.colcon_core.shell:Creating environment hook '/home/aalbeerto-02/tfg_girs_ws/install/robot_package/share/robot_package/hook/ament_prefix_path.ps1'
[0.122s] INFO:colcon.colcon_core.shell:Creating environment descriptor '/home/aalbeerto-02/tfg_girs_ws/install/robot_package/share/robot_package/hook/ament_prefix_path.dsv'
[0.123s] INFO:colcon.colcon_core.shell:Creating environment hook '/home/aalbeerto-02/tfg_girs_ws/install/robot_package/share/robot_package/hook/ament_prefix_path.sh'
[0.123s] INFO:colcon.colcon_core.shell:Skip shell extension 'powershell' for command environment: Not usable outside of PowerShell
[0.123s] DEBUG:colcon.colcon_core.shell:Skip shell extension 'dsv' for command environment
[0.125s] DEBUG:colcon.colcon_core.event_handler.log_command:Invoking command in '/home/aalbeerto-02/tfg_girs_ws/build/interfaces_package': CMAKE_PREFIX_PATH=${CMAKE_PREFIX_PATH}:/opt/ros/rolling DEBUGINFOD_URLS=https://debuginfod.ubuntu.com /usr/bin/cmake /home/aalbeerto-02/tfg_girs_ws/src/interfaces_package -DAMENT_CMAKE_SYMLINK_INSTALL=1 -DCMAKE_INSTALL_PREFIX=/home/aalbeerto-02/tfg_girs_ws/install/interfaces_package
[0.228s] INFO:colcon.colcon_core.task.python.build:Building Python package in '/home/aalbeerto-02/tfg_girs_ws/src/nodes_package'
[0.229s] INFO:colcon.colcon_core.shell:Skip shell extension 'powershell' for command environment: Not usable outside of PowerShell
[0.229s] DEBUG:colcon.colcon_core.shell:Skip shell extension 'dsv' for command environment
[0.334s] INFO:colcon.colcon_core.task.python.build:Building Python package in '/home/aalbeerto-02/tfg_girs_ws/src/robot_package'
[0.335s] INFO:colcon.colcon_core.shell:Skip shell extension 'powershell' for command environment: Not usable outside of PowerShell
[0.335s] DEBUG:colcon.colcon_core.shell:Skip shell extension 'dsv' for command environment
[0.605s] DEBUG:colcon.colcon_core.event_handler.log_command:Invoking command in '/home/aalbeerto-02/tfg_girs_ws/build/nodes_package': DEBUGINFOD_URLS=https://debuginfod.ubuntu.com PYTHONPATH=/home/aalbeerto-02/tfg_girs_ws/build/nodes_package/prefix_override:/usr/lib/python3/dist-packages/colcon_core/task/python/colcon_distutils_commands:/home/aalbeerto-02/tfg_girs_ws/install/nodes_package/lib/python3.12/site-packages:${PYTHONPATH} /usr/bin/python3 -W ignore:setup.py install is deprecated -W ignore:easy_install command is deprecated setup.py develop --editable --build-directory /home/aalbeerto-02/tfg_girs_ws/build/nodes_package/build --no-deps symlink_data
[0.605s] DEBUG:colcon.colcon_core.event_handler.log_command:Invoking command in '/home/aalbeerto-02/tfg_girs_ws/build/robot_package': DEBUGINFOD_URLS=https://debuginfod.ubuntu.com PYTHONPATH=/home/aalbeerto-02/tfg_girs_ws/build/robot_package/prefix_override:/usr/lib/python3/dist-packages/colcon_core/task/python/colcon_distutils_commands:/home/aalbeerto-02/tfg_girs_ws/install/robot_package/lib/python3.12/site-packages:${PYTHONPATH} /usr/bin/python3 -W ignore:setup.py install is deprecated -W ignore:easy_install command is deprecated setup.py develop --editable --build-directory /home/aalbeerto-02/tfg_girs_ws/build/robot_package/build --no-deps symlink_data
[0.897s] Level 1:colcon.colcon_core.shell:create_environment_hook('nodes_package', 'pythonpath_develop')
[0.897s] INFO:colcon.colcon_core.shell:Creating environment hook '/home/aalbeerto-02/tfg_girs_ws/build/nodes_package/share/nodes_package/hook/pythonpath_develop.ps1'
[0.898s] DEBUG:colcon.colcon_core.event_handler.log_command:Invoked command in '/home/aalbeerto-02/tfg_girs_ws/build/nodes_package' returned '0': DEBUGINFOD_URLS=https://debuginfod.ubuntu.com PYTHONPATH=/home/aalbeerto-02/tfg_girs_ws/build/nodes_package/prefix_override:/usr/lib/python3/dist-packages/colcon_core/task/python/colcon_distutils_commands:/home/aalbeerto-02/tfg_girs_ws/install/nodes_package/lib/python3.12/site-packages:${PYTHONPATH} /usr/bin/python3 -W ignore:setup.py install is deprecated -W ignore:easy_install command is deprecated setup.py develop --editable --build-directory /home/aalbeerto-02/tfg_girs_ws/build/nodes_package/build --no-deps symlink_data
[0.898s] INFO:colcon.colcon_core.shell:Creating environment descriptor '/home/aalbeerto-02/tfg_girs_ws/build/nodes_package/share/nodes_package/hook/pythonpath_develop.dsv'
[0.898s] INFO:colcon.colcon_core.shell:Creating environment hook '/home/aalbeerto-02/tfg_girs_ws/build/nodes_package/share/nodes_package/hook/pythonpath_develop.sh'
[0.900s] Level 1:colcon.colcon_core.environment:checking '/home/aalbeerto-02/tfg_girs_ws/install/nodes_package' for CMake module files
[0.900s] Level 1:colcon.colcon_core.environment:checking '/home/aalbeerto-02/tfg_girs_ws/install/nodes_package' for CMake config files
[0.900s] Level 1:colcon.colcon_core.environment:checking '/home/aalbeerto-02/tfg_girs_ws/install/nodes_package/lib'
[0.900s] Level 1:colcon.colcon_core.environment:checking '/home/aalbeerto-02/tfg_girs_ws/install/nodes_package/bin'
[0.900s] Level 1:colcon.colcon_core.environment:checking '/home/aalbeerto-02/tfg_girs_ws/install/nodes_package/lib/pkgconfig/nodes_package.pc'
[0.900s] Level 1:colcon.colcon_core.environment:checking '/home/aalbeerto-02/tfg_girs_ws/install/nodes_package/lib/python3.12/site-packages'
[0.900s] Level 1:colcon.colcon_core.shell:create_environment_hook('nodes_package', 'pythonpath')
[0.900s] INFO:colcon.colcon_core.shell:Creating environment hook '/home/aalbeerto-02/tfg_girs_ws/install/nodes_package/share/nodes_package/hook/pythonpath.ps1'
[0.901s] INFO:colcon.colcon_core.shell:Creating environment descriptor '/home/aalbeerto-02/tfg_girs_ws/install/nodes_package/share/nodes_package/hook/pythonpath.dsv'
[0.901s] INFO:colcon.colcon_core.shell:Creating environment hook '/home/aalbeerto-02/tfg_girs_ws/install/nodes_package/share/nodes_package/hook/pythonpath.sh'
[0.901s] Level 1:colcon.colcon_core.environment:checking '/home/aalbeerto-02/tfg_girs_ws/install/nodes_package/bin'
[0.901s] Level 1:colcon.colcon_core.environment:create_environment_scripts_only(nodes_package)
[0.901s] INFO:colcon.colcon_core.shell:Creating package script '/home/aalbeerto-02/tfg_girs_ws/install/nodes_package/share/nodes_package/package.ps1'
[0.901s] INFO:colcon.colcon_core.shell:Creating package descriptor '/home/aalbeerto-02/tfg_girs_ws/install/nodes_package/share/nodes_package/package.dsv'
[0.902s] INFO:colcon.colcon_core.shell:Creating package script '/home/aalbeerto-02/tfg_girs_ws/install/nodes_package/share/nodes_package/package.sh'
[0.902s] INFO:colcon.colcon_core.shell:Creating package script '/home/aalbeerto-02/tfg_girs_ws/install/nodes_package/share/nodes_package/package.bash'
[0.902s] INFO:colcon.colcon_core.shell:Creating package script '/home/aalbeerto-02/tfg_girs_ws/install/nodes_package/share/nodes_package/package.zsh'
[0.902s] Level 1:colcon.colcon_core.environment:create_file_with_runtime_dependencies(/home/aalbeerto-02/tfg_girs_ws/install/nodes_package/share/colcon-core/packages/nodes_package)
[0.903s] Level 1:colcon.colcon_core.shell:create_environment_hook('robot_package', 'pythonpath_develop')
[0.903s] INFO:colcon.colcon_core.shell:Creating environment hook '/home/aalbeerto-02/tfg_girs_ws/build/robot_package/share/robot_package/hook/pythonpath_develop.ps1'
[0.903s] INFO:colcon.colcon_core.shell:Creating environment descriptor '/home/aalbeerto-02/tfg_girs_ws/build/robot_package/share/robot_package/hook/pythonpath_develop.dsv'
[0.904s] INFO:colcon.colcon_core.shell:Creating environment hook '/home/aalbeerto-02/tfg_girs_ws/build/robot_package/share/robot_package/hook/pythonpath_develop.sh'
[0.904s] Level 1:colcon.colcon_core.environment:checking '/home/aalbeerto-02/tfg_girs_ws/install/robot_package' for CMake module files
[0.904s] DEBUG:colcon.colcon_core.event_handler.log_command:Invoked command in '/home/aalbeerto-02/tfg_girs_ws/build/robot_package' returned '0': DEBUGINFOD_URLS=https://debuginfod.ubuntu.com PYTHONPATH=/home/aalbeerto-02/tfg_girs_ws/build/robot_package/prefix_override:/usr/lib/python3/dist-packages/colcon_core/task/python/colcon_distutils_commands:/home/aalbeerto-02/tfg_girs_ws/install/robot_package/lib/python3.12/site-packages:${PYTHONPATH} /usr/bin/python3 -W ignore:setup.py install is deprecated -W ignore:easy_install command is deprecated setup.py develop --editable --build-directory /home/aalbeerto-02/tfg_girs_ws/build/robot_package/build --no-deps symlink_data
[0.904s] Level 1:colcon.colcon_core.environment:checking '/home/aalbeerto-02/tfg_girs_ws/install/robot_package' for CMake config files
[0.905s] Level 1:colcon.colcon_core.environment:checking '/home/aalbeerto-02/tfg_girs_ws/install/robot_package/lib'
[0.905s] Level 1:colcon.colcon_core.environment:checking '/home/aalbeerto-02/tfg_girs_ws/install/robot_package/bin'
[0.905s] Level 1:colcon.colcon_core.environment:checking '/home/aalbeerto-02/tfg_girs_ws/install/robot_package/lib/pkgconfig/robot_package.pc'
[0.905s] Level 1:colcon.colcon_core.environment:checking '/home/aalbeerto-02/tfg_girs_ws/install/robot_package/lib/python3.12/site-packages'
[0.905s] Level 1:colcon.colcon_core.shell:create_environment_hook('robot_package', 'pythonpath')
[0.905s] INFO:colcon.colcon_core.shell:Creating environment hook '/home/aalbeerto-02/tfg_girs_ws/install/robot_package/share/robot_package/hook/pythonpath.ps1'
[0.905s] INFO:colcon.colcon_core.shell:Creating environment descriptor '/home/aalbeerto-02/tfg_girs_ws/install/robot_package/share/robot_package/hook/pythonpath.dsv'
[0.905s] INFO:colcon.colcon_core.shell:Creating environment hook '/home/aalbeerto-02/tfg_girs_ws/install/robot_package/share/robot_package/hook/pythonpath.sh'
[0.905s] Level 1:colcon.colcon_core.environment:checking '/home/aalbeerto-02/tfg_girs_ws/install/robot_package/bin'
[0.905s] Level 1:colcon.colcon_core.environment:create_environment_scripts_only(robot_package)
[0.906s] INFO:colcon.colcon_core.shell:Creating package script '/home/aalbeerto-02/tfg_girs_ws/install/robot_package/share/robot_package/package.ps1'
[0.906s] INFO:colcon.colcon_core.shell:Creating package descriptor '/home/aalbeerto-02/tfg_girs_ws/install/robot_package/share/robot_package/package.dsv'
[0.906s] INFO:colcon.colcon_core.shell:Creating package script '/home/aalbeerto-02/tfg_girs_ws/install/robot_package/share/robot_package/package.sh'
[0.906s] INFO:colcon.colcon_core.shell:Creating package script '/home/aalbeerto-02/tfg_girs_ws/install/robot_package/share/robot_package/package.bash'
[0.906s] INFO:colcon.colcon_core.shell:Creating package script '/home/aalbeerto-02/tfg_girs_ws/install/robot_package/share/robot_package/package.zsh'
[0.906s] Level 1:colcon.colcon_core.environment:create_file_with_runtime_dependencies(/home/aalbeerto-02/tfg_girs_ws/install/robot_package/share/colcon-core/packages/robot_package)
[1.739s] DEBUG:colcon.colcon_core.event_handler.log_command:Invoked command in '/home/aalbeerto-02/tfg_girs_ws/build/interfaces_package' returned '0': CMAKE_PREFIX_PATH=${CMAKE_PREFIX_PATH}:/opt/ros/rolling DEBUGINFOD_URLS=https://debuginfod.ubuntu.com /usr/bin/cmake /home/aalbeerto-02/tfg_girs_ws/src/interfaces_package -DAMENT_CMAKE_SYMLINK_INSTALL=1 -DCMAKE_INSTALL_PREFIX=/home/aalbeerto-02/tfg_girs_ws/install/interfaces_package
[1.740s] DEBUG:colcon.colcon_core.event_handler.log_command:Invoking command in '/home/aalbeerto-02/tfg_girs_ws/build/interfaces_package': CMAKE_PREFIX_PATH=${CMAKE_PREFIX_PATH}:/opt/ros/rolling DEBUGINFOD_URLS=https://debuginfod.ubuntu.com /usr/bin/cmake --build /home/aalbeerto-02/tfg_girs_ws/build/interfaces_package -- -j28 -l28
[3.508s] DEBUG:colcon.colcon_core.event_handler.log_command:Invoked command in '/home/aalbeerto-02/tfg_girs_ws/build/interfaces_package' returned '0': CMAKE_PREFIX_PATH=${CMAKE_PREFIX_PATH}:/opt/ros/rolling DEBUGINFOD_URLS=https://debuginfod.ubuntu.com /usr/bin/cmake --build /home/aalbeerto-02/tfg_girs_ws/build/interfaces_package -- -j28 -l28
[3.514s] DEBUG:colcon.colcon_core.event_handler.log_command:Invoking command in '/home/aalbeerto-02/tfg_girs_ws/build/interfaces_package': CMAKE_PREFIX_PATH=${CMAKE_PREFIX_PATH}:/opt/ros/rolling DEBUGINFOD_URLS=https://debuginfod.ubuntu.com /usr/bin/cmake --install /home/aalbeerto-02/tfg_girs_ws/build/interfaces_package
[3.861s] Level 1:colcon.colcon_core.environment:create_environment_scripts_only(interfaces_package)
[3.861s] DEBUG:colcon.colcon_core.event_handler.log_command:Invoked command in '/home/aalbeerto-02/tfg_girs_ws/build/interfaces_package' returned '0': CMAKE_PREFIX_PATH=${CMAKE_PREFIX_PATH}:/opt/ros/rolling DEBUGINFOD_URLS=https://debuginfod.ubuntu.com /usr/bin/cmake --install /home/aalbeerto-02/tfg_girs_ws/build/interfaces_package
[3.861s] Level 1:colcon.colcon_core.environment:checking '/home/aalbeerto-02/tfg_girs_ws/install/interfaces_package' for CMake module files
[3.861s] Level 1:colcon.colcon_core.environment:checking '/home/aalbeerto-02/tfg_girs_ws/install/interfaces_package' for CMake config files
[3.861s] Level 1:colcon.colcon_core.shell:create_environment_hook('interfaces_package', 'cmake_prefix_path')
[3.861s] INFO:colcon.colcon_core.shell:Creating environment hook '/home/aalbeerto-02/tfg_girs_ws/install/interfaces_package/share/interfaces_package/hook/cmake_prefix_path.ps1'
[3.862s] INFO:colcon.colcon_core.shell:Creating environment descriptor '/home/aalbeerto-02/tfg_girs_ws/install/interfaces_package/share/interfaces_package/hook/cmake_prefix_path.dsv'
[3.862s] INFO:colcon.colcon_core.shell:Creating environment hook '/home/aalbeerto-02/tfg_girs_ws/install/interfaces_package/share/interfaces_package/hook/cmake_prefix_path.sh'
[3.862s] Level 1:colcon.colcon_core.environment:checking '/home/aalbeerto-02/tfg_girs_ws/install/interfaces_package/lib'
[3.862s] Level 1:colcon.colcon_core.shell:create_environment_hook('interfaces_package', 'ld_library_path_lib')
[3.862s] INFO:colcon.colcon_core.shell:Creating environment hook '/home/aalbeerto-02/tfg_girs_ws/install/interfaces_package/share/interfaces_package/hook/ld_library_path_lib.ps1'
[3.862s] INFO:colcon.colcon_core.shell:Creating environment descriptor '/home/aalbeerto-02/tfg_girs_ws/install/interfaces_package/share/interfaces_package/hook/ld_library_path_lib.dsv'
[3.862s] INFO:colcon.colcon_core.shell:Creating environment hook '/home/aalbeerto-02/tfg_girs_ws/install/interfaces_package/share/interfaces_package/hook/ld_library_path_lib.sh'
[3.862s] Level 1:colcon.colcon_core.environment:checking '/home/aalbeerto-02/tfg_girs_ws/install/interfaces_package/bin'
[3.862s] Level 1:colcon.colcon_core.environment:checking '/home/aalbeerto-02/tfg_girs_ws/install/interfaces_package/lib/pkgconfig/interfaces_package.pc'
[3.863s] Level 1:colcon.colcon_core.environment:checking '/home/aalbeerto-02/tfg_girs_ws/install/interfaces_package/lib/python3.12/site-packages'
[3.863s] Level 1:colcon.colcon_core.shell:create_environment_hook('interfaces_package', 'pythonpath')
[3.863s] INFO:colcon.colcon_core.shell:Creating environment hook '/home/aalbeerto-02/tfg_girs_ws/install/interfaces_package/share/interfaces_package/hook/pythonpath.ps1'
[3.863s] INFO:colcon.colcon_core.shell:Creating environment descriptor '/home/aalbeerto-02/tfg_girs_ws/install/interfaces_package/share/interfaces_package/hook/pythonpath.dsv'
[3.863s] INFO:colcon.colcon_core.shell:Creating environment hook '/home/aalbeerto-02/tfg_girs_ws/install/interfaces_package/share/interfaces_package/hook/pythonpath.sh'
[3.863s] Level 1:colcon.colcon_core.environment:checking '/home/aalbeerto-02/tfg_girs_ws/install/interfaces_package/bin'
[3.863s] INFO:colcon.colcon_core.shell:Creating package script '/home/aalbeerto-02/tfg_girs_ws/install/interfaces_package/share/interfaces_package/package.ps1'
[3.863s] INFO:colcon.colcon_core.shell:Creating package descriptor '/home/aalbeerto-02/tfg_girs_ws/install/interfaces_package/share/interfaces_package/package.dsv'
[3.864s] INFO:colcon.colcon_core.shell:Creating package script '/home/aalbeerto-02/tfg_girs_ws/install/interfaces_package/share/interfaces_package/package.sh'
[3.864s] INFO:colcon.colcon_core.shell:Creating package script '/home/aalbeerto-02/tfg_girs_ws/install/interfaces_package/share/interfaces_package/package.bash'
[3.864s] INFO:colcon.colcon_core.shell:Creating package script '/home/aalbeerto-02/tfg_girs_ws/install/interfaces_package/share/interfaces_package/package.zsh'
[3.864s] Level 1:colcon.colcon_core.environment:create_file_with_runtime_dependencies(/home/aalbeerto-02/tfg_girs_ws/install/interfaces_package/share/colcon-core/packages/interfaces_package)
[3.864s] Level 1:colcon.colcon_core.environment:create_environment_scripts_only(interfaces_package)
[3.864s] Level 1:colcon.colcon_core.environment:checking '/home/aalbeerto-02/tfg_girs_ws/install/interfaces_package' for CMake module files
[3.865s] Level 1:colcon.colcon_core.environment:checking '/home/aalbeerto-02/tfg_girs_ws/install/interfaces_package' for CMake config files
[3.865s] Level 1:colcon.colcon_core.shell:create_environment_hook('interfaces_package', 'cmake_prefix_path')
[3.865s] INFO:colcon.colcon_core.shell:Creating environment hook '/home/aalbeerto-02/tfg_girs_ws/install/interfaces_package/share/interfaces_package/hook/cmake_prefix_path.ps1'
[3.865s] INFO:colcon.colcon_core.shell:Creating environment descriptor '/home/aalbeerto-02/tfg_girs_ws/install/interfaces_package/share/interfaces_package/hook/cmake_prefix_path.dsv'
[3.865s] INFO:colcon.colcon_core.shell:Creating environment hook '/home/aalbeerto-02/tfg_girs_ws/install/interfaces_package/share/interfaces_package/hook/cmake_prefix_path.sh'
[3.865s] Level 1:colcon.colcon_core.environment:checking '/home/aalbeerto-02/tfg_girs_ws/install/interfaces_package/lib'
[3.865s] Level 1:colcon.colcon_core.shell:create_environment_hook('interfaces_package', 'ld_library_path_lib')
[3.866s] INFO:colcon.colcon_core.shell:Creating environment hook '/home/aalbeerto-02/tfg_girs_ws/install/interfaces_package/share/interfaces_package/hook/ld_library_path_lib.ps1'
[3.866s] INFO:colcon.colcon_core.shell:Creating environment descriptor '/home/aalbeerto-02/tfg_girs_ws/install/interfaces_package/share/interfaces_package/hook/ld_library_path_lib.dsv'
[3.866s] INFO:colcon.colcon_core.shell:Creating environment hook '/home/aalbeerto-02/tfg_girs_ws/install/interfaces_package/share/interfaces_package/hook/ld_library_path_lib.sh'
[3.866s] Level 1:colcon.colcon_core.environment:checking '/home/aalbeerto-02/tfg_girs_ws/install/interfaces_package/bin'
[3.866s] Level 1:colcon.colcon_core.environment:checking '/home/aalbeerto-02/tfg_girs_ws/install/interfaces_package/lib/pkgconfig/interfaces_package.pc'
[3.866s] Level 1:colcon.colcon_core.environment:checking '/home/aalbeerto-02/tfg_girs_ws/install/interfaces_package/lib/python3.12/site-packages'
[3.866s] Level 1:colcon.colcon_core.shell:create_environment_hook('interfaces_package', 'pythonpath')
[3.866s] INFO:colcon.colcon_core.shell:Creating environment hook '/home/aalbeerto-02/tfg_girs_ws/install/interfaces_package/share/interfaces_package/hook/pythonpath.ps1'
[3.866s] INFO:colcon.colcon_core.shell:Creating environment descriptor '/home/aalbeerto-02/tfg_girs_ws/install/interfaces_package/share/interfaces_package/hook/pythonpath.dsv'
[3.866s] INFO:colcon.colcon_core.shell:Creating environment hook '/home/aalbeerto-02/tfg_girs_ws/install/interfaces_package/share/interfaces_package/hook/pythonpath.sh'
[3.867s] Level 1:colcon.colcon_core.environment:checking '/home/aalbeerto-02/tfg_girs_ws/install/interfaces_package/bin'
[3.867s] INFO:colcon.colcon_core.shell:Creating package script '/home/aalbeerto-02/tfg_girs_ws/install/interfaces_package/share/interfaces_package/package.ps1'
[3.867s] INFO:colcon.colcon_core.shell:Creating package descriptor '/home/aalbeerto-02/tfg_girs_ws/install/interfaces_package/share/interfaces_package/package.dsv'
[3.867s] INFO:colcon.colcon_core.shell:Creating package script '/home/aalbeerto-02/tfg_girs_ws/install/interfaces_package/share/interfaces_package/package.sh'
[3.867s] INFO:colcon.colcon_core.shell:Creating package script '/home/aalbeerto-02/tfg_girs_ws/install/interfaces_package/share/interfaces_package/package.bash'
[3.867s] INFO:colcon.colcon_core.shell:Creating package script '/home/aalbeerto-02/tfg_girs_ws/install/interfaces_package/share/interfaces_package/package.zsh'
[3.867s] Level 1:colcon.colcon_core.environment:create_file_with_runtime_dependencies(/home/aalbeerto-02/tfg_girs_ws/install/interfaces_package/share/colcon-core/packages/interfaces_package)
[3.868s] INFO:colcon.colcon_ros.task.ament_python.build:Building ROS package in '/home/aalbeerto-02/tfg_girs_ws/src/actions_package' with build type 'ament_python'
[3.868s] Level 1:colcon.colcon_core.shell:create_environment_hook('actions_package', 'ament_prefix_path')
[3.868s] INFO:colcon.colcon_core.shell:Creating environment hook '/home/aalbeerto-02/tfg_girs_ws/install/actions_package/share/actions_package/hook/ament_prefix_path.ps1'
[3.868s] INFO:colcon.colcon_core.shell:Creating environment descriptor '/home/aalbeerto-02/tfg_girs_ws/install/actions_package/share/actions_package/hook/ament_prefix_path.dsv'
[3.868s] INFO:colcon.colcon_core.shell:Creating environment hook '/home/aalbeerto-02/tfg_girs_ws/install/actions_package/share/actions_package/hook/ament_prefix_path.sh'
[3.868s] INFO:colcon.colcon_core.shell:Skip shell extension 'powershell' for command environment: Not usable outside of PowerShell
[3.868s] DEBUG:colcon.colcon_core.shell:Skip shell extension 'dsv' for command environment
[3.976s] INFO:colcon.colcon_core.task.python.build:Building Python package in '/home/aalbeerto-02/tfg_girs_ws/src/actions_package'
[3.976s] INFO:colcon.colcon_core.shell:Skip shell extension 'powershell' for command environment: Not usable outside of PowerShell
[3.976s] DEBUG:colcon.colcon_core.shell:Skip shell extension 'dsv' for command environment
[4.242s] DEBUG:colcon.colcon_core.event_handler.log_command:Invoking command in '/home/aalbeerto-02/tfg_girs_ws/build/actions_package': AMENT_PREFIX_PATH=/home/aalbeerto-02/tfg_girs_ws/install/interfaces_package:${AMENT_PREFIX_PATH} CMAKE_PREFIX_PATH=/home/aalbeerto-02/tfg_girs_ws/install/interfaces_package:${CMAKE_PREFIX_PATH} DEBUGINFOD_URLS=https://debuginfod.ubuntu.com LD_LIBRARY_PATH=/home/aalbeerto-02/tfg_girs_ws/install/interfaces_package/lib:${LD_LIBRARY_PATH} PYTHONPATH=/home/aalbeerto-02/tfg_girs_ws/build/actions_package/prefix_override:/usr/lib/python3/dist-packages/colcon_core/task/python/colcon_distutils_commands:/home/aalbeerto-02/tfg_girs_ws/install/actions_package/lib/python3.12/site-packages:/home/aalbeerto-02/tfg_girs_ws/install/interfaces_package/lib/python3.12/site-packages:${PYTHONPATH} /usr/bin/python3 -W ignore:setup.py install is deprecated -W ignore:easy_install command is deprecated setup.py develop --editable --build-directory /home/aalbeerto-02/tfg_girs_ws/build/actions_package/build --no-deps symlink_data
[4.528s] Level 1:colcon.colcon_core.shell:create_environment_hook('actions_package', 'pythonpath_develop')
[4.528s] INFO:colcon.colcon_core.shell:Creating environment hook '/home/aalbeerto-02/tfg_girs_ws/build/actions_package/share/actions_package/hook/pythonpath_develop.ps1'
[4.529s] DEBUG:colcon.colcon_core.event_handler.log_command:Invoked command in '/home/aalbeerto-02/tfg_girs_ws/build/actions_package' returned '0': AMENT_PREFIX_PATH=/home/aalbeerto-02/tfg_girs_ws/install/interfaces_package:${AMENT_PREFIX_PATH} CMAKE_PREFIX_PATH=/home/aalbeerto-02/tfg_girs_ws/install/interfaces_package:${CMAKE_PREFIX_PATH} DEBUGINFOD_URLS=https://debuginfod.ubuntu.com LD_LIBRARY_PATH=/home/aalbeerto-02/tfg_girs_ws/install/interfaces_package/lib:${LD_LIBRARY_PATH} PYTHONPATH=/home/aalbeerto-02/tfg_girs_ws/build/actions_package/prefix_override:/usr/lib/python3/dist-packages/colcon_core/task/python/colcon_distutils_commands:/home/aalbeerto-02/tfg_girs_ws/install/actions_package/lib/python3.12/site-packages:/home/aalbeerto-02/tfg_girs_ws/install/interfaces_package/lib/python3.12/site-packages:${PYTHONPATH} /usr/bin/python3 -W ignore:setup.py install is deprecated -W ignore:easy_install command is deprecated setup.py develop --editable --build-directory /home/aalbeerto-02/tfg_girs_ws/build/actions_package/build --no-deps symlink_data
[4.529s] INFO:colcon.colcon_core.shell:Creating environment descriptor '/home/aalbeerto-02/tfg_girs_ws/build/actions_package/share/actions_package/hook/pythonpath_develop.dsv'
[4.529s] INFO:colcon.colcon_core.shell:Creating environment hook '/home/aalbeerto-02/tfg_girs_ws/build/actions_package/share/actions_package/hook/pythonpath_develop.sh'
[4.529s] Level 1:colcon.colcon_core.environment:checking '/home/aalbeerto-02/tfg_girs_ws/install/actions_package' for CMake module files
[4.530s] Level 1:colcon.colcon_core.environment:checking '/home/aalbeerto-02/tfg_girs_ws/install/actions_package' for CMake config files
[4.530s] Level 1:colcon.colcon_core.environment:checking '/home/aalbeerto-02/tfg_girs_ws/install/actions_package/lib'
[4.530s] Level 1:colcon.colcon_core.environment:checking '/home/aalbeerto-02/tfg_girs_ws/install/actions_package/bin'
[4.530s] Level 1:colcon.colcon_core.environment:checking '/home/aalbeerto-02/tfg_girs_ws/install/actions_package/lib/pkgconfig/actions_package.pc'
[4.530s] Level 1:colcon.colcon_core.environment:checking '/home/aalbeerto-02/tfg_girs_ws/install/actions_package/lib/python3.12/site-packages'
[4.530s] Level 1:colcon.colcon_core.shell:create_environment_hook('actions_package', 'pythonpath')
[4.530s] INFO:colcon.colcon_core.shell:Creating environment hook '/home/aalbeerto-02/tfg_girs_ws/install/actions_package/share/actions_package/hook/pythonpath.ps1'
[4.530s] INFO:colcon.colcon_core.shell:Creating environment descriptor '/home/aalbeerto-02/tfg_girs_ws/install/actions_package/share/actions_package/hook/pythonpath.dsv'
[4.530s] INFO:colcon.colcon_core.shell:Creating environment hook '/home/aalbeerto-02/tfg_girs_ws/install/actions_package/share/actions_package/hook/pythonpath.sh'
[4.531s] Level 1:colcon.colcon_core.environment:checking '/home/aalbeerto-02/tfg_girs_ws/install/actions_package/bin'
[4.531s] Level 1:colcon.colcon_core.environment:create_environment_scripts_only(actions_package)
[4.531s] INFO:colcon.colcon_core.shell:Creating package script '/home/aalbeerto-02/tfg_girs_ws/install/actions_package/share/actions_package/package.ps1'
[4.531s] INFO:colcon.colcon_core.shell:Creating package descriptor '/home/aalbeerto-02/tfg_girs_ws/install/actions_package/share/actions_package/package.dsv'
[4.531s] INFO:colcon.colcon_core.shell:Creating package script '/home/aalbeerto-02/tfg_girs_ws/install/actions_package/share/actions_package/package.sh'
[4.531s] INFO:colcon.colcon_core.shell:Creating package script '/home/aalbeerto-02/tfg_girs_ws/install/actions_package/share/actions_package/package.bash'
[4.531s] INFO:colcon.colcon_core.shell:Creating package script '/home/aalbeerto-02/tfg_girs_ws/install/actions_package/share/actions_package/package.zsh'
[4.531s] Level 1:colcon.colcon_core.environment:create_file_with_runtime_dependencies(/home/aalbeerto-02/tfg_girs_ws/install/actions_package/share/colcon-core/packages/actions_package)
[4.531s] DEBUG:colcon.colcon_parallel_executor.executor.parallel:closing loop
[4.532s] DEBUG:colcon.colcon_parallel_executor.executor.parallel:loop closed
[4.532s] DEBUG:colcon.colcon_parallel_executor.executor.parallel:run_until_complete finished with '0'
[4.532s] DEBUG:colcon.colcon_core.event_reactor:joining thread
[4.535s] INFO:colcon.colcon_core.plugin_system:Skipping extension 'colcon_notification.desktop_notification.terminal_notifier': Not used on non-Darwin systems
[4.535s] INFO:colcon.colcon_core.plugin_system:Skipping extension 'colcon_notification.desktop_notification.win32': Not used on non-Windows systems
[4.535s] INFO:colcon.colcon_notification.desktop_notification:Sending desktop notification using 'notify2'
[4.545s] DEBUG:colcon.colcon_core.event_reactor:joined thread
[4.545s] INFO:colcon.colcon_core.shell:Creating prefix script '/home/aalbeerto-02/tfg_girs_ws/install/local_setup.ps1'
[4.545s] INFO:colcon.colcon_core.shell:Creating prefix util module '/home/aalbeerto-02/tfg_girs_ws/install/_local_setup_util_ps1.py'
[4.546s] INFO:colcon.colcon_core.shell:Creating prefix chain script '/home/aalbeerto-02/tfg_girs_ws/install/setup.ps1'
[4.546s] INFO:colcon.colcon_core.shell:Creating prefix script '/home/aalbeerto-02/tfg_girs_ws/install/local_setup.sh'
[4.546s] INFO:colcon.colcon_core.shell:Creating prefix util module '/home/aalbeerto-02/tfg_girs_ws/install/_local_setup_util_sh.py'
[4.546s] INFO:colcon.colcon_core.shell:Creating prefix chain script '/home/aalbeerto-02/tfg_girs_ws/install/setup.sh'
[4.547s] INFO:colcon.colcon_core.shell:Creating prefix script '/home/aalbeerto-02/tfg_girs_ws/install/local_setup.bash'
[4.547s] INFO:colcon.colcon_core.shell:Creating prefix chain script '/home/aalbeerto-02/tfg_girs_ws/install/setup.bash'
[4.547s] INFO:colcon.colcon_core.shell:Creating prefix script '/home/aalbeerto-02/tfg_girs_ws/install/local_setup.zsh'
[4.547s] INFO:colcon.colcon_core.shell:Creating prefix chain script '/home/aalbeerto-02/tfg_girs_ws/install/setup.zsh'
