[0.497s] Invoking command in '/home/aalbeerto-02/tfg_girs_ws/build/robot_package': DEBUGINFOD_URLS=https://debuginfod.ubuntu.com PYTHONPATH=/home/aalbeerto-02/tfg_girs_ws/build/robot_package/prefix_override:/usr/lib/python3/dist-packages/colcon_core/task/python/colcon_distutils_commands:/home/aalbeerto-02/tfg_girs_ws/install/robot_package/lib/python3.12/site-packages:${PYTHONPATH} /usr/bin/python3 -W ignore:setup.py install is deprecated -W ignore:easy_install command is deprecated setup.py develop --editable --build-directory /home/aalbeerto-02/tfg_girs_ws/build/robot_package/build --no-deps symlink_data
[0.652s] running develop
[0.742s] running egg_info
[0.742s] creating robot_package.egg-info
[0.751s] writing robot_package.egg-info/PKG-INFO
[0.751s] writing dependency_links to robot_package.egg-info/dependency_links.txt
[0.751s] writing entry points to robot_package.egg-info/entry_points.txt
[0.751s] writing requirements to robot_package.egg-info/requires.txt
[0.751s] writing top-level names to robot_package.egg-info/top_level.txt
[0.751s] writing manifest file 'robot_package.egg-info/SOURCES.txt'
[0.769s] reading manifest file 'robot_package.egg-info/SOURCES.txt'
[0.769s] writing manifest file 'robot_package.egg-info/SOURCES.txt'
[0.779s] running build_ext
[0.779s] Creating /home/aalbeerto-02/tfg_girs_ws/install/robot_package/lib/python3.12/site-packages/robot-package.egg-link (link to .)
[0.779s] Installing robot_controller script to /home/aalbeerto-02/tfg_girs_ws/install/robot_package/lib/robot_package
[0.780s] 
[0.780s] Installed /home/aalbeerto-02/tfg_girs_ws/build/robot_package
[0.780s] running symlink_data
[0.780s] creating /home/aalbeerto-02/tfg_girs_ws/install/robot_package/share/ament_index
[0.780s] creating /home/aalbeerto-02/tfg_girs_ws/install/robot_package/share/ament_index/resource_index
[0.780s] creating /home/aalbeerto-02/tfg_girs_ws/install/robot_package/share/ament_index/resource_index/packages
[0.780s] symbolically linking /home/aalbeerto-02/tfg_girs_ws/build/robot_package/resource/robot_package -> /home/aalbeerto-02/tfg_girs_ws/install/robot_package/share/ament_index/resource_index/packages
[0.780s] symbolically linking /home/aalbeerto-02/tfg_girs_ws/build/robot_package/package.xml -> /home/aalbeerto-02/tfg_girs_ws/install/robot_package/share/robot_package
[0.780s] creating /home/aalbeerto-02/tfg_girs_ws/install/robot_package/share/robot_package/launch
[0.780s] symbolically linking /home/aalbeerto-02/tfg_girs_ws/build/robot_package/launch/robot_state_publisher.launch.py -> /home/aalbeerto-02/tfg_girs_ws/install/robot_package/share/robot_package/launch
[0.780s] creating /home/aalbeerto-02/tfg_girs_ws/install/robot_package/share/robot_package/description
[0.780s] symbolically linking /home/aalbeerto-02/tfg_girs_ws/build/robot_package/description/robot.xacro -> /home/aalbeerto-02/tfg_girs_ws/install/robot_package/share/robot_package/description
[0.780s] creating /home/aalbeerto-02/tfg_girs_ws/install/robot_package/share/robot_package/description/urdf
[0.780s] symbolically linking /home/aalbeerto-02/tfg_girs_ws/build/robot_package/description/urdf/robot.urdf -> /home/aalbeerto-02/tfg_girs_ws/install/robot_package/share/robot_package/description/urdf
[0.781s] creating /home/aalbeerto-02/tfg_girs_ws/install/robot_package/share/robot_package/config
[0.781s] symbolically linking /home/aalbeerto-02/tfg_girs_ws/build/robot_package/config/robot.rviz -> /home/aalbeerto-02/tfg_girs_ws/install/robot_package/share/robot_package/config
[0.796s] Invoked command in '/home/aalbeerto-02/tfg_girs_ws/build/robot_package' returned '0': DEBUGINFOD_URLS=https://debuginfod.ubuntu.com PYTHONPATH=/home/aalbeerto-02/tfg_girs_ws/build/robot_package/prefix_override:/usr/lib/python3/dist-packages/colcon_core/task/python/colcon_distutils_commands:/home/aalbeerto-02/tfg_girs_ws/install/robot_package/lib/python3.12/site-packages:${PYTHONPATH} /usr/bin/python3 -W ignore:setup.py install is deprecated -W ignore:easy_install command is deprecated setup.py develop --editable --build-directory /home/aalbeerto-02/tfg_girs_ws/build/robot_package/build --no-deps symlink_data
