-- The C compiler identification is GNU 13.3.0
-- The CXX compiler identification is GNU 13.3.0
-- Detecting C compiler ABI info
-- Detecting C compiler ABI info - done
-- Check for working C compiler: /usr/bin/cc - skipped
-- Detecting C compile features
-- Detecting C compile features - done
-- Detecting CXX compiler ABI info
-- Detecting CXX compiler ABI info - done
-- Check for working CXX compiler: /usr/bin/c++ - skipped
-- Detecting CXX compile features
-- Detecting CXX compile features - done
-- Found ament_cmake: 2.7.2 (/opt/ros/rolling/share/ament_cmake/cmake)
-- Found Python3: /usr/bin/python3 (found version "3.12.3") found components: Interpreter 
-- Override CMake install command with custom implementation using symlinks instead of copying resources
-- Found rosidl_default_generators: 1.7.1 (/opt/ros/rolling/share/rosidl_default_generators/cmake)
-- Using all available rosidl_typesupport_c: rosidl_typesupport_fastrtps_c;rosidl_typesupport_introspection_c
-- Using all available rosidl_typesupport_cpp: rosidl_typesupport_fastrtps_cpp;rosidl_typesupport_introspection_cpp
-- Found rosidl_adapter: 4.9.3 (/opt/ros/rolling/share/rosidl_adapter/cmake)
-- Found ament_cmake_ros_core: 0.14.1 (/opt/ros/rolling/share/ament_cmake_ros_core/cmake)
-- Using all available rosidl_typesupport_c: rosidl_typesupport_fastrtps_c;rosidl_typesupport_introspection_c
-- Using all available rosidl_typesupport_cpp: rosidl_typesupport_fastrtps_cpp;rosidl_typesupport_introspection_cpp
-- Found Python3: /usr/bin/python3 (found version "3.12.3") found components: Interpreter Development NumPy Development.Module Development.Embed 
-- Configuring done (1.6s)
-- Generating done (0.0s)
-- Build files have been written to: /home/aalbeerto-02/tfg_girs_ws/build/interfaces_package
[  2%] [34m[1mGenerating type hashes for ROS interfaces[0m
[  2%] Built target ament_cmake_python_symlink_interfaces_package
[  2%] Built target interfaces_package__rosidl_generator_type_description
running egg_info
creating interfaces_package.egg-info
[  5%] [34m[1mGenerating C code for ROS interfaces[0m
writing interfaces_package.egg-info/PKG-INFO
writing dependency_links to interfaces_package.egg-info/dependency_links.txt
writing top-level names to interfaces_package.egg-info/top_level.txt
writing manifest file 'interfaces_package.egg-info/SOURCES.txt'
[  8%] [34m[1mGenerating C++ code for ROS interfaces[0m
reading manifest file 'interfaces_package.egg-info/SOURCES.txt'
writing manifest file 'interfaces_package.egg-info/SOURCES.txt'
[  8%] Built target ament_cmake_python_build_interfaces_package_egg
[  8%] Built target interfaces_package__cpp
[ 11%] [32mBuilding C object CMakeFiles/interfaces_package__rosidl_generator_c.dir/rosidl_generator_c/interfaces_package/action/detail/count_until__functions.c.o[0m
[ 14%] [32mBuilding C object CMakeFiles/interfaces_package__rosidl_generator_c.dir/rosidl_generator_c/interfaces_package/action/detail/count_until__description.c.o[0m
[ 17%] [32mBuilding C object CMakeFiles/interfaces_package__rosidl_generator_c.dir/rosidl_generator_c/interfaces_package/action/detail/count_until__type_support.c.o[0m
[ 20%] [32m[1mLinking C shared library libinterfaces_package__rosidl_generator_c.so[0m
[ 20%] Built target interfaces_package__rosidl_generator_c
[ 23%] [34m[1mGenerating C++ type support dispatch for ROS interfaces[0m
[ 26%] [34m[1mGenerating C introspection for ROS interfaces[0m
[ 29%] [34m[1mGenerating C type support for eProsima Fast-RTPS[0m
[ 32%] [34m[1mGenerating C type support dispatch for ROS interfaces[0m
[ 35%] [34m[1mGenerating C++ introspection for ROS interfaces[0m
[ 38%] [34m[1mGenerating C++ type support for eProsima Fast-RTPS[0m
[ 44%] [32mBuilding CXX object CMakeFiles/interfaces_package__rosidl_typesupport_c.dir/rosidl_typesupport_c/interfaces_package/action/count_until__type_support.cpp.o[0m
[ 44%] [32mBuilding CXX object CMakeFiles/interfaces_package__rosidl_typesupport_cpp.dir/rosidl_typesupport_cpp/interfaces_package/action/count_until__type_support.cpp.o[0m
[ 47%] [32mBuilding CXX object CMakeFiles/interfaces_package__rosidl_typesupport_introspection_cpp.dir/rosidl_typesupport_introspection_cpp/interfaces_package/action/detail/count_until__type_support.cpp.o[0m
[ 50%] [32m[1mLinking CXX shared library libinterfaces_package__rosidl_typesupport_c.so[0m
[ 52%] [32mBuilding C object CMakeFiles/interfaces_package__rosidl_typesupport_introspection_c.dir/rosidl_typesupport_introspection_c/interfaces_package/action/detail/count_until__type_support.c.o[0m
[ 52%] Built target interfaces_package__rosidl_typesupport_c
[ 55%] [32m[1mLinking C shared library libinterfaces_package__rosidl_typesupport_introspection_c.so[0m
[ 58%] [32mBuilding CXX object CMakeFiles/interfaces_package__rosidl_typesupport_fastrtps_cpp.dir/rosidl_typesupport_fastrtps_cpp/interfaces_package/action/detail/dds_fastrtps/count_until__type_support.cpp.o[0m
[ 58%] Built target interfaces_package__rosidl_typesupport_introspection_c
[ 61%] [32mBuilding CXX object CMakeFiles/interfaces_package__rosidl_typesupport_fastrtps_c.dir/rosidl_typesupport_fastrtps_c/interfaces_package/action/detail/count_until__type_support_c.cpp.o[0m
[ 64%] [32m[1mLinking CXX shared library libinterfaces_package__rosidl_typesupport_cpp.so[0m
[ 64%] Built target interfaces_package__rosidl_typesupport_cpp
[ 67%] [32m[1mLinking CXX shared library libinterfaces_package__rosidl_typesupport_fastrtps_c.so[0m
[ 70%] [32m[1mLinking CXX shared library libinterfaces_package__rosidl_typesupport_introspection_cpp.so[0m
[ 70%] Built target interfaces_package__rosidl_typesupport_fastrtps_c
[ 70%] Built target interfaces_package__rosidl_typesupport_introspection_cpp
[ 73%] [32m[1mLinking CXX shared library libinterfaces_package__rosidl_typesupport_fastrtps_cpp.so[0m
[ 73%] Built target interfaces_package__rosidl_typesupport_fastrtps_cpp
[ 73%] Built target interfaces_package
[ 76%] [34m[1mGenerating Python code for ROS interfaces[0m
[ 76%] Built target interfaces_package__py
[ 79%] [32mBuilding C object CMakeFiles/interfaces_package__rosidl_generator_py.dir/rosidl_generator_py/interfaces_package/action/_count_until_s.c.o[0m
[ 82%] [32m[1mLinking C shared library libinterfaces_package__rosidl_generator_py.so[0m
[ 82%] Built target interfaces_package__rosidl_generator_py
[ 85%] [32mBuilding C object CMakeFiles/interfaces_package_s__rosidl_typesupport_fastrtps_c.dir/rosidl_generator_py/interfaces_package/_interfaces_package_s.ep.rosidl_typesupport_fastrtps_c.c.o[0m
[ 88%] [32mBuilding C object CMakeFiles/interfaces_package_s__rosidl_typesupport_c.dir/rosidl_generator_py/interfaces_package/_interfaces_package_s.ep.rosidl_typesupport_c.c.o[0m
[ 91%] [32mBuilding C object CMakeFiles/interfaces_package_s__rosidl_typesupport_introspection_c.dir/rosidl_generator_py/interfaces_package/_interfaces_package_s.ep.rosidl_typesupport_introspection_c.c.o[0m
[ 94%] [32m[1mLinking C shared module rosidl_generator_py/interfaces_package/interfaces_package_s__rosidl_typesupport_introspection_c.so[0m
[ 97%] [32m[1mLinking C shared module rosidl_generator_py/interfaces_package/interfaces_package_s__rosidl_typesupport_fastrtps_c.so[0m
[100%] [32m[1mLinking C shared module rosidl_generator_py/interfaces_package/interfaces_package_s__rosidl_typesupport_c.so[0m
[100%] Built target interfaces_package_s__rosidl_typesupport_introspection_c
[100%] Built target interfaces_package_s__rosidl_typesupport_c
[100%] Built target interfaces_package_s__rosidl_typesupport_fastrtps_c
-- Install configuration: ""
-- Execute custom install script
-- Symlinking: /home/aalbeerto-02/tfg_girs_ws/install/interfaces_package/share/ament_index/resource_index/rosidl_interfaces/interfaces_package
-- Symlinking: /home/aalbeerto-02/tfg_girs_ws/install/interfaces_package/share/interfaces_package/action/CountUntil.json
-- Symlinking: /home/aalbeerto-02/tfg_girs_ws/install/interfaces_package/include/interfaces_package/interfaces_package/action/count_until.h
-- Symlinking: /home/aalbeerto-02/tfg_girs_ws/install/interfaces_package/include/interfaces_package/interfaces_package/action/detail/count_until__functions.h
-- Symlinking: /home/aalbeerto-02/tfg_girs_ws/install/interfaces_package/include/interfaces_package/interfaces_package/action/detail/count_until__struct.h
-- Symlinking: /home/aalbeerto-02/tfg_girs_ws/install/interfaces_package/include/interfaces_package/interfaces_package/action/detail/count_until__type_support.h
-- Symlinking: /home/aalbeerto-02/tfg_girs_ws/install/interfaces_package/include/interfaces_package/interfaces_package/msg/rosidl_generator_c__visibility_control.h
-- Symlinking: /home/aalbeerto-02/tfg_girs_ws/install/interfaces_package/share/interfaces_package/environment/library_path.sh
-- Symlinking: /home/aalbeerto-02/tfg_girs_ws/install/interfaces_package/share/interfaces_package/environment/library_path.dsv
-- Symlinking: /home/aalbeerto-02/tfg_girs_ws/install/interfaces_package/include/interfaces_package/interfaces_package/action/detail/count_until__rosidl_typesupport_fastrtps_c.h
-- Symlinking: /home/aalbeerto-02/tfg_girs_ws/install/interfaces_package/include/interfaces_package/interfaces_package/msg/rosidl_typesupport_fastrtps_c__visibility_control.h
-- Symlinking: /home/aalbeerto-02/tfg_girs_ws/install/interfaces_package/include/interfaces_package/interfaces_package/action/detail/count_until__rosidl_typesupport_introspection_c.h
-- Symlinking: /home/aalbeerto-02/tfg_girs_ws/install/interfaces_package/include/interfaces_package/interfaces_package/msg/rosidl_typesupport_introspection_c__visibility_control.h
-- Symlinking: /home/aalbeerto-02/tfg_girs_ws/install/interfaces_package/include/interfaces_package/interfaces_package/action/count_until.hpp
-- Symlinking: /home/aalbeerto-02/tfg_girs_ws/install/interfaces_package/include/interfaces_package/interfaces_package/action/detail/count_until__builder.hpp
-- Symlinking: /home/aalbeerto-02/tfg_girs_ws/install/interfaces_package/include/interfaces_package/interfaces_package/action/detail/count_until__struct.hpp
-- Symlinking: /home/aalbeerto-02/tfg_girs_ws/install/interfaces_package/include/interfaces_package/interfaces_package/action/detail/count_until__traits.hpp
-- Symlinking: /home/aalbeerto-02/tfg_girs_ws/install/interfaces_package/include/interfaces_package/interfaces_package/action/detail/count_until__type_support.hpp
-- Symlinking: /home/aalbeerto-02/tfg_girs_ws/install/interfaces_package/include/interfaces_package/interfaces_package/msg/rosidl_generator_cpp__visibility_control.hpp
-- Symlinking: /home/aalbeerto-02/tfg_girs_ws/install/interfaces_package/include/interfaces_package/interfaces_package/action/detail/count_until__rosidl_typesupport_fastrtps_cpp.hpp
-- Symlinking: /home/aalbeerto-02/tfg_girs_ws/install/interfaces_package/include/interfaces_package/interfaces_package/msg/rosidl_typesupport_fastrtps_cpp__visibility_control.h
-- Symlinking: /home/aalbeerto-02/tfg_girs_ws/install/interfaces_package/include/interfaces_package/interfaces_package/action/detail/count_until__rosidl_typesupport_introspection_cpp.hpp
-- Symlinking: /home/aalbeerto-02/tfg_girs_ws/install/interfaces_package/share/interfaces_package/environment/pythonpath.sh
-- Symlinking: /home/aalbeerto-02/tfg_girs_ws/install/interfaces_package/share/interfaces_package/environment/pythonpath.dsv
-- Symlinking: /home/aalbeerto-02/tfg_girs_ws/install/interfaces_package/lib/python3.12/site-packages/interfaces_package-0.0.1-py3.12.egg-info/PKG-INFO
-- Symlinking: /home/aalbeerto-02/tfg_girs_ws/install/interfaces_package/lib/python3.12/site-packages/interfaces_package-0.0.1-py3.12.egg-info/SOURCES.txt
-- Symlinking: /home/aalbeerto-02/tfg_girs_ws/install/interfaces_package/lib/python3.12/site-packages/interfaces_package-0.0.1-py3.12.egg-info/dependency_links.txt
-- Symlinking: /home/aalbeerto-02/tfg_girs_ws/install/interfaces_package/lib/python3.12/site-packages/interfaces_package-0.0.1-py3.12.egg-info/top_level.txt
-- Symlinking: /home/aalbeerto-02/tfg_girs_ws/install/interfaces_package/lib/python3.12/site-packages/interfaces_package/__init__.py
-- Symlinking: /home/aalbeerto-02/tfg_girs_ws/install/interfaces_package/lib/python3.12/site-packages/interfaces_package/_interfaces_package_s.ep.rosidl_typesupport_c.c
-- Symlinking: /home/aalbeerto-02/tfg_girs_ws/install/interfaces_package/lib/python3.12/site-packages/interfaces_package/_interfaces_package_s.ep.rosidl_typesupport_fastrtps_c.c
-- Symlinking: /home/aalbeerto-02/tfg_girs_ws/install/interfaces_package/lib/python3.12/site-packages/interfaces_package/_interfaces_package_s.ep.rosidl_typesupport_introspection_c.c
-- Symlinking: /home/aalbeerto-02/tfg_girs_ws/install/interfaces_package/lib/python3.12/site-packages/interfaces_package/action/__init__.py
-- Symlinking: /home/aalbeerto-02/tfg_girs_ws/install/interfaces_package/lib/python3.12/site-packages/interfaces_package/action/_count_until.py
-- Symlinking: /home/aalbeerto-02/tfg_girs_ws/install/interfaces_package/lib/python3.12/site-packages/interfaces_package/action/_count_until_s.c
-- Symlinking: /home/aalbeerto-02/tfg_girs_ws/install/interfaces_package/lib/python3.12/site-packages/interfaces_package/interfaces_package_s__rosidl_typesupport_c.so
-- Symlinking: /home/aalbeerto-02/tfg_girs_ws/install/interfaces_package/lib/python3.12/site-packages/interfaces_package/interfaces_package_s__rosidl_typesupport_fastrtps_c.so
-- Symlinking: /home/aalbeerto-02/tfg_girs_ws/install/interfaces_package/lib/python3.12/site-packages/interfaces_package/interfaces_package_s__rosidl_typesupport_introspection_c.so
-- Up-to-date symlink: /home/aalbeerto-02/tfg_girs_ws/install/interfaces_package/lib/python3.12/site-packages/interfaces_package/interfaces_package_s__rosidl_typesupport_fastrtps_c.so
-- Up-to-date symlink: /home/aalbeerto-02/tfg_girs_ws/install/interfaces_package/lib/python3.12/site-packages/interfaces_package/interfaces_package_s__rosidl_typesupport_introspection_c.so
-- Up-to-date symlink: /home/aalbeerto-02/tfg_girs_ws/install/interfaces_package/lib/python3.12/site-packages/interfaces_package/interfaces_package_s__rosidl_typesupport_c.so
-- Symlinking: /home/aalbeerto-02/tfg_girs_ws/install/interfaces_package/share/interfaces_package/action/CountUntil.idl
-- Symlinking: /home/aalbeerto-02/tfg_girs_ws/install/interfaces_package/share/interfaces_package/action/CountUntil.action
-- Symlinking: /home/aalbeerto-02/tfg_girs_ws/install/interfaces_package/share/ament_index/resource_index/package_run_dependencies/interfaces_package
-- Symlinking: /home/aalbeerto-02/tfg_girs_ws/install/interfaces_package/share/ament_index/resource_index/parent_prefix_path/interfaces_package
-- Symlinking: /home/aalbeerto-02/tfg_girs_ws/install/interfaces_package/share/interfaces_package/environment/ament_prefix_path.sh
-- Symlinking: /home/aalbeerto-02/tfg_girs_ws/install/interfaces_package/share/interfaces_package/environment/ament_prefix_path.dsv
-- Symlinking: /home/aalbeerto-02/tfg_girs_ws/install/interfaces_package/share/interfaces_package/environment/path.sh
-- Symlinking: /home/aalbeerto-02/tfg_girs_ws/install/interfaces_package/share/interfaces_package/environment/path.dsv
-- Symlinking: /home/aalbeerto-02/tfg_girs_ws/install/interfaces_package/share/interfaces_package/local_setup.bash
-- Symlinking: /home/aalbeerto-02/tfg_girs_ws/install/interfaces_package/share/interfaces_package/local_setup.sh
-- Symlinking: /home/aalbeerto-02/tfg_girs_ws/install/interfaces_package/share/interfaces_package/local_setup.zsh
-- Symlinking: /home/aalbeerto-02/tfg_girs_ws/install/interfaces_package/share/interfaces_package/local_setup.dsv
-- Symlinking: /home/aalbeerto-02/tfg_girs_ws/install/interfaces_package/share/interfaces_package/package.dsv
-- Symlinking: /home/aalbeerto-02/tfg_girs_ws/install/interfaces_package/share/ament_index/resource_index/packages/interfaces_package
-- Symlinking: /home/aalbeerto-02/tfg_girs_ws/install/interfaces_package/share/interfaces_package/cmake/rosidl_cmake-extras.cmake
-- Symlinking: /home/aalbeerto-02/tfg_girs_ws/install/interfaces_package/share/interfaces_package/cmake/ament_cmake_export_dependencies-extras.cmake
-- Symlinking: /home/aalbeerto-02/tfg_girs_ws/install/interfaces_package/share/interfaces_package/cmake/ament_cmake_export_include_directories-extras.cmake
-- Symlinking: /home/aalbeerto-02/tfg_girs_ws/install/interfaces_package/share/interfaces_package/cmake/ament_cmake_export_libraries-extras.cmake
-- Symlinking: /home/aalbeerto-02/tfg_girs_ws/install/interfaces_package/share/interfaces_package/cmake/ament_cmake_export_targets-extras.cmake
-- Symlinking: /home/aalbeerto-02/tfg_girs_ws/install/interfaces_package/share/interfaces_package/cmake/rosidl_cmake_export_typesupport_targets-extras.cmake
-- Symlinking: /home/aalbeerto-02/tfg_girs_ws/install/interfaces_package/share/interfaces_package/cmake/rosidl_cmake_export_typesupport_libraries-extras.cmake
-- Symlinking: /home/aalbeerto-02/tfg_girs_ws/install/interfaces_package/share/interfaces_package/cmake/interfaces_packageConfig.cmake
-- Symlinking: /home/aalbeerto-02/tfg_girs_ws/install/interfaces_package/share/interfaces_package/cmake/interfaces_packageConfig-version.cmake
-- Symlinking: /home/aalbeerto-02/tfg_girs_ws/install/interfaces_package/share/interfaces_package/package.xml
-- Installing: /home/aalbeerto-02/tfg_girs_ws/install/interfaces_package/lib/libinterfaces_package__rosidl_generator_c.so
-- Set non-toolchain portion of runtime path of "/home/aalbeerto-02/tfg_girs_ws/install/interfaces_package/lib/libinterfaces_package__rosidl_generator_c.so" to ""
-- Installing: /home/aalbeerto-02/tfg_girs_ws/install/interfaces_package/lib/libinterfaces_package__rosidl_typesupport_fastrtps_c.so
-- Set non-toolchain portion of runtime path of "/home/aalbeerto-02/tfg_girs_ws/install/interfaces_package/lib/libinterfaces_package__rosidl_typesupport_fastrtps_c.so" to ""
-- Installing: /home/aalbeerto-02/tfg_girs_ws/install/interfaces_package/lib/libinterfaces_package__rosidl_typesupport_introspection_c.so
-- Set non-toolchain portion of runtime path of "/home/aalbeerto-02/tfg_girs_ws/install/interfaces_package/lib/libinterfaces_package__rosidl_typesupport_introspection_c.so" to ""
-- Installing: /home/aalbeerto-02/tfg_girs_ws/install/interfaces_package/lib/libinterfaces_package__rosidl_typesupport_c.so
-- Set non-toolchain portion of runtime path of "/home/aalbeerto-02/tfg_girs_ws/install/interfaces_package/lib/libinterfaces_package__rosidl_typesupport_c.so" to ""
-- Installing: /home/aalbeerto-02/tfg_girs_ws/install/interfaces_package/lib/libinterfaces_package__rosidl_typesupport_fastrtps_cpp.so
-- Set non-toolchain portion of runtime path of "/home/aalbeerto-02/tfg_girs_ws/install/interfaces_package/lib/libinterfaces_package__rosidl_typesupport_fastrtps_cpp.so" to ""
-- Installing: /home/aalbeerto-02/tfg_girs_ws/install/interfaces_package/lib/libinterfaces_package__rosidl_typesupport_introspection_cpp.so
-- Set non-toolchain portion of runtime path of "/home/aalbeerto-02/tfg_girs_ws/install/interfaces_package/lib/libinterfaces_package__rosidl_typesupport_introspection_cpp.so" to ""
-- Installing: /home/aalbeerto-02/tfg_girs_ws/install/interfaces_package/lib/libinterfaces_package__rosidl_typesupport_cpp.so
-- Set non-toolchain portion of runtime path of "/home/aalbeerto-02/tfg_girs_ws/install/interfaces_package/lib/libinterfaces_package__rosidl_typesupport_cpp.so" to ""
Listing '/home/aalbeerto-02/tfg_girs_ws/install/interfaces_package/lib/python3.12/site-packages/interfaces_package'...
Compiling '/home/aalbeerto-02/tfg_girs_ws/install/interfaces_package/lib/python3.12/site-packages/interfaces_package/__init__.py'...
Listing '/home/aalbeerto-02/tfg_girs_ws/install/interfaces_package/lib/python3.12/site-packages/interfaces_package/action'...
Compiling '/home/aalbeerto-02/tfg_girs_ws/install/interfaces_package/lib/python3.12/site-packages/interfaces_package/action/__init__.py'...
Compiling '/home/aalbeerto-02/tfg_girs_ws/install/interfaces_package/lib/python3.12/site-packages/interfaces_package/action/_count_until.py'...
-- Installing: /home/aalbeerto-02/tfg_girs_ws/install/interfaces_package/lib/libinterfaces_package__rosidl_generator_py.so
-- Set non-toolchain portion of runtime path of "/home/aalbeerto-02/tfg_girs_ws/install/interfaces_package/lib/libinterfaces_package__rosidl_generator_py.so" to ""
-- Installing: /home/aalbeerto-02/tfg_girs_ws/install/interfaces_package/share/interfaces_package/cmake/export_interfaces_package__rosidl_generator_cExport.cmake
-- Installing: /home/aalbeerto-02/tfg_girs_ws/install/interfaces_package/share/interfaces_package/cmake/export_interfaces_package__rosidl_generator_cExport-noconfig.cmake
-- Installing: /home/aalbeerto-02/tfg_girs_ws/install/interfaces_package/share/interfaces_package/cmake/export_interfaces_package__rosidl_typesupport_fastrtps_cExport.cmake
-- Installing: /home/aalbeerto-02/tfg_girs_ws/install/interfaces_package/share/interfaces_package/cmake/export_interfaces_package__rosidl_typesupport_fastrtps_cExport-noconfig.cmake
-- Installing: /home/aalbeerto-02/tfg_girs_ws/install/interfaces_package/share/interfaces_package/cmake/interfaces_package__rosidl_typesupport_introspection_cExport.cmake
-- Installing: /home/aalbeerto-02/tfg_girs_ws/install/interfaces_package/share/interfaces_package/cmake/interfaces_package__rosidl_typesupport_introspection_cExport-noconfig.cmake
-- Installing: /home/aalbeerto-02/tfg_girs_ws/install/interfaces_package/share/interfaces_package/cmake/interfaces_package__rosidl_typesupport_cExport.cmake
-- Installing: /home/aalbeerto-02/tfg_girs_ws/install/interfaces_package/share/interfaces_package/cmake/interfaces_package__rosidl_typesupport_cExport-noconfig.cmake
-- Installing: /home/aalbeerto-02/tfg_girs_ws/install/interfaces_package/share/interfaces_package/cmake/export_interfaces_package__rosidl_generator_cppExport.cmake
-- Installing: /home/aalbeerto-02/tfg_girs_ws/install/interfaces_package/share/interfaces_package/cmake/export_interfaces_package__rosidl_typesupport_fastrtps_cppExport.cmake
-- Installing: /home/aalbeerto-02/tfg_girs_ws/install/interfaces_package/share/interfaces_package/cmake/export_interfaces_package__rosidl_typesupport_fastrtps_cppExport-noconfig.cmake
-- Installing: /home/aalbeerto-02/tfg_girs_ws/install/interfaces_package/share/interfaces_package/cmake/interfaces_package__rosidl_typesupport_introspection_cppExport.cmake
-- Installing: /home/aalbeerto-02/tfg_girs_ws/install/interfaces_package/share/interfaces_package/cmake/interfaces_package__rosidl_typesupport_introspection_cppExport-noconfig.cmake
-- Installing: /home/aalbeerto-02/tfg_girs_ws/install/interfaces_package/share/interfaces_package/cmake/interfaces_package__rosidl_typesupport_cppExport.cmake
-- Installing: /home/aalbeerto-02/tfg_girs_ws/install/interfaces_package/share/interfaces_package/cmake/interfaces_package__rosidl_typesupport_cppExport-noconfig.cmake
-- Installing: /home/aalbeerto-02/tfg_girs_ws/install/interfaces_package/share/interfaces_package/cmake/export_interfaces_package__rosidl_generator_pyExport.cmake
-- Installing: /home/aalbeerto-02/tfg_girs_ws/install/interfaces_package/share/interfaces_package/cmake/export_interfaces_package__rosidl_generator_pyExport-noconfig.cmake
