[0.008s] Invoking command in '/home/aalbeerto-02/tfg_girs_ws/build/interfaces_package': CMAKE_PREFIX_PATH=${CMAKE_PREFIX_PATH}:/opt/ros/rolling DEBUGINFOD_URLS=https://debuginfod.ubuntu.com /usr/bin/cmake /home/aalbeerto-02/tfg_girs_ws/src/interfaces_package -DAMENT_CMAKE_SYMLINK_INSTALL=1 -DCMAKE_INSTALL_PREFIX=/home/aalbeerto-02/tfg_girs_ws/install/interfaces_package
[0.122s] -- The C compiler identification is GNU 13.3.0
[0.122s] -- The CXX compiler identification is GNU 13.3.0
[0.122s] -- Detecting C compiler ABI info
[0.143s] -- Detecting C compiler ABI info - done
[0.149s] -- Check for working C compiler: /usr/bin/cc - skipped
[0.149s] -- Detecting C compile features
[0.149s] -- Detecting C compile features - done
[0.155s] -- Detecting CXX compiler ABI info
[0.215s] -- Detecting CXX compiler ABI info - done
[0.220s] -- Check for working CXX compiler: /usr/bin/c++ - skipped
[0.220s] -- Detecting CXX compile features
[0.220s] -- Detecting CXX compile features - done
[0.223s] -- Found ament_cmake: 2.7.2 (/opt/ros/rolling/share/ament_cmake/cmake)
[0.315s] -- Found Python3: /usr/bin/python3 (found version "3.12.3") found components: Interpreter 
[0.352s] -- Override CMake install command with custom implementation using symlinks instead of copying resources
[0.377s] -- Found rosidl_default_generators: 1.7.1 (/opt/ros/rolling/share/rosidl_default_generators/cmake)
[0.382s] -- Using all available rosidl_typesupport_c: rosidl_typesupport_fastrtps_c;rosidl_typesupport_introspection_c
[0.412s] -- Using all available rosidl_typesupport_cpp: rosidl_typesupport_fastrtps_cpp;rosidl_typesupport_introspection_cpp
[0.437s] -- Found rosidl_adapter: 4.9.3 (/opt/ros/rolling/share/rosidl_adapter/cmake)
[0.804s] -- Found ament_cmake_ros_core: 0.14.1 (/opt/ros/rolling/share/ament_cmake_ros_core/cmake)
[1.046s] -- Using all available rosidl_typesupport_c: rosidl_typesupport_fastrtps_c;rosidl_typesupport_introspection_c
[1.357s] -- Using all available rosidl_typesupport_cpp: rosidl_typesupport_fastrtps_cpp;rosidl_typesupport_introspection_cpp
[1.585s] -- Found Python3: /usr/bin/python3 (found version "3.12.3") found components: Interpreter Development NumPy Development.Module Development.Embed 
[1.613s] -- Configuring done (1.6s)
[1.629s] -- Generating done (0.0s)
[1.634s] -- Build files have been written to: /home/aalbeerto-02/tfg_girs_ws/build/interfaces_package
[1.640s] Invoked command in '/home/aalbeerto-02/tfg_girs_ws/build/interfaces_package' returned '0': CMAKE_PREFIX_PATH=${CMAKE_PREFIX_PATH}:/opt/ros/rolling DEBUGINFOD_URLS=https://debuginfod.ubuntu.com /usr/bin/cmake /home/aalbeerto-02/tfg_girs_ws/src/interfaces_package -DAMENT_CMAKE_SYMLINK_INSTALL=1 -DCMAKE_INSTALL_PREFIX=/home/aalbeerto-02/tfg_girs_ws/install/interfaces_package
[1.640s] Invoking command in '/home/aalbeerto-02/tfg_girs_ws/build/interfaces_package': CMAKE_PREFIX_PATH=${CMAKE_PREFIX_PATH}:/opt/ros/rolling DEBUGINFOD_URLS=https://debuginfod.ubuntu.com /usr/bin/cmake --build /home/aalbeerto-02/tfg_girs_ws/build/interfaces_package -- -j28 -l28
[1.674s] [  2%] [34m[1mGenerating type hashes for ROS interfaces[0m
[1.678s] [  2%] Built target ament_cmake_python_symlink_interfaces_package
[1.785s] [  2%] Built target interfaces_package__rosidl_generator_type_description
[1.786s] running egg_info
[1.786s] creating interfaces_package.egg-info
[1.793s] [  5%] [34m[1mGenerating C code for ROS interfaces[0m
[1.795s] writing interfaces_package.egg-info/PKG-INFO
[1.795s] writing dependency_links to interfaces_package.egg-info/dependency_links.txt
[1.795s] writing top-level names to interfaces_package.egg-info/top_level.txt
[1.795s] writing manifest file 'interfaces_package.egg-info/SOURCES.txt'
[1.800s] [  8%] [34m[1mGenerating C++ code for ROS interfaces[0m
[1.823s] reading manifest file 'interfaces_package.egg-info/SOURCES.txt'
[1.823s] writing manifest file 'interfaces_package.egg-info/SOURCES.txt'
[1.839s] [  8%] Built target ament_cmake_python_build_interfaces_package_egg
[1.995s] [  8%] Built target interfaces_package__cpp
[2.004s] [ 11%] [32mBuilding C object CMakeFiles/interfaces_package__rosidl_generator_c.dir/rosidl_generator_c/interfaces_package/action/detail/count_until__functions.c.o[0m
[2.005s] [ 14%] [32mBuilding C object CMakeFiles/interfaces_package__rosidl_generator_c.dir/rosidl_generator_c/interfaces_package/action/detail/count_until__description.c.o[0m
[2.005s] [ 17%] [32mBuilding C object CMakeFiles/interfaces_package__rosidl_generator_c.dir/rosidl_generator_c/interfaces_package/action/detail/count_until__type_support.c.o[0m
[2.086s] [ 20%] [32m[1mLinking C shared library libinterfaces_package__rosidl_generator_c.so[0m
[2.107s] [ 20%] Built target interfaces_package__rosidl_generator_c
[2.113s] [ 23%] [34m[1mGenerating C++ type support dispatch for ROS interfaces[0m
[2.114s] [ 26%] [34m[1mGenerating C introspection for ROS interfaces[0m
[2.114s] [ 29%] [34m[1mGenerating C type support for eProsima Fast-RTPS[0m
[2.115s] [ 32%] [34m[1mGenerating C type support dispatch for ROS interfaces[0m
[2.115s] [ 35%] [34m[1mGenerating C++ introspection for ROS interfaces[0m
[2.115s] [ 38%] [34m[1mGenerating C++ type support for eProsima Fast-RTPS[0m
[2.264s] [ 44%] [32mBuilding CXX object CMakeFiles/interfaces_package__rosidl_typesupport_c.dir/rosidl_typesupport_c/interfaces_package/action/count_until__type_support.cpp.o[0m
[2.264s] [ 44%] [32mBuilding CXX object CMakeFiles/interfaces_package__rosidl_typesupport_cpp.dir/rosidl_typesupport_cpp/interfaces_package/action/count_until__type_support.cpp.o[0m
[2.289s] [ 47%] [32mBuilding CXX object CMakeFiles/interfaces_package__rosidl_typesupport_introspection_cpp.dir/rosidl_typesupport_introspection_cpp/interfaces_package/action/detail/count_until__type_support.cpp.o[0m
[2.294s] [ 50%] [32m[1mLinking CXX shared library libinterfaces_package__rosidl_typesupport_c.so[0m
[2.297s] [ 52%] [32mBuilding C object CMakeFiles/interfaces_package__rosidl_typesupport_introspection_c.dir/rosidl_typesupport_introspection_c/interfaces_package/action/detail/count_until__type_support.c.o[0m
[2.322s] [ 52%] Built target interfaces_package__rosidl_typesupport_c
[2.337s] [ 55%] [32m[1mLinking C shared library libinterfaces_package__rosidl_typesupport_introspection_c.so[0m
[2.346s] [ 58%] [32mBuilding CXX object CMakeFiles/interfaces_package__rosidl_typesupport_fastrtps_cpp.dir/rosidl_typesupport_fastrtps_cpp/interfaces_package/action/detail/dds_fastrtps/count_until__type_support.cpp.o[0m
[2.359s] [ 58%] Built target interfaces_package__rosidl_typesupport_introspection_c
[2.360s] [ 61%] [32mBuilding CXX object CMakeFiles/interfaces_package__rosidl_typesupport_fastrtps_c.dir/rosidl_typesupport_fastrtps_c/interfaces_package/action/detail/count_until__type_support_c.cpp.o[0m
[2.559s] [ 64%] [32m[1mLinking CXX shared library libinterfaces_package__rosidl_typesupport_cpp.so[0m
[2.601s] [ 64%] Built target interfaces_package__rosidl_typesupport_cpp
[2.614s] [ 67%] [32m[1mLinking CXX shared library libinterfaces_package__rosidl_typesupport_fastrtps_c.so[0m
[2.620s] [ 70%] [32m[1mLinking CXX shared library libinterfaces_package__rosidl_typesupport_introspection_cpp.so[0m
[2.647s] [ 70%] Built target interfaces_package__rosidl_typesupport_fastrtps_c
[2.661s] [ 70%] Built target interfaces_package__rosidl_typesupport_introspection_cpp
[2.782s] [ 73%] [32m[1mLinking CXX shared library libinterfaces_package__rosidl_typesupport_fastrtps_cpp.so[0m
[2.825s] [ 73%] Built target interfaces_package__rosidl_typesupport_fastrtps_cpp
[2.839s] [ 73%] Built target interfaces_package
[2.852s] [ 76%] [34m[1mGenerating Python code for ROS interfaces[0m
[3.144s] [ 76%] Built target interfaces_package__py
[3.158s] [ 79%] [32mBuilding C object CMakeFiles/interfaces_package__rosidl_generator_py.dir/rosidl_generator_py/interfaces_package/action/_count_until_s.c.o[0m
[3.264s] [ 82%] [32m[1mLinking C shared library libinterfaces_package__rosidl_generator_py.so[0m
[3.288s] [ 82%] Built target interfaces_package__rosidl_generator_py
[3.299s] [ 85%] [32mBuilding C object CMakeFiles/interfaces_package_s__rosidl_typesupport_fastrtps_c.dir/rosidl_generator_py/interfaces_package/_interfaces_package_s.ep.rosidl_typesupport_fastrtps_c.c.o[0m
[3.302s] [ 88%] [32mBuilding C object CMakeFiles/interfaces_package_s__rosidl_typesupport_c.dir/rosidl_generator_py/interfaces_package/_interfaces_package_s.ep.rosidl_typesupport_c.c.o[0m
[3.303s] [ 91%] [32mBuilding C object CMakeFiles/interfaces_package_s__rosidl_typesupport_introspection_c.dir/rosidl_generator_py/interfaces_package/_interfaces_package_s.ep.rosidl_typesupport_introspection_c.c.o[0m
[3.367s] [ 94%] [32m[1mLinking C shared module rosidl_generator_py/interfaces_package/interfaces_package_s__rosidl_typesupport_introspection_c.so[0m
[3.368s] [ 97%] [32m[1mLinking C shared module rosidl_generator_py/interfaces_package/interfaces_package_s__rosidl_typesupport_fastrtps_c.so[0m
[3.370s] [100%] [32m[1mLinking C shared module rosidl_generator_py/interfaces_package/interfaces_package_s__rosidl_typesupport_c.so[0m
[3.389s] [100%] Built target interfaces_package_s__rosidl_typesupport_introspection_c
[3.391s] [100%] Built target interfaces_package_s__rosidl_typesupport_c
[3.392s] [100%] Built target interfaces_package_s__rosidl_typesupport_fastrtps_c
[3.399s] Invoked command in '/home/aalbeerto-02/tfg_girs_ws/build/interfaces_package' returned '0': CMAKE_PREFIX_PATH=${CMAKE_PREFIX_PATH}:/opt/ros/rolling DEBUGINFOD_URLS=https://debuginfod.ubuntu.com /usr/bin/cmake --build /home/aalbeerto-02/tfg_girs_ws/build/interfaces_package -- -j28 -l28
[3.404s] Invoking command in '/home/aalbeerto-02/tfg_girs_ws/build/interfaces_package': CMAKE_PREFIX_PATH=${CMAKE_PREFIX_PATH}:/opt/ros/rolling DEBUGINFOD_URLS=https://debuginfod.ubuntu.com /usr/bin/cmake --install /home/aalbeerto-02/tfg_girs_ws/build/interfaces_package
[3.410s] -- Install configuration: ""
[3.410s] -- Execute custom install script
[3.410s] -- Symlinking: /home/aalbeerto-02/tfg_girs_ws/install/interfaces_package/share/ament_index/resource_index/rosidl_interfaces/interfaces_package
[3.415s] -- Symlinking: /home/aalbeerto-02/tfg_girs_ws/install/interfaces_package/share/interfaces_package/action/CountUntil.json
[3.420s] -- Symlinking: /home/aalbeerto-02/tfg_girs_ws/install/interfaces_package/include/interfaces_package/interfaces_package/action/count_until.h
[3.426s] -- Symlinking: /home/aalbeerto-02/tfg_girs_ws/install/interfaces_package/include/interfaces_package/interfaces_package/action/detail/count_until__functions.h
[3.432s] -- Symlinking: /home/aalbeerto-02/tfg_girs_ws/install/interfaces_package/include/interfaces_package/interfaces_package/action/detail/count_until__struct.h
[3.437s] -- Symlinking: /home/aalbeerto-02/tfg_girs_ws/install/interfaces_package/include/interfaces_package/interfaces_package/action/detail/count_until__type_support.h
[3.441s] -- Symlinking: /home/aalbeerto-02/tfg_girs_ws/install/interfaces_package/include/interfaces_package/interfaces_package/msg/rosidl_generator_c__visibility_control.h
[3.447s] -- Symlinking: /home/aalbeerto-02/tfg_girs_ws/install/interfaces_package/share/interfaces_package/environment/library_path.sh
[3.451s] -- Symlinking: /home/aalbeerto-02/tfg_girs_ws/install/interfaces_package/share/interfaces_package/environment/library_path.dsv
[3.457s] -- Symlinking: /home/aalbeerto-02/tfg_girs_ws/install/interfaces_package/include/interfaces_package/interfaces_package/action/detail/count_until__rosidl_typesupport_fastrtps_c.h
[3.462s] -- Symlinking: /home/aalbeerto-02/tfg_girs_ws/install/interfaces_package/include/interfaces_package/interfaces_package/msg/rosidl_typesupport_fastrtps_c__visibility_control.h
[3.467s] -- Symlinking: /home/aalbeerto-02/tfg_girs_ws/install/interfaces_package/include/interfaces_package/interfaces_package/action/detail/count_until__rosidl_typesupport_introspection_c.h
[3.471s] -- Symlinking: /home/aalbeerto-02/tfg_girs_ws/install/interfaces_package/include/interfaces_package/interfaces_package/msg/rosidl_typesupport_introspection_c__visibility_control.h
[3.476s] -- Symlinking: /home/aalbeerto-02/tfg_girs_ws/install/interfaces_package/include/interfaces_package/interfaces_package/action/count_until.hpp
[3.480s] -- Symlinking: /home/aalbeerto-02/tfg_girs_ws/install/interfaces_package/include/interfaces_package/interfaces_package/action/detail/count_until__builder.hpp
[3.484s] -- Symlinking: /home/aalbeerto-02/tfg_girs_ws/install/interfaces_package/include/interfaces_package/interfaces_package/action/detail/count_until__struct.hpp
[3.488s] -- Symlinking: /home/aalbeerto-02/tfg_girs_ws/install/interfaces_package/include/interfaces_package/interfaces_package/action/detail/count_until__traits.hpp
[3.494s] -- Symlinking: /home/aalbeerto-02/tfg_girs_ws/install/interfaces_package/include/interfaces_package/interfaces_package/action/detail/count_until__type_support.hpp
[3.498s] -- Symlinking: /home/aalbeerto-02/tfg_girs_ws/install/interfaces_package/include/interfaces_package/interfaces_package/msg/rosidl_generator_cpp__visibility_control.hpp
[3.502s] -- Symlinking: /home/aalbeerto-02/tfg_girs_ws/install/interfaces_package/include/interfaces_package/interfaces_package/action/detail/count_until__rosidl_typesupport_fastrtps_cpp.hpp
[3.506s] -- Symlinking: /home/aalbeerto-02/tfg_girs_ws/install/interfaces_package/include/interfaces_package/interfaces_package/msg/rosidl_typesupport_fastrtps_cpp__visibility_control.h
[3.511s] -- Symlinking: /home/aalbeerto-02/tfg_girs_ws/install/interfaces_package/include/interfaces_package/interfaces_package/action/detail/count_until__rosidl_typesupport_introspection_cpp.hpp
[3.517s] -- Symlinking: /home/aalbeerto-02/tfg_girs_ws/install/interfaces_package/share/interfaces_package/environment/pythonpath.sh
[3.523s] -- Symlinking: /home/aalbeerto-02/tfg_girs_ws/install/interfaces_package/share/interfaces_package/environment/pythonpath.dsv
[3.527s] -- Symlinking: /home/aalbeerto-02/tfg_girs_ws/install/interfaces_package/lib/python3.12/site-packages/interfaces_package-0.0.1-py3.12.egg-info/PKG-INFO
[3.532s] -- Symlinking: /home/aalbeerto-02/tfg_girs_ws/install/interfaces_package/lib/python3.12/site-packages/interfaces_package-0.0.1-py3.12.egg-info/SOURCES.txt
[3.537s] -- Symlinking: /home/aalbeerto-02/tfg_girs_ws/install/interfaces_package/lib/python3.12/site-packages/interfaces_package-0.0.1-py3.12.egg-info/dependency_links.txt
[3.542s] -- Symlinking: /home/aalbeerto-02/tfg_girs_ws/install/interfaces_package/lib/python3.12/site-packages/interfaces_package-0.0.1-py3.12.egg-info/top_level.txt
[3.548s] -- Symlinking: /home/aalbeerto-02/tfg_girs_ws/install/interfaces_package/lib/python3.12/site-packages/interfaces_package/__init__.py
[3.552s] -- Symlinking: /home/aalbeerto-02/tfg_girs_ws/install/interfaces_package/lib/python3.12/site-packages/interfaces_package/_interfaces_package_s.ep.rosidl_typesupport_c.c
[3.556s] -- Symlinking: /home/aalbeerto-02/tfg_girs_ws/install/interfaces_package/lib/python3.12/site-packages/interfaces_package/_interfaces_package_s.ep.rosidl_typesupport_fastrtps_c.c
[3.560s] -- Symlinking: /home/aalbeerto-02/tfg_girs_ws/install/interfaces_package/lib/python3.12/site-packages/interfaces_package/_interfaces_package_s.ep.rosidl_typesupport_introspection_c.c
[3.566s] -- Symlinking: /home/aalbeerto-02/tfg_girs_ws/install/interfaces_package/lib/python3.12/site-packages/interfaces_package/action/__init__.py
[3.570s] -- Symlinking: /home/aalbeerto-02/tfg_girs_ws/install/interfaces_package/lib/python3.12/site-packages/interfaces_package/action/_count_until.py
[3.576s] -- Symlinking: /home/aalbeerto-02/tfg_girs_ws/install/interfaces_package/lib/python3.12/site-packages/interfaces_package/action/_count_until_s.c
[3.580s] -- Symlinking: /home/aalbeerto-02/tfg_girs_ws/install/interfaces_package/lib/python3.12/site-packages/interfaces_package/interfaces_package_s__rosidl_typesupport_c.so
[3.584s] -- Symlinking: /home/aalbeerto-02/tfg_girs_ws/install/interfaces_package/lib/python3.12/site-packages/interfaces_package/interfaces_package_s__rosidl_typesupport_fastrtps_c.so
[3.589s] -- Symlinking: /home/aalbeerto-02/tfg_girs_ws/install/interfaces_package/lib/python3.12/site-packages/interfaces_package/interfaces_package_s__rosidl_typesupport_introspection_c.so
[3.593s] -- Up-to-date symlink: /home/aalbeerto-02/tfg_girs_ws/install/interfaces_package/lib/python3.12/site-packages/interfaces_package/interfaces_package_s__rosidl_typesupport_fastrtps_c.so
[3.593s] -- Up-to-date symlink: /home/aalbeerto-02/tfg_girs_ws/install/interfaces_package/lib/python3.12/site-packages/interfaces_package/interfaces_package_s__rosidl_typesupport_introspection_c.so
[3.593s] -- Up-to-date symlink: /home/aalbeerto-02/tfg_girs_ws/install/interfaces_package/lib/python3.12/site-packages/interfaces_package/interfaces_package_s__rosidl_typesupport_c.so
[3.593s] -- Symlinking: /home/aalbeerto-02/tfg_girs_ws/install/interfaces_package/share/interfaces_package/action/CountUntil.idl
[3.598s] -- Symlinking: /home/aalbeerto-02/tfg_girs_ws/install/interfaces_package/share/interfaces_package/action/CountUntil.action
[3.603s] -- Symlinking: /home/aalbeerto-02/tfg_girs_ws/install/interfaces_package/share/ament_index/resource_index/package_run_dependencies/interfaces_package
[3.608s] -- Symlinking: /home/aalbeerto-02/tfg_girs_ws/install/interfaces_package/share/ament_index/resource_index/parent_prefix_path/interfaces_package
[3.612s] -- Symlinking: /home/aalbeerto-02/tfg_girs_ws/install/interfaces_package/share/interfaces_package/environment/ament_prefix_path.sh
[3.616s] -- Symlinking: /home/aalbeerto-02/tfg_girs_ws/install/interfaces_package/share/interfaces_package/environment/ament_prefix_path.dsv
[3.621s] -- Symlinking: /home/aalbeerto-02/tfg_girs_ws/install/interfaces_package/share/interfaces_package/environment/path.sh
[3.625s] -- Symlinking: /home/aalbeerto-02/tfg_girs_ws/install/interfaces_package/share/interfaces_package/environment/path.dsv
[3.631s] -- Symlinking: /home/aalbeerto-02/tfg_girs_ws/install/interfaces_package/share/interfaces_package/local_setup.bash
[3.636s] -- Symlinking: /home/aalbeerto-02/tfg_girs_ws/install/interfaces_package/share/interfaces_package/local_setup.sh
[3.640s] -- Symlinking: /home/aalbeerto-02/tfg_girs_ws/install/interfaces_package/share/interfaces_package/local_setup.zsh
[3.645s] -- Symlinking: /home/aalbeerto-02/tfg_girs_ws/install/interfaces_package/share/interfaces_package/local_setup.dsv
[3.649s] -- Symlinking: /home/aalbeerto-02/tfg_girs_ws/install/interfaces_package/share/interfaces_package/package.dsv
[3.654s] -- Symlinking: /home/aalbeerto-02/tfg_girs_ws/install/interfaces_package/share/ament_index/resource_index/packages/interfaces_package
[3.660s] -- Symlinking: /home/aalbeerto-02/tfg_girs_ws/install/interfaces_package/share/interfaces_package/cmake/rosidl_cmake-extras.cmake
[3.664s] -- Symlinking: /home/aalbeerto-02/tfg_girs_ws/install/interfaces_package/share/interfaces_package/cmake/ament_cmake_export_dependencies-extras.cmake
[3.668s] -- Symlinking: /home/aalbeerto-02/tfg_girs_ws/install/interfaces_package/share/interfaces_package/cmake/ament_cmake_export_include_directories-extras.cmake
[3.673s] -- Symlinking: /home/aalbeerto-02/tfg_girs_ws/install/interfaces_package/share/interfaces_package/cmake/ament_cmake_export_libraries-extras.cmake
[3.677s] -- Symlinking: /home/aalbeerto-02/tfg_girs_ws/install/interfaces_package/share/interfaces_package/cmake/ament_cmake_export_targets-extras.cmake
[3.682s] -- Symlinking: /home/aalbeerto-02/tfg_girs_ws/install/interfaces_package/share/interfaces_package/cmake/rosidl_cmake_export_typesupport_targets-extras.cmake
[3.688s] -- Symlinking: /home/aalbeerto-02/tfg_girs_ws/install/interfaces_package/share/interfaces_package/cmake/rosidl_cmake_export_typesupport_libraries-extras.cmake
[3.693s] -- Symlinking: /home/aalbeerto-02/tfg_girs_ws/install/interfaces_package/share/interfaces_package/cmake/interfaces_packageConfig.cmake
[3.697s] -- Symlinking: /home/aalbeerto-02/tfg_girs_ws/install/interfaces_package/share/interfaces_package/cmake/interfaces_packageConfig-version.cmake
[3.701s] -- Symlinking: /home/aalbeerto-02/tfg_girs_ws/install/interfaces_package/share/interfaces_package/package.xml
[3.705s] -- Installing: /home/aalbeerto-02/tfg_girs_ws/install/interfaces_package/lib/libinterfaces_package__rosidl_generator_c.so
[3.706s] -- Set non-toolchain portion of runtime path of "/home/aalbeerto-02/tfg_girs_ws/install/interfaces_package/lib/libinterfaces_package__rosidl_generator_c.so" to ""
[3.706s] -- Installing: /home/aalbeerto-02/tfg_girs_ws/install/interfaces_package/lib/libinterfaces_package__rosidl_typesupport_fastrtps_c.so
[3.706s] -- Set non-toolchain portion of runtime path of "/home/aalbeerto-02/tfg_girs_ws/install/interfaces_package/lib/libinterfaces_package__rosidl_typesupport_fastrtps_c.so" to ""
[3.706s] -- Installing: /home/aalbeerto-02/tfg_girs_ws/install/interfaces_package/lib/libinterfaces_package__rosidl_typesupport_introspection_c.so
[3.706s] -- Set non-toolchain portion of runtime path of "/home/aalbeerto-02/tfg_girs_ws/install/interfaces_package/lib/libinterfaces_package__rosidl_typesupport_introspection_c.so" to ""
[3.706s] -- Installing: /home/aalbeerto-02/tfg_girs_ws/install/interfaces_package/lib/libinterfaces_package__rosidl_typesupport_c.so
[3.706s] -- Set non-toolchain portion of runtime path of "/home/aalbeerto-02/tfg_girs_ws/install/interfaces_package/lib/libinterfaces_package__rosidl_typesupport_c.so" to ""
[3.706s] -- Installing: /home/aalbeerto-02/tfg_girs_ws/install/interfaces_package/lib/libinterfaces_package__rosidl_typesupport_fastrtps_cpp.so
[3.707s] -- Set non-toolchain portion of runtime path of "/home/aalbeerto-02/tfg_girs_ws/install/interfaces_package/lib/libinterfaces_package__rosidl_typesupport_fastrtps_cpp.so" to ""
[3.707s] -- Installing: /home/aalbeerto-02/tfg_girs_ws/install/interfaces_package/lib/libinterfaces_package__rosidl_typesupport_introspection_cpp.so
[3.707s] -- Set non-toolchain portion of runtime path of "/home/aalbeerto-02/tfg_girs_ws/install/interfaces_package/lib/libinterfaces_package__rosidl_typesupport_introspection_cpp.so" to ""
[3.707s] -- Installing: /home/aalbeerto-02/tfg_girs_ws/install/interfaces_package/lib/libinterfaces_package__rosidl_typesupport_cpp.so
[3.707s] -- Set non-toolchain portion of runtime path of "/home/aalbeerto-02/tfg_girs_ws/install/interfaces_package/lib/libinterfaces_package__rosidl_typesupport_cpp.so" to ""
[3.732s] Listing '/home/aalbeerto-02/tfg_girs_ws/install/interfaces_package/lib/python3.12/site-packages/interfaces_package'...
[3.732s] Compiling '/home/aalbeerto-02/tfg_girs_ws/install/interfaces_package/lib/python3.12/site-packages/interfaces_package/__init__.py'...
[3.732s] Listing '/home/aalbeerto-02/tfg_girs_ws/install/interfaces_package/lib/python3.12/site-packages/interfaces_package/action'...
[3.732s] Compiling '/home/aalbeerto-02/tfg_girs_ws/install/interfaces_package/lib/python3.12/site-packages/interfaces_package/action/__init__.py'...
[3.732s] Compiling '/home/aalbeerto-02/tfg_girs_ws/install/interfaces_package/lib/python3.12/site-packages/interfaces_package/action/_count_until.py'...
[3.735s] -- Installing: /home/aalbeerto-02/tfg_girs_ws/install/interfaces_package/lib/libinterfaces_package__rosidl_generator_py.so
[3.735s] -- Set non-toolchain portion of runtime path of "/home/aalbeerto-02/tfg_girs_ws/install/interfaces_package/lib/libinterfaces_package__rosidl_generator_py.so" to ""
[3.735s] -- Installing: /home/aalbeerto-02/tfg_girs_ws/install/interfaces_package/share/interfaces_package/cmake/export_interfaces_package__rosidl_generator_cExport.cmake
[3.735s] -- Installing: /home/aalbeerto-02/tfg_girs_ws/install/interfaces_package/share/interfaces_package/cmake/export_interfaces_package__rosidl_generator_cExport-noconfig.cmake
[3.736s] -- Installing: /home/aalbeerto-02/tfg_girs_ws/install/interfaces_package/share/interfaces_package/cmake/export_interfaces_package__rosidl_typesupport_fastrtps_cExport.cmake
[3.736s] -- Installing: /home/aalbeerto-02/tfg_girs_ws/install/interfaces_package/share/interfaces_package/cmake/export_interfaces_package__rosidl_typesupport_fastrtps_cExport-noconfig.cmake
[3.736s] -- Installing: /home/aalbeerto-02/tfg_girs_ws/install/interfaces_package/share/interfaces_package/cmake/interfaces_package__rosidl_typesupport_introspection_cExport.cmake
[3.736s] -- Installing: /home/aalbeerto-02/tfg_girs_ws/install/interfaces_package/share/interfaces_package/cmake/interfaces_package__rosidl_typesupport_introspection_cExport-noconfig.cmake
[3.736s] -- Installing: /home/aalbeerto-02/tfg_girs_ws/install/interfaces_package/share/interfaces_package/cmake/interfaces_package__rosidl_typesupport_cExport.cmake
[3.736s] -- Installing: /home/aalbeerto-02/tfg_girs_ws/install/interfaces_package/share/interfaces_package/cmake/interfaces_package__rosidl_typesupport_cExport-noconfig.cmake
[3.736s] -- Installing: /home/aalbeerto-02/tfg_girs_ws/install/interfaces_package/share/interfaces_package/cmake/export_interfaces_package__rosidl_generator_cppExport.cmake
[3.736s] -- Installing: /home/aalbeerto-02/tfg_girs_ws/install/interfaces_package/share/interfaces_package/cmake/export_interfaces_package__rosidl_typesupport_fastrtps_cppExport.cmake
[3.736s] -- Installing: /home/aalbeerto-02/tfg_girs_ws/install/interfaces_package/share/interfaces_package/cmake/export_interfaces_package__rosidl_typesupport_fastrtps_cppExport-noconfig.cmake
[3.736s] -- Installing: /home/aalbeerto-02/tfg_girs_ws/install/interfaces_package/share/interfaces_package/cmake/interfaces_package__rosidl_typesupport_introspection_cppExport.cmake
[3.736s] -- Installing: /home/aalbeerto-02/tfg_girs_ws/install/interfaces_package/share/interfaces_package/cmake/interfaces_package__rosidl_typesupport_introspection_cppExport-noconfig.cmake
[3.736s] -- Installing: /home/aalbeerto-02/tfg_girs_ws/install/interfaces_package/share/interfaces_package/cmake/interfaces_package__rosidl_typesupport_cppExport.cmake
[3.736s] -- Installing: /home/aalbeerto-02/tfg_girs_ws/install/interfaces_package/share/interfaces_package/cmake/interfaces_package__rosidl_typesupport_cppExport-noconfig.cmake
[3.736s] -- Installing: /home/aalbeerto-02/tfg_girs_ws/install/interfaces_package/share/interfaces_package/cmake/export_interfaces_package__rosidl_generator_pyExport.cmake
[3.736s] -- Installing: /home/aalbeerto-02/tfg_girs_ws/install/interfaces_package/share/interfaces_package/cmake/export_interfaces_package__rosidl_generator_pyExport-noconfig.cmake
[3.737s] Invoked command in '/home/aalbeerto-02/tfg_girs_ws/build/interfaces_package' returned '0': CMAKE_PREFIX_PATH=${CMAKE_PREFIX_PATH}:/opt/ros/rolling DEBUGINFOD_URLS=https://debuginfod.ubuntu.com /usr/bin/cmake --install /home/aalbeerto-02/tfg_girs_ws/build/interfaces_package
