[0.050s] DEBUG:colcon:Command line arguments: ['/usr/bin/colcon', 'build', '--symlink-install']
[0.050s] DEBUG:colcon:Parsed command line arguments: Namespace(log_base=None, log_level=None, verb_name='build', build_base='build', install_base='install', merge_install=False, symlink_install=True, test_result_base=None, continue_on_error=False, executor='parallel', parallel_workers=28, event_handlers=None, ignore_user_meta=False, metas=['./colcon.meta'], base_paths=['.'], packages_ignore=None, packages_ignore_regex=None, paths=None, packages_up_to=None, packages_up_to_regex=None, packages_above=None, packages_above_and_dependencies=None, packages_above_depth=None, packages_select_by_dep=None, packages_skip_by_dep=None, packages_skip_up_to=None, packages_select_build_failed=False, packages_skip_build_finished=False, packages_select_test_failures=False, packages_skip_test_passed=False, packages_select=None, packages_skip=None, packages_select_regex=None, packages_skip_regex=None, packages_start=None, packages_end=None, allow_overriding=[], cmake_args=None, cmake_target=None, cmake_target_skip_unavailable=False, cmake_clean_cache=False, cmake_clean_first=False, cmake_force_configure=False, ament_cmake_args=None, catkin_cmake_args=None, catkin_skip_building_tests=False, mixin_files=None, mixin=None, verb_parser=<colcon_mixin.mixin.mixin_argument.MixinArgumentDecorator object at 0x719cbe5aab40>, verb_extension=<colcon_core.verb.build.BuildVerb object at 0x719cbec5acc0>, main=<bound method BuildVerb.main of <colcon_core.verb.build.BuildVerb object at 0x719cbec5acc0>>, mixin_verb=('build',))
[0.068s] Level 1:colcon.colcon_core.package_discovery:discover_packages(colcon_meta) check parameters
[0.068s] Level 1:colcon.colcon_core.package_discovery:discover_packages(recursive) check parameters
[0.068s] Level 1:colcon.colcon_core.package_discovery:discover_packages(ignore) check parameters
[0.069s] Level 1:colcon.colcon_core.package_discovery:discover_packages(path) check parameters
[0.069s] Level 1:colcon.colcon_core.package_discovery:discover_packages(colcon_meta) discover
[0.069s] Level 1:colcon.colcon_core.package_discovery:discover_packages(recursive) discover
[0.069s] INFO:colcon.colcon_core.package_discovery:Crawling recursively for packages in '/home/aalbeerto-02/tfg_girs_ws'
[0.069s] Level 1:colcon.colcon_core.package_identification:_identify(.) by extensions ['ignore', 'ignore_ament_install']
[0.069s] Level 1:colcon.colcon_core.package_identification:_identify(.) by extension 'ignore'
[0.069s] Level 1:colcon.colcon_core.package_identification:_identify(.) by extension 'ignore_ament_install'
[0.069s] Level 1:colcon.colcon_core.package_identification:_identify(.) by extensions ['colcon_pkg']
[0.069s] Level 1:colcon.colcon_core.package_identification:_identify(.) by extension 'colcon_pkg'
[0.069s] Level 1:colcon.colcon_core.package_identification:_identify(.) by extensions ['colcon_meta']
[0.069s] Level 1:colcon.colcon_core.package_identification:_identify(.) by extension 'colcon_meta'
[0.069s] Level 1:colcon.colcon_core.package_identification:_identify(.) by extensions ['ros']
[0.069s] Level 1:colcon.colcon_core.package_identification:_identify(.) by extension 'ros'
[0.082s] Level 1:colcon.colcon_core.package_identification:_identify(.) by extensions ['cmake', 'python']
[0.082s] Level 1:colcon.colcon_core.package_identification:_identify(.) by extension 'cmake'
[0.082s] Level 1:colcon.colcon_core.package_identification:_identify(.) by extension 'python'
[0.082s] Level 1:colcon.colcon_core.package_identification:_identify(.) by extensions ['python_setup_py']
[0.082s] Level 1:colcon.colcon_core.package_identification:_identify(.) by extension 'python_setup_py'
[0.082s] Level 1:colcon.colcon_core.package_identification:_identify(build) by extensions ['ignore', 'ignore_ament_install']
[0.082s] Level 1:colcon.colcon_core.package_identification:_identify(build) by extension 'ignore'
[0.082s] Level 1:colcon.colcon_core.package_identification:_identify(build) ignored
[0.082s] Level 1:colcon.colcon_core.package_identification:_identify(install) by extensions ['ignore', 'ignore_ament_install']
[0.082s] Level 1:colcon.colcon_core.package_identification:_identify(install) by extension 'ignore'
[0.082s] Level 1:colcon.colcon_core.package_identification:_identify(install) ignored
[0.082s] Level 1:colcon.colcon_core.package_identification:_identify(log) by extensions ['ignore', 'ignore_ament_install']
[0.082s] Level 1:colcon.colcon_core.package_identification:_identify(log) by extension 'ignore'
[0.082s] Level 1:colcon.colcon_core.package_identification:_identify(log) ignored
[0.082s] Level 1:colcon.colcon_core.package_identification:_identify(src) by extensions ['ignore', 'ignore_ament_install']
[0.082s] Level 1:colcon.colcon_core.package_identification:_identify(src) by extension 'ignore'
[0.082s] Level 1:colcon.colcon_core.package_identification:_identify(src) by extension 'ignore_ament_install'
[0.082s] Level 1:colcon.colcon_core.package_identification:_identify(src) by extensions ['colcon_pkg']
[0.082s] Level 1:colcon.colcon_core.package_identification:_identify(src) by extension 'colcon_pkg'
[0.082s] Level 1:colcon.colcon_core.package_identification:_identify(src) by extensions ['colcon_meta']
[0.082s] Level 1:colcon.colcon_core.package_identification:_identify(src) by extension 'colcon_meta'
[0.082s] Level 1:colcon.colcon_core.package_identification:_identify(src) by extensions ['ros']
[0.082s] Level 1:colcon.colcon_core.package_identification:_identify(src) by extension 'ros'
[0.082s] Level 1:colcon.colcon_core.package_identification:_identify(src) by extensions ['cmake', 'python']
[0.082s] Level 1:colcon.colcon_core.package_identification:_identify(src) by extension 'cmake'
[0.082s] Level 1:colcon.colcon_core.package_identification:_identify(src) by extension 'python'
[0.082s] Level 1:colcon.colcon_core.package_identification:_identify(src) by extensions ['python_setup_py']
[0.082s] Level 1:colcon.colcon_core.package_identification:_identify(src) by extension 'python_setup_py'
[0.082s] Level 1:colcon.colcon_core.package_identification:_identify(src/my_robot) by extensions ['ignore', 'ignore_ament_install']
[0.082s] Level 1:colcon.colcon_core.package_identification:_identify(src/my_robot) by extension 'ignore'
[0.082s] Level 1:colcon.colcon_core.package_identification:_identify(src/my_robot) by extension 'ignore_ament_install'
[0.082s] Level 1:colcon.colcon_core.package_identification:_identify(src/my_robot) by extensions ['colcon_pkg']
[0.082s] Level 1:colcon.colcon_core.package_identification:_identify(src/my_robot) by extension 'colcon_pkg'
[0.082s] Level 1:colcon.colcon_core.package_identification:_identify(src/my_robot) by extensions ['colcon_meta']
[0.082s] Level 1:colcon.colcon_core.package_identification:_identify(src/my_robot) by extension 'colcon_meta'
[0.082s] Level 1:colcon.colcon_core.package_identification:_identify(src/my_robot) by extensions ['ros']
[0.082s] Level 1:colcon.colcon_core.package_identification:_identify(src/my_robot) by extension 'ros'
[0.083s] DEBUG:colcon.colcon_core.package_identification:Package 'src/my_robot' with type 'ros.ament_python' and name 'my_robot'
[0.083s] Level 1:colcon.colcon_core.package_identification:_identify(src/tfg_actions) by extensions ['ignore', 'ignore_ament_install']
[0.084s] Level 1:colcon.colcon_core.package_identification:_identify(src/tfg_actions) by extension 'ignore'
[0.084s] Level 1:colcon.colcon_core.package_identification:_identify(src/tfg_actions) by extension 'ignore_ament_install'
[0.084s] Level 1:colcon.colcon_core.package_identification:_identify(src/tfg_actions) by extensions ['colcon_pkg']
[0.084s] Level 1:colcon.colcon_core.package_identification:_identify(src/tfg_actions) by extension 'colcon_pkg'
[0.084s] Level 1:colcon.colcon_core.package_identification:_identify(src/tfg_actions) by extensions ['colcon_meta']
[0.084s] Level 1:colcon.colcon_core.package_identification:_identify(src/tfg_actions) by extension 'colcon_meta'
[0.084s] Level 1:colcon.colcon_core.package_identification:_identify(src/tfg_actions) by extensions ['ros']
[0.084s] Level 1:colcon.colcon_core.package_identification:_identify(src/tfg_actions) by extension 'ros'
[0.084s] DEBUG:colcon.colcon_core.package_identification:Package 'src/tfg_actions' with type 'ros.ament_python' and name 'tfg_actions'
[0.084s] Level 1:colcon.colcon_core.package_identification:_identify(src/tfg_interfaces) by extensions ['ignore', 'ignore_ament_install']
[0.084s] Level 1:colcon.colcon_core.package_identification:_identify(src/tfg_interfaces) by extension 'ignore'
[0.084s] Level 1:colcon.colcon_core.package_identification:_identify(src/tfg_interfaces) by extension 'ignore_ament_install'
[0.084s] Level 1:colcon.colcon_core.package_identification:_identify(src/tfg_interfaces) by extensions ['colcon_pkg']
[0.084s] Level 1:colcon.colcon_core.package_identification:_identify(src/tfg_interfaces) by extension 'colcon_pkg'
[0.084s] Level 1:colcon.colcon_core.package_identification:_identify(src/tfg_interfaces) by extensions ['colcon_meta']
[0.084s] Level 1:colcon.colcon_core.package_identification:_identify(src/tfg_interfaces) by extension 'colcon_meta'
[0.084s] Level 1:colcon.colcon_core.package_identification:_identify(src/tfg_interfaces) by extensions ['ros']
[0.084s] Level 1:colcon.colcon_core.package_identification:_identify(src/tfg_interfaces) by extension 'ros'
[0.084s] DEBUG:colcon.colcon_core.package_identification:Package 'src/tfg_interfaces' with type 'ros.ament_cmake' and name 'tfg_interfaces'
[0.084s] Level 1:colcon.colcon_core.package_identification:_identify(src/tfg_package) by extensions ['ignore', 'ignore_ament_install']
[0.084s] Level 1:colcon.colcon_core.package_identification:_identify(src/tfg_package) by extension 'ignore'
[0.084s] Level 1:colcon.colcon_core.package_identification:_identify(src/tfg_package) by extension 'ignore_ament_install'
[0.084s] Level 1:colcon.colcon_core.package_identification:_identify(src/tfg_package) by extensions ['colcon_pkg']
[0.084s] Level 1:colcon.colcon_core.package_identification:_identify(src/tfg_package) by extension 'colcon_pkg'
[0.084s] Level 1:colcon.colcon_core.package_identification:_identify(src/tfg_package) by extensions ['colcon_meta']
[0.085s] Level 1:colcon.colcon_core.package_identification:_identify(src/tfg_package) by extension 'colcon_meta'
[0.085s] Level 1:colcon.colcon_core.package_identification:_identify(src/tfg_package) by extensions ['ros']
[0.085s] Level 1:colcon.colcon_core.package_identification:_identify(src/tfg_package) by extension 'ros'
[0.085s] DEBUG:colcon.colcon_core.package_identification:Package 'src/tfg_package' with type 'ros.ament_python' and name 'tfg_package'
[0.085s] Level 1:colcon.colcon_core.package_discovery:discover_packages(recursive) using defaults
[0.085s] Level 1:colcon.colcon_core.package_discovery:discover_packages(ignore) discover
[0.085s] Level 1:colcon.colcon_core.package_discovery:discover_packages(ignore) using defaults
[0.085s] Level 1:colcon.colcon_core.package_discovery:discover_packages(path) discover
[0.085s] Level 1:colcon.colcon_core.package_discovery:discover_packages(path) using defaults
[0.094s] Level 1:colcon.colcon_core.package_discovery:discover_packages(prefix_path) check parameters
[0.094s] Level 1:colcon.colcon_core.package_discovery:discover_packages(prefix_path) discover
[0.094s] DEBUG:colcon.colcon_installed_package_information.package_discovery:Found 4 installed packages in /home/aalbeerto-02/tfg_ws/install
[0.095s] DEBUG:colcon.colcon_installed_package_information.package_discovery:Found 390 installed packages in /opt/ros/rolling
[0.096s] Level 1:colcon.colcon_core.package_discovery:discover_packages(prefix_path) using defaults
[0.117s] Level 5:colcon.colcon_core.verb:set package 'my_robot' build argument 'cmake_args' from command line to 'None'
[0.117s] Level 5:colcon.colcon_core.verb:set package 'my_robot' build argument 'cmake_target' from command line to 'None'
[0.117s] Level 5:colcon.colcon_core.verb:set package 'my_robot' build argument 'cmake_target_skip_unavailable' from command line to 'False'
[0.117s] Level 5:colcon.colcon_core.verb:set package 'my_robot' build argument 'cmake_clean_cache' from command line to 'False'
[0.117s] Level 5:colcon.colcon_core.verb:set package 'my_robot' build argument 'cmake_clean_first' from command line to 'False'
[0.117s] Level 5:colcon.colcon_core.verb:set package 'my_robot' build argument 'cmake_force_configure' from command line to 'False'
[0.117s] Level 5:colcon.colcon_core.verb:set package 'my_robot' build argument 'ament_cmake_args' from command line to 'None'
[0.117s] Level 5:colcon.colcon_core.verb:set package 'my_robot' build argument 'catkin_cmake_args' from command line to 'None'
[0.117s] Level 5:colcon.colcon_core.verb:set package 'my_robot' build argument 'catkin_skip_building_tests' from command line to 'False'
[0.117s] DEBUG:colcon.colcon_core.verb:Building package 'my_robot' with the following arguments: {'ament_cmake_args': None, 'build_base': '/home/aalbeerto-02/tfg_girs_ws/build/my_robot', 'catkin_cmake_args': None, 'catkin_skip_building_tests': False, 'cmake_args': None, 'cmake_clean_cache': False, 'cmake_clean_first': False, 'cmake_force_configure': False, 'cmake_target': None, 'cmake_target_skip_unavailable': False, 'install_base': '/home/aalbeerto-02/tfg_girs_ws/install/my_robot', 'merge_install': False, 'path': '/home/aalbeerto-02/tfg_girs_ws/src/my_robot', 'symlink_install': True, 'test_result_base': None}
[0.117s] Level 5:colcon.colcon_core.verb:set package 'tfg_interfaces' build argument 'cmake_args' from command line to 'None'
[0.117s] Level 5:colcon.colcon_core.verb:set package 'tfg_interfaces' build argument 'cmake_target' from command line to 'None'
[0.117s] Level 5:colcon.colcon_core.verb:set package 'tfg_interfaces' build argument 'cmake_target_skip_unavailable' from command line to 'False'
[0.117s] Level 5:colcon.colcon_core.verb:set package 'tfg_interfaces' build argument 'cmake_clean_cache' from command line to 'False'
[0.117s] Level 5:colcon.colcon_core.verb:set package 'tfg_interfaces' build argument 'cmake_clean_first' from command line to 'False'
[0.117s] Level 5:colcon.colcon_core.verb:set package 'tfg_interfaces' build argument 'cmake_force_configure' from command line to 'False'
[0.117s] Level 5:colcon.colcon_core.verb:set package 'tfg_interfaces' build argument 'ament_cmake_args' from command line to 'None'
[0.117s] Level 5:colcon.colcon_core.verb:set package 'tfg_interfaces' build argument 'catkin_cmake_args' from command line to 'None'
[0.117s] Level 5:colcon.colcon_core.verb:set package 'tfg_interfaces' build argument 'catkin_skip_building_tests' from command line to 'False'
[0.117s] DEBUG:colcon.colcon_core.verb:Building package 'tfg_interfaces' with the following arguments: {'ament_cmake_args': None, 'build_base': '/home/aalbeerto-02/tfg_girs_ws/build/tfg_interfaces', 'catkin_cmake_args': None, 'catkin_skip_building_tests': False, 'cmake_args': None, 'cmake_clean_cache': False, 'cmake_clean_first': False, 'cmake_force_configure': False, 'cmake_target': None, 'cmake_target_skip_unavailable': False, 'install_base': '/home/aalbeerto-02/tfg_girs_ws/install/tfg_interfaces', 'merge_install': False, 'path': '/home/aalbeerto-02/tfg_girs_ws/src/tfg_interfaces', 'symlink_install': True, 'test_result_base': None}
[0.117s] Level 5:colcon.colcon_core.verb:set package 'tfg_package' build argument 'cmake_args' from command line to 'None'
[0.117s] Level 5:colcon.colcon_core.verb:set package 'tfg_package' build argument 'cmake_target' from command line to 'None'
[0.117s] Level 5:colcon.colcon_core.verb:set package 'tfg_package' build argument 'cmake_target_skip_unavailable' from command line to 'False'
[0.117s] Level 5:colcon.colcon_core.verb:set package 'tfg_package' build argument 'cmake_clean_cache' from command line to 'False'
[0.117s] Level 5:colcon.colcon_core.verb:set package 'tfg_package' build argument 'cmake_clean_first' from command line to 'False'
[0.117s] Level 5:colcon.colcon_core.verb:set package 'tfg_package' build argument 'cmake_force_configure' from command line to 'False'
[0.117s] Level 5:colcon.colcon_core.verb:set package 'tfg_package' build argument 'ament_cmake_args' from command line to 'None'
[0.117s] Level 5:colcon.colcon_core.verb:set package 'tfg_package' build argument 'catkin_cmake_args' from command line to 'None'
[0.117s] Level 5:colcon.colcon_core.verb:set package 'tfg_package' build argument 'catkin_skip_building_tests' from command line to 'False'
[0.117s] DEBUG:colcon.colcon_core.verb:Building package 'tfg_package' with the following arguments: {'ament_cmake_args': None, 'build_base': '/home/aalbeerto-02/tfg_girs_ws/build/tfg_package', 'catkin_cmake_args': None, 'catkin_skip_building_tests': False, 'cmake_args': None, 'cmake_clean_cache': False, 'cmake_clean_first': False, 'cmake_force_configure': False, 'cmake_target': None, 'cmake_target_skip_unavailable': False, 'install_base': '/home/aalbeerto-02/tfg_girs_ws/install/tfg_package', 'merge_install': False, 'path': '/home/aalbeerto-02/tfg_girs_ws/src/tfg_package', 'symlink_install': True, 'test_result_base': None}
[0.118s] Level 5:colcon.colcon_core.verb:set package 'tfg_actions' build argument 'cmake_args' from command line to 'None'
[0.118s] Level 5:colcon.colcon_core.verb:set package 'tfg_actions' build argument 'cmake_target' from command line to 'None'
[0.118s] Level 5:colcon.colcon_core.verb:set package 'tfg_actions' build argument 'cmake_target_skip_unavailable' from command line to 'False'
[0.118s] Level 5:colcon.colcon_core.verb:set package 'tfg_actions' build argument 'cmake_clean_cache' from command line to 'False'
[0.118s] Level 5:colcon.colcon_core.verb:set package 'tfg_actions' build argument 'cmake_clean_first' from command line to 'False'
[0.118s] Level 5:colcon.colcon_core.verb:set package 'tfg_actions' build argument 'cmake_force_configure' from command line to 'False'
[0.118s] Level 5:colcon.colcon_core.verb:set package 'tfg_actions' build argument 'ament_cmake_args' from command line to 'None'
[0.118s] Level 5:colcon.colcon_core.verb:set package 'tfg_actions' build argument 'catkin_cmake_args' from command line to 'None'
[0.118s] Level 5:colcon.colcon_core.verb:set package 'tfg_actions' build argument 'catkin_skip_building_tests' from command line to 'False'
[0.118s] DEBUG:colcon.colcon_core.verb:Building package 'tfg_actions' with the following arguments: {'ament_cmake_args': None, 'build_base': '/home/aalbeerto-02/tfg_girs_ws/build/tfg_actions', 'catkin_cmake_args': None, 'catkin_skip_building_tests': False, 'cmake_args': None, 'cmake_clean_cache': False, 'cmake_clean_first': False, 'cmake_force_configure': False, 'cmake_target': None, 'cmake_target_skip_unavailable': False, 'install_base': '/home/aalbeerto-02/tfg_girs_ws/install/tfg_actions', 'merge_install': False, 'path': '/home/aalbeerto-02/tfg_girs_ws/src/tfg_actions', 'symlink_install': True, 'test_result_base': None}
[0.118s] INFO:colcon.colcon_core.executor:Executing jobs using 'parallel' executor
[0.118s] DEBUG:colcon.colcon_parallel_executor.executor.parallel:run_until_complete
[0.118s] INFO:colcon.colcon_ros.task.ament_cmake.build:Building ROS package in '/home/aalbeerto-02/tfg_girs_ws/src/tfg_interfaces' with build type 'ament_cmake'
[0.118s] INFO:colcon.colcon_cmake.task.cmake.build:Building CMake package in '/home/aalbeerto-02/tfg_girs_ws/src/tfg_interfaces'
[0.119s] INFO:colcon.colcon_core.plugin_system:Skipping extension 'colcon_core.shell.bat': Not used on non-Windows systems
[0.119s] INFO:colcon.colcon_core.shell:Skip shell extension 'powershell' for command environment: Not usable outside of PowerShell
[0.119s] DEBUG:colcon.colcon_core.shell:Skip shell extension 'dsv' for command environment
[0.121s] INFO:colcon.colcon_ros.task.ament_python.build:Building ROS package in '/home/aalbeerto-02/tfg_girs_ws/src/my_robot' with build type 'ament_python'
[0.121s] Level 1:colcon.colcon_core.shell:create_environment_hook('my_robot', 'ament_prefix_path')
[0.121s] INFO:colcon.colcon_core.shell:Creating environment hook '/home/aalbeerto-02/tfg_girs_ws/install/my_robot/share/my_robot/hook/ament_prefix_path.ps1'
[0.121s] INFO:colcon.colcon_core.shell:Creating environment descriptor '/home/aalbeerto-02/tfg_girs_ws/install/my_robot/share/my_robot/hook/ament_prefix_path.dsv'
[0.122s] INFO:colcon.colcon_core.shell:Creating environment hook '/home/aalbeerto-02/tfg_girs_ws/install/my_robot/share/my_robot/hook/ament_prefix_path.sh'
[0.122s] INFO:colcon.colcon_core.shell:Skip shell extension 'powershell' for command environment: Not usable outside of PowerShell
[0.122s] DEBUG:colcon.colcon_core.shell:Skip shell extension 'dsv' for command environment
[0.123s] INFO:colcon.colcon_ros.task.ament_python.build:Building ROS package in '/home/aalbeerto-02/tfg_girs_ws/src/tfg_package' with build type 'ament_python'
[0.123s] Level 1:colcon.colcon_core.shell:create_environment_hook('tfg_package', 'ament_prefix_path')
[0.123s] INFO:colcon.colcon_core.shell:Creating environment hook '/home/aalbeerto-02/tfg_girs_ws/install/tfg_package/share/tfg_package/hook/ament_prefix_path.ps1'
[0.124s] INFO:colcon.colcon_core.shell:Creating environment descriptor '/home/aalbeerto-02/tfg_girs_ws/install/tfg_package/share/tfg_package/hook/ament_prefix_path.dsv'
[0.124s] INFO:colcon.colcon_core.shell:Creating environment hook '/home/aalbeerto-02/tfg_girs_ws/install/tfg_package/share/tfg_package/hook/ament_prefix_path.sh'
[0.124s] INFO:colcon.colcon_core.shell:Skip shell extension 'powershell' for command environment: Not usable outside of PowerShell
[0.124s] DEBUG:colcon.colcon_core.shell:Skip shell extension 'dsv' for command environment
[0.127s] DEBUG:colcon.colcon_core.event_handler.log_command:Invoking command in '/home/aalbeerto-02/tfg_girs_ws/build/tfg_interfaces': CMAKE_PREFIX_PATH=${CMAKE_PREFIX_PATH}:/home/aalbeerto-02/tfg_ws/install/tfg_package:/home/aalbeerto-02/tfg_ws/install/tfg_actions:/home/aalbeerto-02/tfg_ws/install/my_robot:/opt/ros/rolling DEBUGINFOD_URLS=https://debuginfod.ubuntu.com /usr/bin/cmake /home/aalbeerto-02/tfg_girs_ws/src/tfg_interfaces -DAMENT_CMAKE_SYMLINK_INSTALL=1 -DCMAKE_INSTALL_PREFIX=/home/aalbeerto-02/tfg_girs_ws/install/tfg_interfaces
[0.236s] INFO:colcon.colcon_core.task.python.build:Building Python package in '/home/aalbeerto-02/tfg_girs_ws/src/my_robot'
[0.236s] INFO:colcon.colcon_core.shell:Skip shell extension 'powershell' for command environment: Not usable outside of PowerShell
[0.236s] DEBUG:colcon.colcon_core.shell:Skip shell extension 'dsv' for command environment
[0.345s] INFO:colcon.colcon_core.task.python.build:Building Python package in '/home/aalbeerto-02/tfg_girs_ws/src/tfg_package'
[0.345s] INFO:colcon.colcon_core.shell:Skip shell extension 'powershell' for command environment: Not usable outside of PowerShell
[0.345s] DEBUG:colcon.colcon_core.shell:Skip shell extension 'dsv' for command environment
[0.622s] DEBUG:colcon.colcon_core.event_handler.log_command:Invoking command in '/home/aalbeerto-02/tfg_girs_ws/build/my_robot': DEBUGINFOD_URLS=https://debuginfod.ubuntu.com PYTHONPATH=/home/aalbeerto-02/tfg_girs_ws/build/my_robot/prefix_override:/usr/lib/python3/dist-packages/colcon_core/task/python/colcon_distutils_commands:/home/aalbeerto-02/tfg_girs_ws/install/my_robot/lib/python3.12/site-packages:${PYTHONPATH} /usr/bin/python3 -W ignore:setup.py install is deprecated -W ignore:easy_install command is deprecated setup.py develop --editable --build-directory /home/aalbeerto-02/tfg_girs_ws/build/my_robot/build --no-deps symlink_data
[0.631s] DEBUG:colcon.colcon_core.event_handler.log_command:Invoking command in '/home/aalbeerto-02/tfg_girs_ws/build/tfg_package': DEBUGINFOD_URLS=https://debuginfod.ubuntu.com PYTHONPATH=/home/aalbeerto-02/tfg_girs_ws/build/tfg_package/prefix_override:/usr/lib/python3/dist-packages/colcon_core/task/python/colcon_distutils_commands:/home/aalbeerto-02/tfg_girs_ws/install/tfg_package/lib/python3.12/site-packages:${PYTHONPATH} /usr/bin/python3 -W ignore:setup.py install is deprecated -W ignore:easy_install command is deprecated setup.py develop --editable --build-directory /home/aalbeerto-02/tfg_girs_ws/build/tfg_package/build --no-deps symlink_data
[0.918s] Level 1:colcon.colcon_core.shell:create_environment_hook('my_robot', 'pythonpath_develop')
[0.918s] INFO:colcon.colcon_core.shell:Creating environment hook '/home/aalbeerto-02/tfg_girs_ws/build/my_robot/share/my_robot/hook/pythonpath_develop.ps1'
[0.918s] DEBUG:colcon.colcon_core.event_handler.log_command:Invoked command in '/home/aalbeerto-02/tfg_girs_ws/build/my_robot' returned '0': DEBUGINFOD_URLS=https://debuginfod.ubuntu.com PYTHONPATH=/home/aalbeerto-02/tfg_girs_ws/build/my_robot/prefix_override:/usr/lib/python3/dist-packages/colcon_core/task/python/colcon_distutils_commands:/home/aalbeerto-02/tfg_girs_ws/install/my_robot/lib/python3.12/site-packages:${PYTHONPATH} /usr/bin/python3 -W ignore:setup.py install is deprecated -W ignore:easy_install command is deprecated setup.py develop --editable --build-directory /home/aalbeerto-02/tfg_girs_ws/build/my_robot/build --no-deps symlink_data
[0.918s] INFO:colcon.colcon_core.shell:Creating environment descriptor '/home/aalbeerto-02/tfg_girs_ws/build/my_robot/share/my_robot/hook/pythonpath_develop.dsv'
[0.919s] INFO:colcon.colcon_core.shell:Creating environment hook '/home/aalbeerto-02/tfg_girs_ws/build/my_robot/share/my_robot/hook/pythonpath_develop.sh'
[0.920s] Level 1:colcon.colcon_core.environment:checking '/home/aalbeerto-02/tfg_girs_ws/install/my_robot' for CMake module files
[0.921s] Level 1:colcon.colcon_core.environment:checking '/home/aalbeerto-02/tfg_girs_ws/install/my_robot' for CMake config files
[0.921s] Level 1:colcon.colcon_core.environment:checking '/home/aalbeerto-02/tfg_girs_ws/install/my_robot/lib'
[0.921s] Level 1:colcon.colcon_core.environment:checking '/home/aalbeerto-02/tfg_girs_ws/install/my_robot/bin'
[0.921s] Level 1:colcon.colcon_core.environment:checking '/home/aalbeerto-02/tfg_girs_ws/install/my_robot/lib/pkgconfig/my_robot.pc'
[0.921s] Level 1:colcon.colcon_core.environment:checking '/home/aalbeerto-02/tfg_girs_ws/install/my_robot/lib/python3.12/site-packages'
[0.922s] Level 1:colcon.colcon_core.shell:create_environment_hook('my_robot', 'pythonpath')
[0.922s] INFO:colcon.colcon_core.shell:Creating environment hook '/home/aalbeerto-02/tfg_girs_ws/install/my_robot/share/my_robot/hook/pythonpath.ps1'
[0.922s] INFO:colcon.colcon_core.shell:Creating environment descriptor '/home/aalbeerto-02/tfg_girs_ws/install/my_robot/share/my_robot/hook/pythonpath.dsv'
[0.922s] INFO:colcon.colcon_core.shell:Creating environment hook '/home/aalbeerto-02/tfg_girs_ws/install/my_robot/share/my_robot/hook/pythonpath.sh'
[0.923s] Level 1:colcon.colcon_core.environment:checking '/home/aalbeerto-02/tfg_girs_ws/install/my_robot/bin'
[0.923s] Level 1:colcon.colcon_core.environment:create_environment_scripts_only(my_robot)
[0.923s] INFO:colcon.colcon_core.shell:Creating package script '/home/aalbeerto-02/tfg_girs_ws/install/my_robot/share/my_robot/package.ps1'
[0.923s] INFO:colcon.colcon_core.shell:Creating package descriptor '/home/aalbeerto-02/tfg_girs_ws/install/my_robot/share/my_robot/package.dsv'
[0.924s] INFO:colcon.colcon_core.shell:Creating package script '/home/aalbeerto-02/tfg_girs_ws/install/my_robot/share/my_robot/package.sh'
[0.924s] INFO:colcon.colcon_core.shell:Creating package script '/home/aalbeerto-02/tfg_girs_ws/install/my_robot/share/my_robot/package.bash'
[0.925s] INFO:colcon.colcon_core.shell:Creating package script '/home/aalbeerto-02/tfg_girs_ws/install/my_robot/share/my_robot/package.zsh'
[0.925s] Level 1:colcon.colcon_core.environment:create_file_with_runtime_dependencies(/home/aalbeerto-02/tfg_girs_ws/install/my_robot/share/colcon-core/packages/my_robot)
[0.928s] Level 1:colcon.colcon_core.shell:create_environment_hook('tfg_package', 'pythonpath_develop')
[0.928s] INFO:colcon.colcon_core.shell:Creating environment hook '/home/aalbeerto-02/tfg_girs_ws/build/tfg_package/share/tfg_package/hook/pythonpath_develop.ps1'
[0.928s] DEBUG:colcon.colcon_core.event_handler.log_command:Invoked command in '/home/aalbeerto-02/tfg_girs_ws/build/tfg_package' returned '0': DEBUGINFOD_URLS=https://debuginfod.ubuntu.com PYTHONPATH=/home/aalbeerto-02/tfg_girs_ws/build/tfg_package/prefix_override:/usr/lib/python3/dist-packages/colcon_core/task/python/colcon_distutils_commands:/home/aalbeerto-02/tfg_girs_ws/install/tfg_package/lib/python3.12/site-packages:${PYTHONPATH} /usr/bin/python3 -W ignore:setup.py install is deprecated -W ignore:easy_install command is deprecated setup.py develop --editable --build-directory /home/aalbeerto-02/tfg_girs_ws/build/tfg_package/build --no-deps symlink_data
[0.928s] INFO:colcon.colcon_core.shell:Creating environment descriptor '/home/aalbeerto-02/tfg_girs_ws/build/tfg_package/share/tfg_package/hook/pythonpath_develop.dsv'
[0.929s] INFO:colcon.colcon_core.shell:Creating environment hook '/home/aalbeerto-02/tfg_girs_ws/build/tfg_package/share/tfg_package/hook/pythonpath_develop.sh'
[0.929s] Level 1:colcon.colcon_core.environment:checking '/home/aalbeerto-02/tfg_girs_ws/install/tfg_package' for CMake module files
[0.929s] Level 1:colcon.colcon_core.environment:checking '/home/aalbeerto-02/tfg_girs_ws/install/tfg_package' for CMake config files
[0.930s] Level 1:colcon.colcon_core.environment:checking '/home/aalbeerto-02/tfg_girs_ws/install/tfg_package/lib'
[0.930s] Level 1:colcon.colcon_core.environment:checking '/home/aalbeerto-02/tfg_girs_ws/install/tfg_package/bin'
[0.930s] Level 1:colcon.colcon_core.environment:checking '/home/aalbeerto-02/tfg_girs_ws/install/tfg_package/lib/pkgconfig/tfg_package.pc'
[0.930s] Level 1:colcon.colcon_core.environment:checking '/home/aalbeerto-02/tfg_girs_ws/install/tfg_package/lib/python3.12/site-packages'
[0.930s] Level 1:colcon.colcon_core.shell:create_environment_hook('tfg_package', 'pythonpath')
[0.930s] INFO:colcon.colcon_core.shell:Creating environment hook '/home/aalbeerto-02/tfg_girs_ws/install/tfg_package/share/tfg_package/hook/pythonpath.ps1'
[0.930s] INFO:colcon.colcon_core.shell:Creating environment descriptor '/home/aalbeerto-02/tfg_girs_ws/install/tfg_package/share/tfg_package/hook/pythonpath.dsv'
[0.930s] INFO:colcon.colcon_core.shell:Creating environment hook '/home/aalbeerto-02/tfg_girs_ws/install/tfg_package/share/tfg_package/hook/pythonpath.sh'
[0.931s] Level 1:colcon.colcon_core.environment:checking '/home/aalbeerto-02/tfg_girs_ws/install/tfg_package/bin'
[0.931s] Level 1:colcon.colcon_core.environment:create_environment_scripts_only(tfg_package)
[0.931s] INFO:colcon.colcon_core.shell:Creating package script '/home/aalbeerto-02/tfg_girs_ws/install/tfg_package/share/tfg_package/package.ps1'
[0.931s] INFO:colcon.colcon_core.shell:Creating package descriptor '/home/aalbeerto-02/tfg_girs_ws/install/tfg_package/share/tfg_package/package.dsv'
[0.931s] INFO:colcon.colcon_core.shell:Creating package script '/home/aalbeerto-02/tfg_girs_ws/install/tfg_package/share/tfg_package/package.sh'
[0.931s] INFO:colcon.colcon_core.shell:Creating package script '/home/aalbeerto-02/tfg_girs_ws/install/tfg_package/share/tfg_package/package.bash'
[0.931s] INFO:colcon.colcon_core.shell:Creating package script '/home/aalbeerto-02/tfg_girs_ws/install/tfg_package/share/tfg_package/package.zsh'
[0.931s] Level 1:colcon.colcon_core.environment:create_file_with_runtime_dependencies(/home/aalbeerto-02/tfg_girs_ws/install/tfg_package/share/colcon-core/packages/tfg_package)
[2.025s] DEBUG:colcon.colcon_core.event_handler.log_command:Invoked command in '/home/aalbeerto-02/tfg_girs_ws/build/tfg_interfaces' returned '0': CMAKE_PREFIX_PATH=${CMAKE_PREFIX_PATH}:/home/aalbeerto-02/tfg_ws/install/tfg_package:/home/aalbeerto-02/tfg_ws/install/tfg_actions:/home/aalbeerto-02/tfg_ws/install/my_robot:/opt/ros/rolling DEBUGINFOD_URLS=https://debuginfod.ubuntu.com /usr/bin/cmake /home/aalbeerto-02/tfg_girs_ws/src/tfg_interfaces -DAMENT_CMAKE_SYMLINK_INSTALL=1 -DCMAKE_INSTALL_PREFIX=/home/aalbeerto-02/tfg_girs_ws/install/tfg_interfaces
[2.026s] DEBUG:colcon.colcon_core.event_handler.log_command:Invoking command in '/home/aalbeerto-02/tfg_girs_ws/build/tfg_interfaces': CMAKE_PREFIX_PATH=${CMAKE_PREFIX_PATH}:/home/aalbeerto-02/tfg_ws/install/tfg_package:/home/aalbeerto-02/tfg_ws/install/tfg_actions:/home/aalbeerto-02/tfg_ws/install/my_robot:/opt/ros/rolling DEBUGINFOD_URLS=https://debuginfod.ubuntu.com /usr/bin/cmake --build /home/aalbeerto-02/tfg_girs_ws/build/tfg_interfaces -- -j28 -l28
[3.828s] DEBUG:colcon.colcon_core.event_handler.log_command:Invoked command in '/home/aalbeerto-02/tfg_girs_ws/build/tfg_interfaces' returned '0': CMAKE_PREFIX_PATH=${CMAKE_PREFIX_PATH}:/home/aalbeerto-02/tfg_ws/install/tfg_package:/home/aalbeerto-02/tfg_ws/install/tfg_actions:/home/aalbeerto-02/tfg_ws/install/my_robot:/opt/ros/rolling DEBUGINFOD_URLS=https://debuginfod.ubuntu.com /usr/bin/cmake --build /home/aalbeerto-02/tfg_girs_ws/build/tfg_interfaces -- -j28 -l28
[3.835s] DEBUG:colcon.colcon_core.event_handler.log_command:Invoking command in '/home/aalbeerto-02/tfg_girs_ws/build/tfg_interfaces': CMAKE_PREFIX_PATH=${CMAKE_PREFIX_PATH}:/home/aalbeerto-02/tfg_ws/install/tfg_package:/home/aalbeerto-02/tfg_ws/install/tfg_actions:/home/aalbeerto-02/tfg_ws/install/my_robot:/opt/ros/rolling DEBUGINFOD_URLS=https://debuginfod.ubuntu.com /usr/bin/cmake --install /home/aalbeerto-02/tfg_girs_ws/build/tfg_interfaces
[4.185s] Level 1:colcon.colcon_core.environment:create_environment_scripts_only(tfg_interfaces)
[4.185s] DEBUG:colcon.colcon_core.event_handler.log_command:Invoked command in '/home/aalbeerto-02/tfg_girs_ws/build/tfg_interfaces' returned '0': CMAKE_PREFIX_PATH=${CMAKE_PREFIX_PATH}:/home/aalbeerto-02/tfg_ws/install/tfg_package:/home/aalbeerto-02/tfg_ws/install/tfg_actions:/home/aalbeerto-02/tfg_ws/install/my_robot:/opt/ros/rolling DEBUGINFOD_URLS=https://debuginfod.ubuntu.com /usr/bin/cmake --install /home/aalbeerto-02/tfg_girs_ws/build/tfg_interfaces
[4.185s] Level 1:colcon.colcon_core.environment:checking '/home/aalbeerto-02/tfg_girs_ws/install/tfg_interfaces' for CMake module files
[4.186s] Level 1:colcon.colcon_core.environment:checking '/home/aalbeerto-02/tfg_girs_ws/install/tfg_interfaces' for CMake config files
[4.187s] Level 1:colcon.colcon_core.shell:create_environment_hook('tfg_interfaces', 'cmake_prefix_path')
[4.187s] INFO:colcon.colcon_core.shell:Creating environment hook '/home/aalbeerto-02/tfg_girs_ws/install/tfg_interfaces/share/tfg_interfaces/hook/cmake_prefix_path.ps1'
[4.187s] INFO:colcon.colcon_core.shell:Creating environment descriptor '/home/aalbeerto-02/tfg_girs_ws/install/tfg_interfaces/share/tfg_interfaces/hook/cmake_prefix_path.dsv'
[4.187s] INFO:colcon.colcon_core.shell:Creating environment hook '/home/aalbeerto-02/tfg_girs_ws/install/tfg_interfaces/share/tfg_interfaces/hook/cmake_prefix_path.sh'
[4.188s] Level 1:colcon.colcon_core.environment:checking '/home/aalbeerto-02/tfg_girs_ws/install/tfg_interfaces/lib'
[4.188s] Level 1:colcon.colcon_core.shell:create_environment_hook('tfg_interfaces', 'ld_library_path_lib')
[4.188s] INFO:colcon.colcon_core.shell:Creating environment hook '/home/aalbeerto-02/tfg_girs_ws/install/tfg_interfaces/share/tfg_interfaces/hook/ld_library_path_lib.ps1'
[4.188s] INFO:colcon.colcon_core.shell:Creating environment descriptor '/home/aalbeerto-02/tfg_girs_ws/install/tfg_interfaces/share/tfg_interfaces/hook/ld_library_path_lib.dsv'
[4.188s] INFO:colcon.colcon_core.shell:Creating environment hook '/home/aalbeerto-02/tfg_girs_ws/install/tfg_interfaces/share/tfg_interfaces/hook/ld_library_path_lib.sh'
[4.189s] Level 1:colcon.colcon_core.environment:checking '/home/aalbeerto-02/tfg_girs_ws/install/tfg_interfaces/bin'
[4.189s] Level 1:colcon.colcon_core.environment:checking '/home/aalbeerto-02/tfg_girs_ws/install/tfg_interfaces/lib/pkgconfig/tfg_interfaces.pc'
[4.189s] Level 1:colcon.colcon_core.environment:checking '/home/aalbeerto-02/tfg_girs_ws/install/tfg_interfaces/lib/python3.12/site-packages'
[4.189s] Level 1:colcon.colcon_core.shell:create_environment_hook('tfg_interfaces', 'pythonpath')
[4.189s] INFO:colcon.colcon_core.shell:Creating environment hook '/home/aalbeerto-02/tfg_girs_ws/install/tfg_interfaces/share/tfg_interfaces/hook/pythonpath.ps1'
[4.189s] INFO:colcon.colcon_core.shell:Creating environment descriptor '/home/aalbeerto-02/tfg_girs_ws/install/tfg_interfaces/share/tfg_interfaces/hook/pythonpath.dsv'
[4.189s] INFO:colcon.colcon_core.shell:Creating environment hook '/home/aalbeerto-02/tfg_girs_ws/install/tfg_interfaces/share/tfg_interfaces/hook/pythonpath.sh'
[4.189s] Level 1:colcon.colcon_core.environment:checking '/home/aalbeerto-02/tfg_girs_ws/install/tfg_interfaces/bin'
[4.190s] INFO:colcon.colcon_core.shell:Creating package script '/home/aalbeerto-02/tfg_girs_ws/install/tfg_interfaces/share/tfg_interfaces/package.ps1'
[4.190s] INFO:colcon.colcon_core.shell:Creating package descriptor '/home/aalbeerto-02/tfg_girs_ws/install/tfg_interfaces/share/tfg_interfaces/package.dsv'
[4.190s] INFO:colcon.colcon_core.shell:Creating package script '/home/aalbeerto-02/tfg_girs_ws/install/tfg_interfaces/share/tfg_interfaces/package.sh'
[4.190s] INFO:colcon.colcon_core.shell:Creating package script '/home/aalbeerto-02/tfg_girs_ws/install/tfg_interfaces/share/tfg_interfaces/package.bash'
[4.190s] INFO:colcon.colcon_core.shell:Creating package script '/home/aalbeerto-02/tfg_girs_ws/install/tfg_interfaces/share/tfg_interfaces/package.zsh'
[4.190s] Level 1:colcon.colcon_core.environment:create_file_with_runtime_dependencies(/home/aalbeerto-02/tfg_girs_ws/install/tfg_interfaces/share/colcon-core/packages/tfg_interfaces)
[4.191s] Level 1:colcon.colcon_core.environment:create_environment_scripts_only(tfg_interfaces)
[4.191s] Level 1:colcon.colcon_core.environment:checking '/home/aalbeerto-02/tfg_girs_ws/install/tfg_interfaces' for CMake module files
[4.191s] Level 1:colcon.colcon_core.environment:checking '/home/aalbeerto-02/tfg_girs_ws/install/tfg_interfaces' for CMake config files
[4.191s] Level 1:colcon.colcon_core.shell:create_environment_hook('tfg_interfaces', 'cmake_prefix_path')
[4.191s] INFO:colcon.colcon_core.shell:Creating environment hook '/home/aalbeerto-02/tfg_girs_ws/install/tfg_interfaces/share/tfg_interfaces/hook/cmake_prefix_path.ps1'
[4.191s] INFO:colcon.colcon_core.shell:Creating environment descriptor '/home/aalbeerto-02/tfg_girs_ws/install/tfg_interfaces/share/tfg_interfaces/hook/cmake_prefix_path.dsv'
[4.192s] INFO:colcon.colcon_core.shell:Creating environment hook '/home/aalbeerto-02/tfg_girs_ws/install/tfg_interfaces/share/tfg_interfaces/hook/cmake_prefix_path.sh'
[4.192s] Level 1:colcon.colcon_core.environment:checking '/home/aalbeerto-02/tfg_girs_ws/install/tfg_interfaces/lib'
[4.192s] Level 1:colcon.colcon_core.shell:create_environment_hook('tfg_interfaces', 'ld_library_path_lib')
[4.192s] INFO:colcon.colcon_core.shell:Creating environment hook '/home/aalbeerto-02/tfg_girs_ws/install/tfg_interfaces/share/tfg_interfaces/hook/ld_library_path_lib.ps1'
[4.192s] INFO:colcon.colcon_core.shell:Creating environment descriptor '/home/aalbeerto-02/tfg_girs_ws/install/tfg_interfaces/share/tfg_interfaces/hook/ld_library_path_lib.dsv'
[4.192s] INFO:colcon.colcon_core.shell:Creating environment hook '/home/aalbeerto-02/tfg_girs_ws/install/tfg_interfaces/share/tfg_interfaces/hook/ld_library_path_lib.sh'
[4.192s] Level 1:colcon.colcon_core.environment:checking '/home/aalbeerto-02/tfg_girs_ws/install/tfg_interfaces/bin'
[4.192s] Level 1:colcon.colcon_core.environment:checking '/home/aalbeerto-02/tfg_girs_ws/install/tfg_interfaces/lib/pkgconfig/tfg_interfaces.pc'
[4.192s] Level 1:colcon.colcon_core.environment:checking '/home/aalbeerto-02/tfg_girs_ws/install/tfg_interfaces/lib/python3.12/site-packages'
[4.192s] Level 1:colcon.colcon_core.shell:create_environment_hook('tfg_interfaces', 'pythonpath')
[4.192s] INFO:colcon.colcon_core.shell:Creating environment hook '/home/aalbeerto-02/tfg_girs_ws/install/tfg_interfaces/share/tfg_interfaces/hook/pythonpath.ps1'
[4.193s] INFO:colcon.colcon_core.shell:Creating environment descriptor '/home/aalbeerto-02/tfg_girs_ws/install/tfg_interfaces/share/tfg_interfaces/hook/pythonpath.dsv'
[4.193s] INFO:colcon.colcon_core.shell:Creating environment hook '/home/aalbeerto-02/tfg_girs_ws/install/tfg_interfaces/share/tfg_interfaces/hook/pythonpath.sh'
[4.193s] Level 1:colcon.colcon_core.environment:checking '/home/aalbeerto-02/tfg_girs_ws/install/tfg_interfaces/bin'
[4.193s] INFO:colcon.colcon_core.shell:Creating package script '/home/aalbeerto-02/tfg_girs_ws/install/tfg_interfaces/share/tfg_interfaces/package.ps1'
[4.193s] INFO:colcon.colcon_core.shell:Creating package descriptor '/home/aalbeerto-02/tfg_girs_ws/install/tfg_interfaces/share/tfg_interfaces/package.dsv'
[4.193s] INFO:colcon.colcon_core.shell:Creating package script '/home/aalbeerto-02/tfg_girs_ws/install/tfg_interfaces/share/tfg_interfaces/package.sh'
[4.194s] INFO:colcon.colcon_core.shell:Creating package script '/home/aalbeerto-02/tfg_girs_ws/install/tfg_interfaces/share/tfg_interfaces/package.bash'
[4.194s] INFO:colcon.colcon_core.shell:Creating package script '/home/aalbeerto-02/tfg_girs_ws/install/tfg_interfaces/share/tfg_interfaces/package.zsh'
[4.194s] Level 1:colcon.colcon_core.environment:create_file_with_runtime_dependencies(/home/aalbeerto-02/tfg_girs_ws/install/tfg_interfaces/share/colcon-core/packages/tfg_interfaces)
[4.194s] INFO:colcon.colcon_ros.task.ament_python.build:Building ROS package in '/home/aalbeerto-02/tfg_girs_ws/src/tfg_actions' with build type 'ament_python'
[4.194s] Level 1:colcon.colcon_core.shell:create_environment_hook('tfg_actions', 'ament_prefix_path')
[4.194s] INFO:colcon.colcon_core.shell:Creating environment hook '/home/aalbeerto-02/tfg_girs_ws/install/tfg_actions/share/tfg_actions/hook/ament_prefix_path.ps1'
[4.194s] INFO:colcon.colcon_core.shell:Creating environment descriptor '/home/aalbeerto-02/tfg_girs_ws/install/tfg_actions/share/tfg_actions/hook/ament_prefix_path.dsv'
[4.195s] INFO:colcon.colcon_core.shell:Creating environment hook '/home/aalbeerto-02/tfg_girs_ws/install/tfg_actions/share/tfg_actions/hook/ament_prefix_path.sh'
[4.195s] INFO:colcon.colcon_core.shell:Skip shell extension 'powershell' for command environment: Not usable outside of PowerShell
[4.195s] DEBUG:colcon.colcon_core.shell:Skip shell extension 'dsv' for command environment
[4.304s] INFO:colcon.colcon_core.task.python.build:Building Python package in '/home/aalbeerto-02/tfg_girs_ws/src/tfg_actions'
[4.304s] INFO:colcon.colcon_core.shell:Skip shell extension 'powershell' for command environment: Not usable outside of PowerShell
[4.304s] DEBUG:colcon.colcon_core.shell:Skip shell extension 'dsv' for command environment
[4.574s] DEBUG:colcon.colcon_core.event_handler.log_command:Invoking command in '/home/aalbeerto-02/tfg_girs_ws/build/tfg_actions': AMENT_PREFIX_PATH=/home/aalbeerto-02/tfg_girs_ws/install/tfg_interfaces:${AMENT_PREFIX_PATH} CMAKE_PREFIX_PATH=/home/aalbeerto-02/tfg_girs_ws/install/tfg_interfaces:${CMAKE_PREFIX_PATH} DEBUGINFOD_URLS=https://debuginfod.ubuntu.com LD_LIBRARY_PATH=/home/aalbeerto-02/tfg_girs_ws/install/tfg_interfaces/lib:${LD_LIBRARY_PATH} PYTHONPATH=/home/aalbeerto-02/tfg_girs_ws/build/tfg_actions/prefix_override:/usr/lib/python3/dist-packages/colcon_core/task/python/colcon_distutils_commands:/home/aalbeerto-02/tfg_girs_ws/install/tfg_actions/lib/python3.12/site-packages:/home/aalbeerto-02/tfg_girs_ws/install/tfg_interfaces/lib/python3.12/site-packages:${PYTHONPATH} /usr/bin/python3 -W ignore:setup.py install is deprecated -W ignore:easy_install command is deprecated setup.py develop --editable --build-directory /home/aalbeerto-02/tfg_girs_ws/build/tfg_actions/build --no-deps symlink_data
[4.864s] Level 1:colcon.colcon_core.shell:create_environment_hook('tfg_actions', 'pythonpath_develop')
[4.864s] INFO:colcon.colcon_core.shell:Creating environment hook '/home/aalbeerto-02/tfg_girs_ws/build/tfg_actions/share/tfg_actions/hook/pythonpath_develop.ps1'
[4.864s] DEBUG:colcon.colcon_core.event_handler.log_command:Invoked command in '/home/aalbeerto-02/tfg_girs_ws/build/tfg_actions' returned '0': AMENT_PREFIX_PATH=/home/aalbeerto-02/tfg_girs_ws/install/tfg_interfaces:${AMENT_PREFIX_PATH} CMAKE_PREFIX_PATH=/home/aalbeerto-02/tfg_girs_ws/install/tfg_interfaces:${CMAKE_PREFIX_PATH} DEBUGINFOD_URLS=https://debuginfod.ubuntu.com LD_LIBRARY_PATH=/home/aalbeerto-02/tfg_girs_ws/install/tfg_interfaces/lib:${LD_LIBRARY_PATH} PYTHONPATH=/home/aalbeerto-02/tfg_girs_ws/build/tfg_actions/prefix_override:/usr/lib/python3/dist-packages/colcon_core/task/python/colcon_distutils_commands:/home/aalbeerto-02/tfg_girs_ws/install/tfg_actions/lib/python3.12/site-packages:/home/aalbeerto-02/tfg_girs_ws/install/tfg_interfaces/lib/python3.12/site-packages:${PYTHONPATH} /usr/bin/python3 -W ignore:setup.py install is deprecated -W ignore:easy_install command is deprecated setup.py develop --editable --build-directory /home/aalbeerto-02/tfg_girs_ws/build/tfg_actions/build --no-deps symlink_data
[4.864s] INFO:colcon.colcon_core.shell:Creating environment descriptor '/home/aalbeerto-02/tfg_girs_ws/build/tfg_actions/share/tfg_actions/hook/pythonpath_develop.dsv'
[4.865s] INFO:colcon.colcon_core.shell:Creating environment hook '/home/aalbeerto-02/tfg_girs_ws/build/tfg_actions/share/tfg_actions/hook/pythonpath_develop.sh'
[4.865s] Level 1:colcon.colcon_core.environment:checking '/home/aalbeerto-02/tfg_girs_ws/install/tfg_actions' for CMake module files
[4.865s] Level 1:colcon.colcon_core.environment:checking '/home/aalbeerto-02/tfg_girs_ws/install/tfg_actions' for CMake config files
[4.865s] Level 1:colcon.colcon_core.environment:checking '/home/aalbeerto-02/tfg_girs_ws/install/tfg_actions/lib'
[4.865s] Level 1:colcon.colcon_core.environment:checking '/home/aalbeerto-02/tfg_girs_ws/install/tfg_actions/bin'
[4.865s] Level 1:colcon.colcon_core.environment:checking '/home/aalbeerto-02/tfg_girs_ws/install/tfg_actions/lib/pkgconfig/tfg_actions.pc'
[4.865s] Level 1:colcon.colcon_core.environment:checking '/home/aalbeerto-02/tfg_girs_ws/install/tfg_actions/lib/python3.12/site-packages'
[4.865s] Level 1:colcon.colcon_core.shell:create_environment_hook('tfg_actions', 'pythonpath')
[4.865s] INFO:colcon.colcon_core.shell:Creating environment hook '/home/aalbeerto-02/tfg_girs_ws/install/tfg_actions/share/tfg_actions/hook/pythonpath.ps1'
[4.866s] INFO:colcon.colcon_core.shell:Creating environment descriptor '/home/aalbeerto-02/tfg_girs_ws/install/tfg_actions/share/tfg_actions/hook/pythonpath.dsv'
[4.866s] INFO:colcon.colcon_core.shell:Creating environment hook '/home/aalbeerto-02/tfg_girs_ws/install/tfg_actions/share/tfg_actions/hook/pythonpath.sh'
[4.866s] Level 1:colcon.colcon_core.environment:checking '/home/aalbeerto-02/tfg_girs_ws/install/tfg_actions/bin'
[4.866s] Level 1:colcon.colcon_core.environment:create_environment_scripts_only(tfg_actions)
[4.866s] INFO:colcon.colcon_core.shell:Creating package script '/home/aalbeerto-02/tfg_girs_ws/install/tfg_actions/share/tfg_actions/package.ps1'
[4.866s] INFO:colcon.colcon_core.shell:Creating package descriptor '/home/aalbeerto-02/tfg_girs_ws/install/tfg_actions/share/tfg_actions/package.dsv'
[4.866s] INFO:colcon.colcon_core.shell:Creating package script '/home/aalbeerto-02/tfg_girs_ws/install/tfg_actions/share/tfg_actions/package.sh'
[4.867s] INFO:colcon.colcon_core.shell:Creating package script '/home/aalbeerto-02/tfg_girs_ws/install/tfg_actions/share/tfg_actions/package.bash'
[4.867s] INFO:colcon.colcon_core.shell:Creating package script '/home/aalbeerto-02/tfg_girs_ws/install/tfg_actions/share/tfg_actions/package.zsh'
[4.867s] Level 1:colcon.colcon_core.environment:create_file_with_runtime_dependencies(/home/aalbeerto-02/tfg_girs_ws/install/tfg_actions/share/colcon-core/packages/tfg_actions)
[4.867s] DEBUG:colcon.colcon_parallel_executor.executor.parallel:closing loop
[4.867s] DEBUG:colcon.colcon_parallel_executor.executor.parallel:loop closed
[4.867s] DEBUG:colcon.colcon_parallel_executor.executor.parallel:run_until_complete finished with '0'
[4.867s] DEBUG:colcon.colcon_core.event_reactor:joining thread
[4.870s] INFO:colcon.colcon_core.plugin_system:Skipping extension 'colcon_notification.desktop_notification.terminal_notifier': Not used on non-Darwin systems
[4.870s] INFO:colcon.colcon_core.plugin_system:Skipping extension 'colcon_notification.desktop_notification.win32': Not used on non-Windows systems
[4.870s] INFO:colcon.colcon_notification.desktop_notification:Sending desktop notification using 'notify2'
[4.878s] DEBUG:colcon.colcon_core.event_reactor:joined thread
[4.878s] INFO:colcon.colcon_core.shell:Creating prefix script '/home/aalbeerto-02/tfg_girs_ws/install/local_setup.ps1'
[4.878s] INFO:colcon.colcon_core.shell:Creating prefix util module '/home/aalbeerto-02/tfg_girs_ws/install/_local_setup_util_ps1.py'
[4.878s] INFO:colcon.colcon_core.shell:Creating prefix chain script '/home/aalbeerto-02/tfg_girs_ws/install/setup.ps1'
[4.879s] INFO:colcon.colcon_core.shell:Creating prefix script '/home/aalbeerto-02/tfg_girs_ws/install/local_setup.sh'
[4.879s] INFO:colcon.colcon_core.shell:Creating prefix util module '/home/aalbeerto-02/tfg_girs_ws/install/_local_setup_util_sh.py'
[4.879s] INFO:colcon.colcon_core.shell:Creating prefix chain script '/home/aalbeerto-02/tfg_girs_ws/install/setup.sh'
[4.880s] INFO:colcon.colcon_core.shell:Creating prefix script '/home/aalbeerto-02/tfg_girs_ws/install/local_setup.bash'
[4.880s] INFO:colcon.colcon_core.shell:Creating prefix chain script '/home/aalbeerto-02/tfg_girs_ws/install/setup.bash'
[4.880s] INFO:colcon.colcon_core.shell:Creating prefix script '/home/aalbeerto-02/tfg_girs_ws/install/local_setup.zsh'
[4.880s] INFO:colcon.colcon_core.shell:Creating prefix chain script '/home/aalbeerto-02/tfg_girs_ws/install/setup.zsh'
