[0.379s] Invoking command in '/home/aalbeerto-02/tfg_girs_ws/build/tfg_actions': AMENT_PREFIX_PATH=/home/aalbeerto-02/tfg_girs_ws/install/tfg_interfaces:${AMENT_PREFIX_PATH} CMAKE_PREFIX_PATH=/home/aalbeerto-02/tfg_girs_ws/install/tfg_interfaces:${CMAKE_PREFIX_PATH} DEBUGINFOD_URLS=https://debuginfod.ubuntu.com LD_LIBRARY_PATH=/home/aalbeerto-02/tfg_girs_ws/install/tfg_interfaces/lib:${LD_LIBRARY_PATH} PYTHONPATH=/home/aalbeerto-02/tfg_girs_ws/build/tfg_actions/prefix_override:/usr/lib/python3/dist-packages/colcon_core/task/python/colcon_distutils_commands:/home/aalbeerto-02/tfg_girs_ws/install/tfg_actions/lib/python3.12/site-packages:/home/aalbeerto-02/tfg_girs_ws/install/tfg_interfaces/lib/python3.12/site-packages:${PYTHONPATH} /usr/bin/python3 -W ignore:setup.py install is deprecated -W ignore:easy_install command is deprecated setup.py develop --editable --build-directory /home/aalbeerto-02/tfg_girs_ws/build/tfg_actions/build --no-deps symlink_data
[0.531s] running develop
[0.620s] running egg_info
[0.620s] creating tfg_actions.egg-info
[0.628s] writing tfg_actions.egg-info/PKG-INFO
[0.628s] writing dependency_links to tfg_actions.egg-info/dependency_links.txt
[0.629s] writing entry points to tfg_actions.egg-info/entry_points.txt
[0.629s] writing requirements to tfg_actions.egg-info/requires.txt
[0.629s] writing top-level names to tfg_actions.egg-info/top_level.txt
[0.629s] writing manifest file 'tfg_actions.egg-info/SOURCES.txt'
[0.646s] reading manifest file 'tfg_actions.egg-info/SOURCES.txt'
[0.646s] writing manifest file 'tfg_actions.egg-info/SOURCES.txt'
[0.656s] running build_ext
[0.656s] Creating /home/aalbeerto-02/tfg_girs_ws/install/tfg_actions/lib/python3.12/site-packages/tfg-actions.egg-link (link to .)
[0.656s] Installing count_until_client script to /home/aalbeerto-02/tfg_girs_ws/install/tfg_actions/lib/tfg_actions
[0.656s] Installing count_until_server script to /home/aalbeerto-02/tfg_girs_ws/install/tfg_actions/lib/tfg_actions
[0.656s] 
[0.656s] Installed /home/aalbeerto-02/tfg_girs_ws/build/tfg_actions
[0.656s] running symlink_data
[0.656s] creating /home/aalbeerto-02/tfg_girs_ws/install/tfg_actions/share/ament_index
[0.656s] creating /home/aalbeerto-02/tfg_girs_ws/install/tfg_actions/share/ament_index/resource_index
[0.656s] creating /home/aalbeerto-02/tfg_girs_ws/install/tfg_actions/share/ament_index/resource_index/packages
[0.656s] symbolically linking /home/aalbeerto-02/tfg_girs_ws/build/tfg_actions/resource/tfg_actions -> /home/aalbeerto-02/tfg_girs_ws/install/tfg_actions/share/ament_index/resource_index/packages
[0.656s] symbolically linking /home/aalbeerto-02/tfg_girs_ws/build/tfg_actions/package.xml -> /home/aalbeerto-02/tfg_girs_ws/install/tfg_actions/share/tfg_actions
[0.670s] Invoked command in '/home/aalbeerto-02/tfg_girs_ws/build/tfg_actions' returned '0': AMENT_PREFIX_PATH=/home/aalbeerto-02/tfg_girs_ws/install/tfg_interfaces:${AMENT_PREFIX_PATH} CMAKE_PREFIX_PATH=/home/aalbeerto-02/tfg_girs_ws/install/tfg_interfaces:${CMAKE_PREFIX_PATH} DEBUGINFOD_URLS=https://debuginfod.ubuntu.com LD_LIBRARY_PATH=/home/aalbeerto-02/tfg_girs_ws/install/tfg_interfaces/lib:${LD_LIBRARY_PATH} PYTHONPATH=/home/aalbeerto-02/tfg_girs_ws/build/tfg_actions/prefix_override:/usr/lib/python3/dist-packages/colcon_core/task/python/colcon_distutils_commands:/home/aalbeerto-02/tfg_girs_ws/install/tfg_actions/lib/python3.12/site-packages:/home/aalbeerto-02/tfg_girs_ws/install/tfg_interfaces/lib/python3.12/site-packages:${PYTHONPATH} /usr/bin/python3 -W ignore:setup.py install is deprecated -W ignore:easy_install command is deprecated setup.py develop --editable --build-directory /home/aalbeerto-02/tfg_girs_ws/build/tfg_actions/build --no-deps symlink_data
